## SLURM PROLOG ###############################################################
##    Job ID : 114247
##  Job Name : dask-worker
##  Nodelist : node1836
##      CPUs : 1
##  Mem/Node : 96256 MB
## Directory : /gpfs/home/ntolley/Jones_Lab/sbi_hnn_github/code/beta
##   Started : Wed Jan 13 17:38:45 EST 2021
###############################################################################
distributed.nanny - INFO -         Start Nanny at: 'tcp://172.20.214.36:37108'
distributed.nanny - INFO -         Start Nanny at: 'tcp://172.20.214.36:46107'
distributed.nanny - INFO -         Start Nanny at: 'tcp://172.20.214.36:35723'
distributed.nanny - INFO -         Start Nanny at: 'tcp://172.20.214.36:37609'
distributed.nanny - INFO -         Start Nanny at: 'tcp://172.20.214.36:39386'
distributed.nanny - INFO -         Start Nanny at: 'tcp://172.20.214.36:34584'
distributed.nanny - INFO -         Start Nanny at: 'tcp://172.20.214.36:45940'
distributed.nanny - INFO -         Start Nanny at: 'tcp://172.20.214.36:43865'
distributed.nanny - INFO -         Start Nanny at: 'tcp://172.20.214.36:42380'
distributed.nanny - INFO -         Start Nanny at: 'tcp://172.20.214.36:38900'
distributed.nanny - INFO -         Start Nanny at: 'tcp://172.20.214.36:33887'
distributed.nanny - INFO -         Start Nanny at: 'tcp://172.20.214.36:32935'
distributed.nanny - INFO -         Start Nanny at: 'tcp://172.20.214.36:43117'
distributed.nanny - INFO -         Start Nanny at: 'tcp://172.20.214.36:33108'
distributed.nanny - INFO -         Start Nanny at: 'tcp://172.20.214.36:42811'
distributed.nanny - INFO -         Start Nanny at: 'tcp://172.20.214.36:39082'
distributed.nanny - INFO -         Start Nanny at: 'tcp://172.20.214.36:35271'
distributed.nanny - INFO -         Start Nanny at: 'tcp://172.20.214.36:39118'
distributed.nanny - INFO -         Start Nanny at: 'tcp://172.20.214.36:42151'
distributed.nanny - INFO -         Start Nanny at: 'tcp://172.20.214.36:33603'
distributed.nanny - INFO -         Start Nanny at: 'tcp://172.20.214.36:38891'
distributed.nanny - INFO -         Start Nanny at: 'tcp://172.20.214.36:44715'
distributed.nanny - INFO -         Start Nanny at: 'tcp://172.20.214.36:40754'
distributed.nanny - INFO -         Start Nanny at: 'tcp://172.20.214.36:41176'
distributed.nanny - INFO -         Start Nanny at: 'tcp://172.20.214.36:42604'
distributed.nanny - INFO -         Start Nanny at: 'tcp://172.20.214.36:46792'
distributed.nanny - INFO -         Start Nanny at: 'tcp://172.20.214.36:34855'
distributed.nanny - INFO -         Start Nanny at: 'tcp://172.20.214.36:46541'
distributed.nanny - INFO -         Start Nanny at: 'tcp://172.20.214.36:34100'
distributed.nanny - INFO -         Start Nanny at: 'tcp://172.20.214.36:42665'
distributed.nanny - INFO -         Start Nanny at: 'tcp://172.20.214.36:34734'
distributed.nanny - INFO -         Start Nanny at: 'tcp://172.20.214.36:41850'
distributed.nanny - INFO -         Start Nanny at: 'tcp://172.20.214.36:40072'
distributed.nanny - INFO -         Start Nanny at: 'tcp://172.20.214.36:35981'
distributed.nanny - INFO -         Start Nanny at: 'tcp://172.20.214.36:36875'
distributed.nanny - INFO -         Start Nanny at: 'tcp://172.20.214.36:46372'
distributed.nanny - INFO -         Start Nanny at: 'tcp://172.20.214.36:36272'
distributed.nanny - INFO -         Start Nanny at: 'tcp://172.20.214.36:39609'
distributed.nanny - INFO -         Start Nanny at: 'tcp://172.20.214.36:35327'
distributed.nanny - INFO -         Start Nanny at: 'tcp://172.20.214.36:44028'
distributed.nanny - INFO -         Start Nanny at: 'tcp://172.20.214.36:37892'
distributed.nanny - INFO -         Start Nanny at: 'tcp://172.20.214.36:43758'
distributed.diskutils - INFO - Found stale lock file and directory '/gpfs/home/ntolley/Jones_Lab/sbi_hnn_github/code/beta/dask-worker-space/dask-worker-space/worker-wa0_8h56', purging
distributed.diskutils - INFO - Found stale lock file and directory '/gpfs/home/ntolley/Jones_Lab/sbi_hnn_github/code/beta/dask-worker-space/dask-worker-space/worker-0wu4mlet', purging
distributed.diskutils - INFO - Found stale lock file and directory '/gpfs/home/ntolley/Jones_Lab/sbi_hnn_github/code/beta/dask-worker-space/dask-worker-space/worker-_ezs_sm7', purging
distributed.diskutils - INFO - Found stale lock file and directory '/gpfs/home/ntolley/Jones_Lab/sbi_hnn_github/code/beta/dask-worker-space/dask-worker-space/worker-_iw_gi4h', purging
distributed.diskutils - INFO - Found stale lock file and directory '/gpfs/home/ntolley/Jones_Lab/sbi_hnn_github/code/beta/dask-worker-space/dask-worker-space/worker-pvb6ykk6', purging
distributed.worker - INFO -       Start worker at:  tcp://172.20.214.36:46557
distributed.worker - INFO -          Listening to:  tcp://172.20.214.36:46557
distributed.worker - INFO -          dashboard at:        172.20.214.36:39993
distributed.worker - INFO - Waiting to connect to:  tcp://172.20.209.13:43865
distributed.worker - INFO - -------------------------------------------------
distributed.worker - INFO -               Threads:                          1
distributed.worker - INFO -                Memory:                    2.38 GB
distributed.worker - INFO -       Local Directory: /gpfs/home/ntolley/Jones_Lab/sbi_hnn_github/code/beta/dask-worker-space/dask-worker-space/worker-z08zi1tp
distributed.worker - INFO - -------------------------------------------------
distributed.worker - INFO -         Registered to:  tcp://172.20.209.13:43865
distributed.worker - INFO - -------------------------------------------------
distributed.core - INFO - Starting established connection
distributed.worker - INFO -       Start worker at:  tcp://172.20.214.36:46055
distributed.worker - INFO -          Listening to:  tcp://172.20.214.36:46055
distributed.worker - INFO -          dashboard at:        172.20.214.36:41025
distributed.worker - INFO - Waiting to connect to:  tcp://172.20.209.13:43865
distributed.worker - INFO - -------------------------------------------------
distributed.worker - INFO -               Threads:                          1
distributed.worker - INFO -                Memory:                    2.38 GB
distributed.worker - INFO -       Local Directory: /gpfs/home/ntolley/Jones_Lab/sbi_hnn_github/code/beta/dask-worker-space/dask-worker-space/worker-oytdsgb_
distributed.worker - INFO - -------------------------------------------------
distributed.worker - INFO -       Start worker at:  tcp://172.20.214.36:36255
distributed.worker - INFO -          Listening to:  tcp://172.20.214.36:36255
distributed.worker - INFO -          dashboard at:        172.20.214.36:36339
distributed.worker - INFO - Waiting to connect to:  tcp://172.20.209.13:43865
distributed.worker - INFO - -------------------------------------------------
distributed.worker - INFO -               Threads:                          1
distributed.worker - INFO -                Memory:                    2.38 GB
distributed.worker - INFO -       Local Directory: /gpfs/home/ntolley/Jones_Lab/sbi_hnn_github/code/beta/dask-worker-space/dask-worker-space/worker-ugmk2a6m
distributed.worker - INFO - -------------------------------------------------
distributed.worker - INFO -         Registered to:  tcp://172.20.209.13:43865
distributed.worker - INFO - -------------------------------------------------
distributed.core - INFO - Starting established connection
distributed.worker - INFO -         Registered to:  tcp://172.20.209.13:43865
distributed.worker - INFO - -------------------------------------------------
distributed.core - INFO - Starting established connection
distributed.worker - INFO -       Start worker at:  tcp://172.20.214.36:38142
distributed.worker - INFO -          Listening to:  tcp://172.20.214.36:38142
distributed.worker - INFO -          dashboard at:        172.20.214.36:42763
distributed.worker - INFO - Waiting to connect to:  tcp://172.20.209.13:43865
distributed.worker - INFO - -------------------------------------------------
distributed.worker - INFO -               Threads:                          1
distributed.worker - INFO -                Memory:                    2.38 GB
distributed.worker - INFO -       Local Directory: /gpfs/home/ntolley/Jones_Lab/sbi_hnn_github/code/beta/dask-worker-space/dask-worker-space/worker-n_wti0kk
distributed.worker - INFO - -------------------------------------------------
distributed.worker - INFO -         Registered to:  tcp://172.20.209.13:43865
distributed.worker - INFO - -------------------------------------------------
distributed.core - INFO - Starting established connection
distributed.worker - INFO -       Start worker at:  tcp://172.20.214.36:46210
distributed.worker - INFO -          Listening to:  tcp://172.20.214.36:46210
distributed.worker - INFO -          dashboard at:        172.20.214.36:36452
distributed.worker - INFO - Waiting to connect to:  tcp://172.20.209.13:43865
distributed.worker - INFO - -------------------------------------------------
distributed.worker - INFO -               Threads:                          1
distributed.worker - INFO -                Memory:                    2.38 GB
distributed.worker - INFO -       Local Directory: /gpfs/home/ntolley/Jones_Lab/sbi_hnn_github/code/beta/dask-worker-space/dask-worker-space/worker-j42i1ozp
distributed.worker - INFO - -------------------------------------------------
distributed.worker - INFO -       Start worker at:  tcp://172.20.214.36:44584
distributed.worker - INFO -          Listening to:  tcp://172.20.214.36:44584
distributed.worker - INFO -          dashboard at:        172.20.214.36:45272
distributed.worker - INFO - Waiting to connect to:  tcp://172.20.209.13:43865
distributed.worker - INFO - -------------------------------------------------
distributed.worker - INFO -               Threads:                          1
distributed.worker - INFO -                Memory:                    2.38 GB
distributed.worker - INFO -       Local Directory: /gpfs/home/ntolley/Jones_Lab/sbi_hnn_github/code/beta/dask-worker-space/dask-worker-space/worker-9_2l2gwa
distributed.worker - INFO - -------------------------------------------------
distributed.worker - INFO -       Start worker at:  tcp://172.20.214.36:46850
distributed.worker - INFO -          Listening to:  tcp://172.20.214.36:46850
distributed.worker - INFO -          dashboard at:        172.20.214.36:42650
distributed.worker - INFO - Waiting to connect to:  tcp://172.20.209.13:43865
distributed.worker - INFO - -------------------------------------------------
distributed.worker - INFO -               Threads:                          1
distributed.worker - INFO -                Memory:                    2.38 GB
distributed.worker - INFO -       Local Directory: /gpfs/home/ntolley/Jones_Lab/sbi_hnn_github/code/beta/dask-worker-space/dask-worker-space/worker-yd6harjv
distributed.worker - INFO - -------------------------------------------------
distributed.worker - INFO -       Start worker at:  tcp://172.20.214.36:42647
distributed.worker - INFO -          Listening to:  tcp://172.20.214.36:42647
distributed.worker - INFO -          dashboard at:        172.20.214.36:44173
distributed.worker - INFO - Waiting to connect to:  tcp://172.20.209.13:43865
distributed.worker - INFO - -------------------------------------------------
distributed.worker - INFO -               Threads:                          1
distributed.worker - INFO -                Memory:                    2.38 GB
distributed.worker - INFO -       Local Directory: /gpfs/home/ntolley/Jones_Lab/sbi_hnn_github/code/beta/dask-worker-space/dask-worker-space/worker-fbuaxjs7
distributed.worker - INFO - -------------------------------------------------
distributed.worker - INFO -         Registered to:  tcp://172.20.209.13:43865
distributed.worker - INFO - -------------------------------------------------
distributed.core - INFO - Starting established connection
distributed.worker - INFO -         Registered to:  tcp://172.20.209.13:43865
distributed.worker - INFO - -------------------------------------------------
distributed.core - INFO - Starting established connection
distributed.worker - INFO -       Start worker at:  tcp://172.20.214.36:38220
distributed.worker - INFO -          Listening to:  tcp://172.20.214.36:38220
distributed.worker - INFO -          dashboard at:        172.20.214.36:40184
distributed.worker - INFO - Waiting to connect to:  tcp://172.20.209.13:43865
distributed.worker - INFO - -------------------------------------------------
distributed.worker - INFO -               Threads:                          1
distributed.worker - INFO -                Memory:                    2.38 GB
distributed.worker - INFO -       Local Directory: /gpfs/home/ntolley/Jones_Lab/sbi_hnn_github/code/beta/dask-worker-space/dask-worker-space/worker-udjtzr4c
distributed.worker - INFO - -------------------------------------------------
distributed.worker - INFO -         Registered to:  tcp://172.20.209.13:43865
distributed.worker - INFO - -------------------------------------------------
distributed.core - INFO - Starting established connection
distributed.worker - INFO -         Registered to:  tcp://172.20.209.13:43865
distributed.worker - INFO - -------------------------------------------------
distributed.core - INFO - Starting established connection
distributed.worker - INFO -       Start worker at:  tcp://172.20.214.36:33590
distributed.worker - INFO -          Listening to:  tcp://172.20.214.36:33590
distributed.worker - INFO -          dashboard at:        172.20.214.36:34461
distributed.worker - INFO - Waiting to connect to:  tcp://172.20.209.13:43865
distributed.worker - INFO - -------------------------------------------------
distributed.worker - INFO -               Threads:                          1
distributed.worker - INFO -                Memory:                    2.38 GB
distributed.worker - INFO -       Local Directory: /gpfs/home/ntolley/Jones_Lab/sbi_hnn_github/code/beta/dask-worker-space/dask-worker-space/worker-m92bldta
distributed.worker - INFO - -------------------------------------------------
distributed.worker - INFO -       Start worker at:  tcp://172.20.214.36:39117
distributed.worker - INFO -          Listening to:  tcp://172.20.214.36:39117
distributed.worker - INFO -          dashboard at:        172.20.214.36:36750
distributed.worker - INFO - Waiting to connect to:  tcp://172.20.209.13:43865
distributed.worker - INFO - -------------------------------------------------
distributed.worker - INFO -               Threads:                          1
distributed.worker - INFO -                Memory:                    2.38 GB
distributed.worker - INFO -       Local Directory: /gpfs/home/ntolley/Jones_Lab/sbi_hnn_github/code/beta/dask-worker-space/dask-worker-space/worker-1ltdx_ah
distributed.worker - INFO - -------------------------------------------------
distributed.worker - INFO -         Registered to:  tcp://172.20.209.13:43865
distributed.worker - INFO - -------------------------------------------------
distributed.core - INFO - Starting established connection
distributed.worker - INFO -       Start worker at:  tcp://172.20.214.36:39928
distributed.worker - INFO -          Listening to:  tcp://172.20.214.36:39928
distributed.worker - INFO -          dashboard at:        172.20.214.36:40881
distributed.worker - INFO - Waiting to connect to:  tcp://172.20.209.13:43865
distributed.worker - INFO - -------------------------------------------------
distributed.worker - INFO -               Threads:                          1
distributed.worker - INFO -                Memory:                    2.38 GB
distributed.worker - INFO -       Local Directory: /gpfs/home/ntolley/Jones_Lab/sbi_hnn_github/code/beta/dask-worker-space/dask-worker-space/worker-_ut9vkke
distributed.worker - INFO - -------------------------------------------------
distributed.worker - INFO -       Start worker at:  tcp://172.20.214.36:43141
distributed.worker - INFO -          Listening to:  tcp://172.20.214.36:43141
distributed.worker - INFO -          dashboard at:        172.20.214.36:46684
distributed.worker - INFO - Waiting to connect to:  tcp://172.20.209.13:43865
distributed.worker - INFO - -------------------------------------------------
distributed.worker - INFO -               Threads:                          1
distributed.worker - INFO -                Memory:                    2.38 GB
distributed.worker - INFO -       Local Directory: /gpfs/home/ntolley/Jones_Lab/sbi_hnn_github/code/beta/dask-worker-space/dask-worker-space/worker-tjgboluz
distributed.worker - INFO - -------------------------------------------------
distributed.worker - INFO -       Start worker at:  tcp://172.20.214.36:39783
distributed.worker - INFO -       Start worker at:  tcp://172.20.214.36:42752
distributed.worker - INFO -          Listening to:  tcp://172.20.214.36:39783
distributed.worker - INFO -          dashboard at:        172.20.214.36:33139
distributed.worker - INFO -          Listening to:  tcp://172.20.214.36:42752
distributed.worker - INFO -          dashboard at:        172.20.214.36:32932
distributed.worker - INFO - Waiting to connect to:  tcp://172.20.209.13:43865
distributed.worker - INFO - Waiting to connect to:  tcp://172.20.209.13:43865
distributed.worker - INFO - -------------------------------------------------
distributed.worker - INFO - -------------------------------------------------
distributed.worker - INFO -               Threads:                          1
distributed.worker - INFO -               Threads:                          1
distributed.worker - INFO -                Memory:                    2.38 GB
distributed.worker - INFO -       Local Directory: /gpfs/home/ntolley/Jones_Lab/sbi_hnn_github/code/beta/dask-worker-space/dask-worker-space/worker-h5y6_pqo
distributed.worker - INFO -                Memory:                    2.38 GB
distributed.worker - INFO -       Local Directory: /gpfs/home/ntolley/Jones_Lab/sbi_hnn_github/code/beta/dask-worker-space/dask-worker-space/worker-15ht22vr
distributed.worker - INFO - -------------------------------------------------
distributed.worker - INFO - -------------------------------------------------
distributed.worker - INFO -       Start worker at:  tcp://172.20.214.36:42785
distributed.worker - INFO -          Listening to:  tcp://172.20.214.36:42785
distributed.worker - INFO -          dashboard at:        172.20.214.36:36484
distributed.worker - INFO - Waiting to connect to:  tcp://172.20.209.13:43865
distributed.worker - INFO - -------------------------------------------------
distributed.worker - INFO -               Threads:                          1
distributed.worker - INFO -                Memory:                    2.38 GB
distributed.worker - INFO -       Local Directory: /gpfs/home/ntolley/Jones_Lab/sbi_hnn_github/code/beta/dask-worker-space/dask-worker-space/worker-tf3smyve
distributed.worker - INFO - -------------------------------------------------
distributed.worker - INFO -         Registered to:  tcp://172.20.209.13:43865
distributed.worker - INFO - -------------------------------------------------
distributed.core - INFO - Starting established connection
distributed.worker - INFO -         Registered to:  tcp://172.20.209.13:43865
distributed.worker - INFO - -------------------------------------------------
distributed.core - INFO - Starting established connection
distributed.worker - INFO -         Registered to:  tcp://172.20.209.13:43865
distributed.worker - INFO - -------------------------------------------------
distributed.core - INFO - Starting established connection
distributed.worker - INFO -         Registered to:  tcp://172.20.209.13:43865
distributed.worker - INFO - -------------------------------------------------
distributed.core - INFO - Starting established connection
distributed.worker - INFO -       Start worker at:  tcp://172.20.214.36:43227
distributed.worker - INFO -          Listening to:  tcp://172.20.214.36:43227
distributed.worker - INFO -       Start worker at:  tcp://172.20.214.36:38041
distributed.worker - INFO -          dashboard at:        172.20.214.36:45586
distributed.worker - INFO - Waiting to connect to:  tcp://172.20.209.13:43865
distributed.worker - INFO - -------------------------------------------------
distributed.worker - INFO -          Listening to:  tcp://172.20.214.36:38041
distributed.worker - INFO -               Threads:                          1
distributed.worker - INFO -                Memory:                    2.38 GB
distributed.worker - INFO -          dashboard at:        172.20.214.36:45425
distributed.worker - INFO -       Local Directory: /gpfs/home/ntolley/Jones_Lab/sbi_hnn_github/code/beta/dask-worker-space/dask-worker-space/worker-5polg9qd
distributed.worker - INFO - Waiting to connect to:  tcp://172.20.209.13:43865
distributed.worker - INFO - -------------------------------------------------
distributed.worker - INFO - -------------------------------------------------
distributed.worker - INFO -               Threads:                          1
distributed.worker - INFO -       Start worker at:  tcp://172.20.214.36:43288
distributed.worker - INFO -                Memory:                    2.38 GB
distributed.worker - INFO -       Local Directory: /gpfs/home/ntolley/Jones_Lab/sbi_hnn_github/code/beta/dask-worker-space/dask-worker-space/worker-2g4exzxt
distributed.worker - INFO - -------------------------------------------------
distributed.worker - INFO -          Listening to:  tcp://172.20.214.36:43288
distributed.worker - INFO -          dashboard at:        172.20.214.36:35061
distributed.worker - INFO - Waiting to connect to:  tcp://172.20.209.13:43865
distributed.worker - INFO - -------------------------------------------------
distributed.worker - INFO -               Threads:                          1
distributed.worker - INFO -                Memory:                    2.38 GB
distributed.worker - INFO -       Local Directory: /gpfs/home/ntolley/Jones_Lab/sbi_hnn_github/code/beta/dask-worker-space/dask-worker-space/worker-fh7m1uj0
distributed.worker - INFO - -------------------------------------------------
distributed.worker - INFO -       Start worker at:  tcp://172.20.214.36:39294
distributed.worker - INFO -          Listening to:  tcp://172.20.214.36:39294
distributed.worker - INFO -          dashboard at:        172.20.214.36:36459
distributed.worker - INFO - Waiting to connect to:  tcp://172.20.209.13:43865
distributed.worker - INFO - -------------------------------------------------
distributed.worker - INFO -               Threads:                          1
distributed.worker - INFO -                Memory:                    2.38 GB
distributed.worker - INFO -       Local Directory: /gpfs/home/ntolley/Jones_Lab/sbi_hnn_github/code/beta/dask-worker-space/dask-worker-space/worker-75demo_w
distributed.worker - INFO - -------------------------------------------------
distributed.worker - INFO -       Start worker at:  tcp://172.20.214.36:44616
distributed.worker - INFO -          Listening to:  tcp://172.20.214.36:44616
distributed.worker - INFO -          dashboard at:        172.20.214.36:43093
distributed.worker - INFO - Waiting to connect to:  tcp://172.20.209.13:43865
distributed.worker - INFO - -------------------------------------------------
distributed.worker - INFO -               Threads:                          1
distributed.worker - INFO -                Memory:                    2.38 GB
distributed.worker - INFO -       Local Directory: /gpfs/home/ntolley/Jones_Lab/sbi_hnn_github/code/beta/dask-worker-space/dask-worker-space/worker-ki9n4w9f
distributed.worker - INFO - -------------------------------------------------
distributed.worker - INFO -         Registered to:  tcp://172.20.209.13:43865
distributed.worker - INFO - -------------------------------------------------
distributed.core - INFO - Starting established connection
distributed.worker - INFO -       Start worker at:  tcp://172.20.214.36:33935
distributed.worker - INFO -          Listening to:  tcp://172.20.214.36:33935
distributed.worker - INFO -          dashboard at:        172.20.214.36:37115
distributed.worker - INFO - Waiting to connect to:  tcp://172.20.209.13:43865
distributed.worker - INFO - -------------------------------------------------
distributed.worker - INFO -               Threads:                          1
distributed.worker - INFO -                Memory:                    2.38 GB
distributed.worker - INFO -       Start worker at:  tcp://172.20.214.36:34170
distributed.worker - INFO -       Local Directory: /gpfs/home/ntolley/Jones_Lab/sbi_hnn_github/code/beta/dask-worker-space/dask-worker-space/worker-f0umppor
distributed.worker - INFO - -------------------------------------------------
distributed.worker - INFO -          Listening to:  tcp://172.20.214.36:34170
distributed.worker - INFO -          dashboard at:        172.20.214.36:37480
distributed.worker - INFO - Waiting to connect to:  tcp://172.20.209.13:43865
distributed.worker - INFO - -------------------------------------------------
distributed.worker - INFO -               Threads:                          1
distributed.worker - INFO -                Memory:                    2.38 GB
distributed.worker - INFO -       Local Directory: /gpfs/home/ntolley/Jones_Lab/sbi_hnn_github/code/beta/dask-worker-space/dask-worker-space/worker-quxnrntd
distributed.worker - INFO - -------------------------------------------------
/users/ntolley/anaconda/sbi/lib/python3.7/contextlib.py:119: UserWarning: Creating scratch directories is taking a surprisingly long time. This is often due to running workers on a network file system. Consider specifying a local-directory to point workers to write scratch data to a local disk.
  next(self.gen)
distributed.worker - INFO -       Start worker at:  tcp://172.20.214.36:43374
distributed.worker - INFO -          Listening to:  tcp://172.20.214.36:43374
distributed.worker - INFO -          dashboard at:        172.20.214.36:39612
distributed.worker - INFO - Waiting to connect to:  tcp://172.20.209.13:43865
distributed.worker - INFO - -------------------------------------------------
distributed.worker - INFO -               Threads:                          1
distributed.worker - INFO -                Memory:                    2.38 GB
distributed.worker - INFO -       Local Directory: /gpfs/home/ntolley/Jones_Lab/sbi_hnn_github/code/beta/dask-worker-space/dask-worker-space/worker-1n_m_nhh
distributed.worker - INFO - -------------------------------------------------
distributed.worker - INFO -         Registered to:  tcp://172.20.209.13:43865
distributed.worker - INFO - -------------------------------------------------
distributed.worker - INFO -       Start worker at:  tcp://172.20.214.36:43435
distributed.worker - INFO -          Listening to:  tcp://172.20.214.36:43435
distributed.worker - INFO -          dashboard at:        172.20.214.36:45056
distributed.worker - INFO - Waiting to connect to:  tcp://172.20.209.13:43865
distributed.worker - INFO - -------------------------------------------------
distributed.core - INFO - Starting established connection
distributed.worker - INFO -               Threads:                          1
distributed.worker - INFO -                Memory:                    2.38 GB
distributed.worker - INFO -       Local Directory: /gpfs/home/ntolley/Jones_Lab/sbi_hnn_github/code/beta/dask-worker-space/dask-worker-space/worker-e91dxiz7
distributed.worker - INFO - -------------------------------------------------
distributed.worker - INFO -       Start worker at:  tcp://172.20.214.36:35631
distributed.worker - INFO -          Listening to:  tcp://172.20.214.36:35631
distributed.worker - INFO -          dashboard at:        172.20.214.36:34957
distributed.worker - INFO - Waiting to connect to:  tcp://172.20.209.13:43865
distributed.worker - INFO - -------------------------------------------------
distributed.worker - INFO -               Threads:                          1
distributed.worker - INFO -                Memory:                    2.38 GB
distributed.worker - INFO -       Local Directory: /gpfs/home/ntolley/Jones_Lab/sbi_hnn_github/code/beta/dask-worker-space/dask-worker-space/worker-gasx9ab0
distributed.worker - INFO - -------------------------------------------------
distributed.worker - INFO -         Registered to:  tcp://172.20.209.13:43865
distributed.worker - INFO - -------------------------------------------------
distributed.core - INFO - Starting established connection
distributed.worker - INFO -       Start worker at:  tcp://172.20.214.36:36006
distributed.worker - INFO -          Listening to:  tcp://172.20.214.36:36006
distributed.worker - INFO -          dashboard at:        172.20.214.36:39375
distributed.worker - INFO - Waiting to connect to:  tcp://172.20.209.13:43865
distributed.worker - INFO - -------------------------------------------------
distributed.worker - INFO -               Threads:                          1
distributed.worker - INFO -                Memory:                    2.38 GB
distributed.worker - INFO -       Local Directory: /gpfs/home/ntolley/Jones_Lab/sbi_hnn_github/code/beta/dask-worker-space/dask-worker-space/worker-g2aav1u5
distributed.worker - INFO - -------------------------------------------------
distributed.worker - INFO -       Start worker at:  tcp://172.20.214.36:41373
distributed.worker - INFO -          Listening to:  tcp://172.20.214.36:41373
distributed.worker - INFO -          dashboard at:        172.20.214.36:40140
distributed.worker - INFO - Waiting to connect to:  tcp://172.20.209.13:43865
distributed.worker - INFO - -------------------------------------------------
distributed.worker - INFO -               Threads:                          1
distributed.worker - INFO -                Memory:                    2.38 GB
distributed.worker - INFO -       Local Directory: /gpfs/home/ntolley/Jones_Lab/sbi_hnn_github/code/beta/dask-worker-space/dask-worker-space/worker-2vkww_rp
distributed.worker - INFO - -------------------------------------------------
distributed.worker - INFO -       Start worker at:  tcp://172.20.214.36:43915
distributed.worker - INFO -          Listening to:  tcp://172.20.214.36:43915
distributed.worker - INFO -          dashboard at:        172.20.214.36:35877
distributed.worker - INFO - Waiting to connect to:  tcp://172.20.209.13:43865
distributed.worker - INFO - -------------------------------------------------
distributed.worker - INFO -               Threads:                          1
distributed.worker - INFO -                Memory:                    2.38 GB
distributed.worker - INFO -       Local Directory: /gpfs/home/ntolley/Jones_Lab/sbi_hnn_github/code/beta/dask-worker-space/dask-worker-space/worker-ap807srs
distributed.worker - INFO - -------------------------------------------------
distributed.worker - INFO -       Start worker at:  tcp://172.20.214.36:43887
distributed.worker - INFO -          Listening to:  tcp://172.20.214.36:43887
distributed.worker - INFO -          dashboard at:        172.20.214.36:37023
distributed.worker - INFO - Waiting to connect to:  tcp://172.20.209.13:43865
distributed.worker - INFO - -------------------------------------------------
distributed.worker - INFO -               Threads:                          1
distributed.worker - INFO -                Memory:                    2.38 GB
distributed.worker - INFO -       Local Directory: /gpfs/home/ntolley/Jones_Lab/sbi_hnn_github/code/beta/dask-worker-space/dask-worker-space/worker-7ez4nkrs
distributed.worker - INFO - -------------------------------------------------
distributed.worker - INFO -         Registered to:  tcp://172.20.209.13:43865
distributed.worker - INFO - -------------------------------------------------
distributed.core - INFO - Starting established connection
distributed.worker - INFO -         Registered to:  tcp://172.20.209.13:43865
distributed.worker - INFO - -------------------------------------------------
distributed.worker - INFO -         Registered to:  tcp://172.20.209.13:43865
distributed.worker - INFO - -------------------------------------------------
distributed.core - INFO - Starting established connection
distributed.worker - INFO -         Registered to:  tcp://172.20.209.13:43865
distributed.worker - INFO - -------------------------------------------------
distributed.worker - INFO -         Registered to:  tcp://172.20.209.13:43865
distributed.worker - INFO - -------------------------------------------------
distributed.worker - INFO -       Start worker at:  tcp://172.20.214.36:45919
distributed.core - INFO - Starting established connection
distributed.core - INFO - Starting established connection
distributed.worker - INFO -          Listening to:  tcp://172.20.214.36:45919
distributed.worker - INFO -          dashboard at:        172.20.214.36:43528
distributed.worker - INFO - Waiting to connect to:  tcp://172.20.209.13:43865
distributed.worker - INFO - -------------------------------------------------
distributed.core - INFO - Starting established connection
distributed.worker - INFO -               Threads:                          1
distributed.worker - INFO -       Start worker at:  tcp://172.20.214.36:38556
distributed.worker - INFO -                Memory:                    2.38 GB
distributed.worker - INFO -          Listening to:  tcp://172.20.214.36:38556
distributed.worker - INFO -       Local Directory: /gpfs/home/ntolley/Jones_Lab/sbi_hnn_github/code/beta/dask-worker-space/dask-worker-space/worker-p4q07bsv
distributed.worker - INFO -          dashboard at:        172.20.214.36:33552
distributed.worker - INFO - -------------------------------------------------
distributed.worker - INFO - Waiting to connect to:  tcp://172.20.209.13:43865
distributed.worker - INFO - -------------------------------------------------
distributed.worker - INFO -               Threads:                          1
distributed.worker - INFO -                Memory:                    2.38 GB
distributed.worker - INFO -       Local Directory: /gpfs/home/ntolley/Jones_Lab/sbi_hnn_github/code/beta/dask-worker-space/dask-worker-space/worker-i4g8ldln
distributed.worker - INFO - -------------------------------------------------
distributed.worker - INFO -         Registered to:  tcp://172.20.209.13:43865
distributed.worker - INFO - -------------------------------------------------
distributed.core - INFO - Starting established connection
distributed.worker - INFO -         Registered to:  tcp://172.20.209.13:43865
distributed.worker - INFO - -------------------------------------------------
distributed.core - INFO - Starting established connection
distributed.worker - INFO -         Registered to:  tcp://172.20.209.13:43865
distributed.worker - INFO - -------------------------------------------------
distributed.core - INFO - Starting established connection
distributed.worker - INFO -         Registered to:  tcp://172.20.209.13:43865
distributed.worker - INFO - -------------------------------------------------
distributed.core - INFO - Starting established connection
distributed.worker - INFO -         Registered to:  tcp://172.20.209.13:43865
distributed.worker - INFO - -------------------------------------------------
distributed.worker - INFO -       Start worker at:  tcp://172.20.214.36:34213
distributed.worker - INFO -          Listening to:  tcp://172.20.214.36:34213
distributed.worker - INFO -          dashboard at:        172.20.214.36:45902
distributed.worker - INFO - Waiting to connect to:  tcp://172.20.209.13:43865
distributed.worker - INFO - -------------------------------------------------
distributed.worker - INFO -               Threads:                          1
distributed.worker - INFO -                Memory:                    2.38 GB
distributed.core - INFO - Starting established connection
distributed.worker - INFO -       Local Directory: /gpfs/home/ntolley/Jones_Lab/sbi_hnn_github/code/beta/dask-worker-space/dask-worker-space/worker-ijnbitd_
distributed.worker - INFO - -------------------------------------------------
distributed.worker - INFO -         Registered to:  tcp://172.20.209.13:43865
distributed.worker - INFO - -------------------------------------------------
distributed.core - INFO - Starting established connection
distributed.worker - INFO -       Start worker at:  tcp://172.20.214.36:42287
distributed.worker - INFO -          Listening to:  tcp://172.20.214.36:42287
distributed.worker - INFO -          dashboard at:        172.20.214.36:36431
distributed.worker - INFO - Waiting to connect to:  tcp://172.20.209.13:43865
distributed.worker - INFO - -------------------------------------------------
distributed.worker - INFO -               Threads:                          1
distributed.worker - INFO -                Memory:                    2.38 GB
distributed.worker - INFO -       Local Directory: /gpfs/home/ntolley/Jones_Lab/sbi_hnn_github/code/beta/dask-worker-space/dask-worker-space/worker-t8x3hoym
distributed.worker - INFO - -------------------------------------------------
distributed.worker - INFO -         Registered to:  tcp://172.20.209.13:43865
distributed.worker - INFO - -------------------------------------------------
distributed.core - INFO - Starting established connection
distributed.worker - INFO -         Registered to:  tcp://172.20.209.13:43865
distributed.worker - INFO - -------------------------------------------------
distributed.worker - INFO -         Registered to:  tcp://172.20.209.13:43865
distributed.worker - INFO - -------------------------------------------------
distributed.core - INFO - Starting established connection
distributed.core - INFO - Starting established connection
distributed.worker - INFO -         Registered to:  tcp://172.20.209.13:43865
distributed.worker - INFO - -------------------------------------------------
distributed.core - INFO - Starting established connection
distributed.worker - INFO -       Start worker at:  tcp://172.20.214.36:34093
distributed.worker - INFO -          Listening to:  tcp://172.20.214.36:34093
distributed.worker - INFO -          dashboard at:        172.20.214.36:46237
distributed.worker - INFO - Waiting to connect to:  tcp://172.20.209.13:43865
distributed.worker - INFO - -------------------------------------------------
distributed.worker - INFO -               Threads:                          1
distributed.worker - INFO -                Memory:                    2.38 GB
distributed.worker - INFO -       Local Directory: /gpfs/home/ntolley/Jones_Lab/sbi_hnn_github/code/beta/dask-worker-space/dask-worker-space/worker-wa9uhj10
distributed.worker - INFO - -------------------------------------------------
distributed.worker - INFO -         Registered to:  tcp://172.20.209.13:43865
distributed.worker - INFO - -------------------------------------------------
distributed.core - INFO - Starting established connection
/users/ntolley/anaconda/sbi/lib/python3.7/contextlib.py:119: UserWarning: Creating scratch directories is taking a surprisingly long time. This is often due to running workers on a network file system. Consider specifying a local-directory to point workers to write scratch data to a local disk.
  next(self.gen)
distributed.worker - INFO -       Start worker at:  tcp://172.20.214.36:37370
distributed.worker - INFO -          Listening to:  tcp://172.20.214.36:37370
distributed.worker - INFO -          dashboard at:        172.20.214.36:41352
distributed.worker - INFO - Waiting to connect to:  tcp://172.20.209.13:43865
distributed.worker - INFO - -------------------------------------------------
distributed.worker - INFO -       Start worker at:  tcp://172.20.214.36:33379
distributed.worker - INFO -          Listening to:  tcp://172.20.214.36:33379
distributed.worker - INFO -               Threads:                          1
distributed.worker - INFO -          dashboard at:        172.20.214.36:35444
distributed.worker - INFO -                Memory:                    2.38 GB
distributed.worker - INFO -       Local Directory: /gpfs/home/ntolley/Jones_Lab/sbi_hnn_github/code/beta/dask-worker-space/dask-worker-space/worker-082rf7wk
distributed.worker - INFO - Waiting to connect to:  tcp://172.20.209.13:43865
distributed.worker - INFO - -------------------------------------------------
distributed.worker - INFO - -------------------------------------------------
distributed.worker - INFO -               Threads:                          1
distributed.worker - INFO -                Memory:                    2.38 GB
distributed.worker - INFO -       Local Directory: /gpfs/home/ntolley/Jones_Lab/sbi_hnn_github/code/beta/dask-worker-space/dask-worker-space/worker-gjby42l7
distributed.worker - INFO - -------------------------------------------------
distributed.worker - INFO -         Registered to:  tcp://172.20.209.13:43865
distributed.worker - INFO - -------------------------------------------------
distributed.core - INFO - Starting established connection
distributed.worker - INFO -         Registered to:  tcp://172.20.209.13:43865
distributed.worker - INFO - -------------------------------------------------
distributed.core - INFO - Starting established connection
distributed.worker - INFO -       Start worker at:  tcp://172.20.214.36:43802
distributed.worker - INFO -          Listening to:  tcp://172.20.214.36:43802
distributed.worker - INFO -          dashboard at:        172.20.214.36:38986
distributed.worker - INFO - Waiting to connect to:  tcp://172.20.209.13:43865
distributed.worker - INFO - -------------------------------------------------
distributed.worker - INFO -               Threads:                          1
distributed.worker - INFO -                Memory:                    2.38 GB
distributed.worker - INFO -       Local Directory: /gpfs/home/ntolley/Jones_Lab/sbi_hnn_github/code/beta/dask-worker-space/dask-worker-space/worker-4hkycili
distributed.worker - INFO - -------------------------------------------------
distributed.worker - INFO -         Registered to:  tcp://172.20.209.13:43865
distributed.worker - INFO - -------------------------------------------------
distributed.core - INFO - Starting established connection
distributed.worker - INFO -         Registered to:  tcp://172.20.209.13:43865
distributed.worker - INFO - -------------------------------------------------
distributed.core - INFO - Starting established connection
distributed.worker - INFO -         Registered to:  tcp://172.20.209.13:43865
distributed.worker - INFO - -------------------------------------------------
distributed.core - INFO - Starting established connection
distributed.worker - INFO -         Registered to:  tcp://172.20.209.13:43865
distributed.worker - INFO - -------------------------------------------------
distributed.core - INFO - Starting established connection
distributed.worker - INFO -       Start worker at:  tcp://172.20.214.36:45282
distributed.worker - INFO -          Listening to:  tcp://172.20.214.36:45282
distributed.worker - INFO -          dashboard at:        172.20.214.36:44306
distributed.worker - INFO - Waiting to connect to:  tcp://172.20.209.13:43865
distributed.worker - INFO - -------------------------------------------------
distributed.worker - INFO -               Threads:                          1
distributed.worker - INFO -                Memory:                    2.38 GB
distributed.worker - INFO -       Local Directory: /gpfs/home/ntolley/Jones_Lab/sbi_hnn_github/code/beta/dask-worker-space/dask-worker-space/worker-_g50t0e8
distributed.worker - INFO - -------------------------------------------------
distributed.worker - INFO -       Start worker at:  tcp://172.20.214.36:43839
distributed.worker - INFO -          Listening to:  tcp://172.20.214.36:43839
distributed.worker - INFO -          dashboard at:        172.20.214.36:34591
distributed.worker - INFO - Waiting to connect to:  tcp://172.20.209.13:43865
distributed.worker - INFO - -------------------------------------------------
distributed.worker - INFO -               Threads:                          1
distributed.worker - INFO -                Memory:                    2.38 GB
distributed.worker - INFO -       Local Directory: /gpfs/home/ntolley/Jones_Lab/sbi_hnn_github/code/beta/dask-worker-space/dask-worker-space/worker-mupk1llw
distributed.worker - INFO - -------------------------------------------------
distributed.worker - INFO -         Registered to:  tcp://172.20.209.13:43865
distributed.worker - INFO - -------------------------------------------------
distributed.core - INFO - Starting established connection
distributed.worker - INFO -         Registered to:  tcp://172.20.209.13:43865
distributed.worker - INFO - -------------------------------------------------
distributed.core - INFO - Starting established connection
distributed.worker - INFO -       Start worker at:  tcp://172.20.214.36:41781
distributed.worker - INFO -          Listening to:  tcp://172.20.214.36:41781
distributed.worker - INFO -          dashboard at:        172.20.214.36:39846
distributed.worker - INFO - Waiting to connect to:  tcp://172.20.209.13:43865
distributed.worker - INFO - -------------------------------------------------
distributed.worker - INFO -               Threads:                          1
distributed.worker - INFO -                Memory:                    2.38 GB
distributed.worker - INFO -       Local Directory: /gpfs/home/ntolley/Jones_Lab/sbi_hnn_github/code/beta/dask-worker-space/dask-worker-space/worker-4emfe_x4
distributed.worker - INFO - -------------------------------------------------
distributed.worker - INFO -         Registered to:  tcp://172.20.209.13:43865
distributed.worker - INFO - -------------------------------------------------
distributed.core - INFO - Starting established connection
distributed.worker - INFO -       Start worker at:  tcp://172.20.214.36:44250
distributed.worker - INFO -          Listening to:  tcp://172.20.214.36:44250
distributed.worker - INFO -          dashboard at:        172.20.214.36:40882
distributed.worker - INFO - Waiting to connect to:  tcp://172.20.209.13:43865
distributed.worker - INFO - -------------------------------------------------
distributed.worker - INFO -               Threads:                          1
distributed.worker - INFO -                Memory:                    2.38 GB
distributed.worker - INFO -       Local Directory: /gpfs/home/ntolley/Jones_Lab/sbi_hnn_github/code/beta/dask-worker-space/dask-worker-space/worker-mdm8zqal
distributed.worker - INFO - -------------------------------------------------
distributed.worker - INFO -         Registered to:  tcp://172.20.209.13:43865
distributed.worker - INFO - -------------------------------------------------
distributed.core - INFO - Starting established connection
Warning: no DISPLAY environment variable.
--No graphics will be displayed.
Warning: no DISPLAY environment variable.
--No graphics will be displayed.
Warning: no DISPLAY environment variable.
--No graphics will be displayed.
Warning: no DISPLAY environment variable.
--No graphics will be displayed.
Warning: no DISPLAY environment variable.
--No graphics will be displayed.
Warning: no DISPLAY environment variable.
--No graphics will be displayed.
Warning: no DISPLAY environment variable.
--No graphics will be displayed.
Warning: no DISPLAY environment variable.
--No graphics will be displayed.
distributed.worker - ERROR - failed during get data with tcp://172.20.214.36:46210 -> None
Traceback (most recent call last):
  File "/users/ntolley/anaconda/sbi/lib/python3.7/site-packages/tornado/iostream.py", line 867, in _read_to_buffer
    bytes_read = self.read_from_fd(buf)
  File "/users/ntolley/anaconda/sbi/lib/python3.7/site-packages/tornado/iostream.py", line 1140, in read_from_fd
    return self.socket.recv_into(buf, len(buf))
TimeoutError: [Errno 110] Connection timed out

The above exception was the direct cause of the following exception:

Traceback (most recent call last):
  File "/users/ntolley/anaconda/sbi/lib/python3.7/site-packages/distributed/worker.py", line 1347, in get_data
    compressed = await comm.write(msg, serializers=serializers)
  File "/users/ntolley/anaconda/sbi/lib/python3.7/site-packages/distributed/comm/tcp.py", line 265, in write
    convert_stream_closed_error(self, e)
  File "/users/ntolley/anaconda/sbi/lib/python3.7/site-packages/distributed/comm/tcp.py", line 124, in convert_stream_closed_error
    ) from exc
distributed.comm.core.CommClosedError: in <closed TCP>: TimeoutError: [Errno 110] Connection timed out
distributed.core - INFO - Lost connection to 'tcp://172.20.209.13:46108': in <closed TCP>: TimeoutError: [Errno 110] Connection timed out
distributed.worker - ERROR - failed during get data with tcp://172.20.214.36:38142 -> None
Traceback (most recent call last):
  File "/users/ntolley/anaconda/sbi/lib/python3.7/site-packages/tornado/iostream.py", line 867, in _read_to_buffer
    bytes_read = self.read_from_fd(buf)
  File "/users/ntolley/anaconda/sbi/lib/python3.7/site-packages/tornado/iostream.py", line 1140, in read_from_fd
    return self.socket.recv_into(buf, len(buf))
TimeoutError: [Errno 110] Connection timed out

The above exception was the direct cause of the following exception:

Traceback (most recent call last):
  File "/users/ntolley/anaconda/sbi/lib/python3.7/site-packages/distributed/worker.py", line 1347, in get_data
    compressed = await comm.write(msg, serializers=serializers)
  File "/users/ntolley/anaconda/sbi/lib/python3.7/site-packages/distributed/comm/tcp.py", line 265, in write
    convert_stream_closed_error(self, e)
  File "/users/ntolley/anaconda/sbi/lib/python3.7/site-packages/distributed/comm/tcp.py", line 124, in convert_stream_closed_error
    ) from exc
distributed.comm.core.CommClosedError: in <closed TCP>: TimeoutError: [Errno 110] Connection timed out
distributed.core - INFO - Lost connection to 'tcp://172.20.209.13:48714': in <closed TCP>: TimeoutError: [Errno 110] Connection timed out
distributed.worker - ERROR - failed during get data with tcp://172.20.214.36:42647 -> None
Traceback (most recent call last):
  File "/users/ntolley/anaconda/sbi/lib/python3.7/site-packages/tornado/iostream.py", line 867, in _read_to_buffer
    bytes_read = self.read_from_fd(buf)
  File "/users/ntolley/anaconda/sbi/lib/python3.7/site-packages/tornado/iostream.py", line 1140, in read_from_fd
    return self.socket.recv_into(buf, len(buf))
TimeoutError: [Errno 110] Connection timed out

The above exception was the direct cause of the following exception:

Traceback (most recent call last):
  File "/users/ntolley/anaconda/sbi/lib/python3.7/site-packages/distributed/worker.py", line 1347, in get_data
    compressed = await comm.write(msg, serializers=serializers)
  File "/users/ntolley/anaconda/sbi/lib/python3.7/site-packages/distributed/comm/tcp.py", line 265, in write
    convert_stream_closed_error(self, e)
  File "/users/ntolley/anaconda/sbi/lib/python3.7/site-packages/distributed/comm/tcp.py", line 124, in convert_stream_closed_error
    ) from exc
distributed.comm.core.CommClosedError: in <closed TCP>: TimeoutError: [Errno 110] Connection timed out
distributed.core - INFO - Lost connection to 'tcp://172.20.209.13:60574': in <closed TCP>: TimeoutError: [Errno 110] Connection timed out
distributed.worker - ERROR - failed during get data with tcp://172.20.214.36:36255 -> None
Traceback (most recent call last):
  File "/users/ntolley/anaconda/sbi/lib/python3.7/site-packages/tornado/iostream.py", line 867, in _read_to_buffer
    bytes_read = self.read_from_fd(buf)
  File "/users/ntolley/anaconda/sbi/lib/python3.7/site-packages/tornado/iostream.py", line 1140, in read_from_fd
    return self.socket.recv_into(buf, len(buf))
TimeoutError: [Errno 110] Connection timed out

The above exception was the direct cause of the following exception:

Traceback (most recent call last):
  File "/users/ntolley/anaconda/sbi/lib/python3.7/site-packages/distributed/worker.py", line 1347, in get_data
    compressed = await comm.write(msg, serializers=serializers)
  File "/users/ntolley/anaconda/sbi/lib/python3.7/site-packages/distributed/comm/tcp.py", line 265, in write
    convert_stream_closed_error(self, e)
  File "/users/ntolley/anaconda/sbi/lib/python3.7/site-packages/distributed/comm/tcp.py", line 124, in convert_stream_closed_error
    ) from exc
distributed.comm.core.CommClosedError: in <closed TCP>: TimeoutError: [Errno 110] Connection timed out
distributed.core - INFO - Lost connection to 'tcp://172.20.209.13:34572': in <closed TCP>: TimeoutError: [Errno 110] Connection timed out
distributed.worker - ERROR - failed during get data with tcp://172.20.214.36:46557 -> None
Traceback (most recent call last):
  File "/users/ntolley/anaconda/sbi/lib/python3.7/site-packages/tornado/iostream.py", line 867, in _read_to_buffer
    bytes_read = self.read_from_fd(buf)
  File "/users/ntolley/anaconda/sbi/lib/python3.7/site-packages/tornado/iostream.py", line 1140, in read_from_fd
    return self.socket.recv_into(buf, len(buf))
TimeoutError: [Errno 110] Connection timed out

The above exception was the direct cause of the following exception:

Traceback (most recent call last):
  File "/users/ntolley/anaconda/sbi/lib/python3.7/site-packages/distributed/worker.py", line 1347, in get_data
    compressed = await comm.write(msg, serializers=serializers)
  File "/users/ntolley/anaconda/sbi/lib/python3.7/site-packages/distributed/comm/tcp.py", line 265, in write
    convert_stream_closed_error(self, e)
  File "/users/ntolley/anaconda/sbi/lib/python3.7/site-packages/distributed/comm/tcp.py", line 124, in convert_stream_closed_error
    ) from exc
distributed.comm.core.CommClosedError: in <closed TCP>: TimeoutError: [Errno 110] Connection timed out
distributed.core - INFO - Lost connection to 'tcp://172.20.209.13:57826': in <closed TCP>: TimeoutError: [Errno 110] Connection timed out
distributed.worker - ERROR - failed during get data with tcp://172.20.214.36:46055 -> None
Traceback (most recent call last):
  File "/users/ntolley/anaconda/sbi/lib/python3.7/site-packages/tornado/iostream.py", line 867, in _read_to_buffer
    bytes_read = self.read_from_fd(buf)
  File "/users/ntolley/anaconda/sbi/lib/python3.7/site-packages/tornado/iostream.py", line 1140, in read_from_fd
    return self.socket.recv_into(buf, len(buf))
TimeoutError: [Errno 110] Connection timed out

The above exception was the direct cause of the following exception:

Traceback (most recent call last):
  File "/users/ntolley/anaconda/sbi/lib/python3.7/site-packages/distributed/worker.py", line 1347, in get_data
    compressed = await comm.write(msg, serializers=serializers)
  File "/users/ntolley/anaconda/sbi/lib/python3.7/site-packages/distributed/comm/tcp.py", line 265, in write
    convert_stream_closed_error(self, e)
  File "/users/ntolley/anaconda/sbi/lib/python3.7/site-packages/distributed/comm/tcp.py", line 124, in convert_stream_closed_error
    ) from exc
distributed.comm.core.CommClosedError: in <closed TCP>: TimeoutError: [Errno 110] Connection timed out
distributed.core - INFO - Lost connection to 'tcp://172.20.209.13:54618': in <closed TCP>: TimeoutError: [Errno 110] Connection timed out
distributed.worker - ERROR - failed during get data with tcp://172.20.214.36:44584 -> None
Traceback (most recent call last):
  File "/users/ntolley/anaconda/sbi/lib/python3.7/site-packages/tornado/iostream.py", line 867, in _read_to_buffer
    bytes_read = self.read_from_fd(buf)
  File "/users/ntolley/anaconda/sbi/lib/python3.7/site-packages/tornado/iostream.py", line 1140, in read_from_fd
    return self.socket.recv_into(buf, len(buf))
TimeoutError: [Errno 110] Connection timed out

The above exception was the direct cause of the following exception:

Traceback (most recent call last):
  File "/users/ntolley/anaconda/sbi/lib/python3.7/site-packages/distributed/worker.py", line 1347, in get_data
    compressed = await comm.write(msg, serializers=serializers)
  File "/users/ntolley/anaconda/sbi/lib/python3.7/site-packages/distributed/comm/tcp.py", line 265, in write
    convert_stream_closed_error(self, e)
  File "/users/ntolley/anaconda/sbi/lib/python3.7/site-packages/distributed/comm/tcp.py", line 124, in convert_stream_closed_error
    ) from exc
distributed.comm.core.CommClosedError: in <closed TCP>: TimeoutError: [Errno 110] Connection timed out
distributed.core - INFO - Lost connection to 'tcp://172.20.209.13:48450': in <closed TCP>: TimeoutError: [Errno 110] Connection timed out
distributed.worker - ERROR - failed during get data with tcp://172.20.214.36:46850 -> None
Traceback (most recent call last):
  File "/users/ntolley/anaconda/sbi/lib/python3.7/site-packages/tornado/iostream.py", line 867, in _read_to_buffer
    bytes_read = self.read_from_fd(buf)
  File "/users/ntolley/anaconda/sbi/lib/python3.7/site-packages/tornado/iostream.py", line 1140, in read_from_fd
    return self.socket.recv_into(buf, len(buf))
TimeoutError: [Errno 110] Connection timed out

The above exception was the direct cause of the following exception:

Traceback (most recent call last):
  File "/users/ntolley/anaconda/sbi/lib/python3.7/site-packages/distributed/worker.py", line 1347, in get_data
    compressed = await comm.write(msg, serializers=serializers)
  File "/users/ntolley/anaconda/sbi/lib/python3.7/site-packages/distributed/comm/tcp.py", line 265, in write
    convert_stream_closed_error(self, e)
  File "/users/ntolley/anaconda/sbi/lib/python3.7/site-packages/distributed/comm/tcp.py", line 124, in convert_stream_closed_error
    ) from exc
distributed.comm.core.CommClosedError: in <closed TCP>: TimeoutError: [Errno 110] Connection timed out
distributed.core - INFO - Lost connection to 'tcp://172.20.209.13:41856': in <closed TCP>: TimeoutError: [Errno 110] Connection timed out
Warning: no DISPLAY environment variable.
--No graphics will be displayed.
Warning: no DISPLAY environment variable.
--No graphics will be displayed.
distributed.worker - INFO - -------------------------------------------------
distributed.worker - INFO -         Registered to:  tcp://172.20.209.13:43865
distributed.worker - INFO - -------------------------------------------------
distributed.core - INFO - Starting established connection
distributed.worker - INFO - -------------------------------------------------
distributed.worker - INFO -         Registered to:  tcp://172.20.209.13:43865
distributed.worker - INFO - -------------------------------------------------
distributed.core - INFO - Starting established connection
Warning: no DISPLAY environment variable.
--No graphics will be displayed.
Warning: no DISPLAY environment variable.
--No graphics will be displayed.
Warning: no DISPLAY environment variable.
--No graphics will be displayed.
Warning: no DISPLAY environment variable.
--No graphics will be displayed.
Warning: no DISPLAY environment variable.
--No graphics will be displayed.
Warning: no DISPLAY environment variable.
--No graphics will be displayed.
Warning: no DISPLAY environment variable.
--No graphics will be displayed.
Warning: no DISPLAY environment variable.
--No graphics will be displayed.
Warning: no DISPLAY environment variable.
--No graphics will be displayed.
Warning: no DISPLAY environment variable.
--No graphics will be displayed.
Warning: no DISPLAY environment variable.
--No graphics will be displayed.
Warning: no DISPLAY environment variable.
--No graphics will be displayed.
Warning: no DISPLAY environment variable.
--No graphics will be displayed.
Warning: no DISPLAY environment variable.
--No graphics will be displayed.
Warning: no DISPLAY environment variable.
--No graphics will be displayed.
Warning: no DISPLAY environment variable.
--No graphics will be displayed.
Warning: no DISPLAY environment variable.
--No graphics will be displayed.
Warning: no DISPLAY environment variable.
--No graphics will be displayed.
Warning: no DISPLAY environment variable.
--No graphics will be displayed.
Warning: no DISPLAY environment variable.
--No graphics will be displayed.
Warning: no DISPLAY environment variable.
--No graphics will be displayed.
Warning: no DISPLAY environment variable.
--No graphics will be displayed.
Warning: no DISPLAY environment variable.
--No graphics will be displayed.
Warning: no DISPLAY environment variable.
--No graphics will be displayed.
Warning: no DISPLAY environment variable.
--No graphics will be displayed.
Warning: no DISPLAY environment variable.
--No graphics will be displayed.
Warning: no DISPLAY environment variable.
--No graphics will be displayed.
Warning: no DISPLAY environment variable.
--No graphics will be displayed.
Warning: no DISPLAY environment variable.
--No graphics will be displayed.
Warning: no DISPLAY environment variable.
--No graphics will be displayed.
Warning: no DISPLAY environment variable.
--No graphics will be displayed.
Warning: no DISPLAY environment variable.
--No graphics will be displayed.
distributed.worker - INFO - -------------------------------------------------
distributed.worker - INFO - -------------------------------------------------
distributed.worker - INFO - -------------------------------------------------
distributed.worker - INFO - -------------------------------------------------
distributed.worker - INFO - -------------------------------------------------
distributed.worker - INFO - -------------------------------------------------
distributed.worker - INFO -         Registered to:  tcp://172.20.209.13:43865
distributed.worker - INFO - -------------------------------------------------
distributed.core - INFO - Starting established connection
distributed.worker - INFO -         Registered to:  tcp://172.20.209.13:43865
distributed.worker - INFO - -------------------------------------------------
distributed.core - INFO - Starting established connection
distributed.worker - INFO -         Registered to:  tcp://172.20.209.13:43865
distributed.worker - INFO - -------------------------------------------------
distributed.core - INFO - Starting established connection
distributed.worker - INFO -         Registered to:  tcp://172.20.209.13:43865
distributed.worker - INFO - -------------------------------------------------
distributed.core - INFO - Starting established connection
distributed.worker - INFO -         Registered to:  tcp://172.20.209.13:43865
distributed.worker - INFO - -------------------------------------------------
distributed.core - INFO - Starting established connection
distributed.worker - INFO -         Registered to:  tcp://172.20.209.13:43865
distributed.worker - INFO - -------------------------------------------------
distributed.core - INFO - Starting established connection
distributed.worker - ERROR - failed during get data with tcp://172.20.214.36:43141 -> None
Traceback (most recent call last):
  File "/users/ntolley/anaconda/sbi/lib/python3.7/site-packages/tornado/iostream.py", line 867, in _read_to_buffer
    bytes_read = self.read_from_fd(buf)
  File "/users/ntolley/anaconda/sbi/lib/python3.7/site-packages/tornado/iostream.py", line 1140, in read_from_fd
    return self.socket.recv_into(buf, len(buf))
TimeoutError: [Errno 110] Connection timed out

The above exception was the direct cause of the following exception:

Traceback (most recent call last):
  File "/users/ntolley/anaconda/sbi/lib/python3.7/site-packages/distributed/worker.py", line 1347, in get_data
    compressed = await comm.write(msg, serializers=serializers)
  File "/users/ntolley/anaconda/sbi/lib/python3.7/site-packages/distributed/comm/tcp.py", line 265, in write
    convert_stream_closed_error(self, e)
  File "/users/ntolley/anaconda/sbi/lib/python3.7/site-packages/distributed/comm/tcp.py", line 124, in convert_stream_closed_error
    ) from exc
distributed.comm.core.CommClosedError: in <closed TCP>: TimeoutError: [Errno 110] Connection timed out
distributed.core - INFO - Lost connection to 'tcp://172.20.209.13:48856': in <closed TCP>: TimeoutError: [Errno 110] Connection timed out
distributed.worker - ERROR - failed during get data with tcp://172.20.214.36:43839 -> None
Traceback (most recent call last):
  File "/users/ntolley/anaconda/sbi/lib/python3.7/site-packages/tornado/iostream.py", line 867, in _read_to_buffer
    bytes_read = self.read_from_fd(buf)
  File "/users/ntolley/anaconda/sbi/lib/python3.7/site-packages/tornado/iostream.py", line 1140, in read_from_fd
    return self.socket.recv_into(buf, len(buf))
TimeoutError: [Errno 110] Connection timed out

The above exception was the direct cause of the following exception:

Traceback (most recent call last):
  File "/users/ntolley/anaconda/sbi/lib/python3.7/site-packages/distributed/worker.py", line 1347, in get_data
    compressed = await comm.write(msg, serializers=serializers)
  File "/users/ntolley/anaconda/sbi/lib/python3.7/site-packages/distributed/comm/tcp.py", line 265, in write
    convert_stream_closed_error(self, e)
  File "/users/ntolley/anaconda/sbi/lib/python3.7/site-packages/distributed/comm/tcp.py", line 124, in convert_stream_closed_error
    ) from exc
distributed.comm.core.CommClosedError: in <closed TCP>: TimeoutError: [Errno 110] Connection timed out
distributed.core - INFO - Lost connection to 'tcp://172.20.209.13:41018': in <closed TCP>: TimeoutError: [Errno 110] Connection timed out
distributed.worker - ERROR - failed during get data with tcp://172.20.214.36:36006 -> None
Traceback (most recent call last):
  File "/users/ntolley/anaconda/sbi/lib/python3.7/site-packages/tornado/iostream.py", line 867, in _read_to_buffer
    bytes_read = self.read_from_fd(buf)
  File "/users/ntolley/anaconda/sbi/lib/python3.7/site-packages/tornado/iostream.py", line 1140, in read_from_fd
    return self.socket.recv_into(buf, len(buf))
TimeoutError: [Errno 110] Connection timed out

The above exception was the direct cause of the following exception:

Traceback (most recent call last):
  File "/users/ntolley/anaconda/sbi/lib/python3.7/site-packages/distributed/worker.py", line 1347, in get_data
    compressed = await comm.write(msg, serializers=serializers)
  File "/users/ntolley/anaconda/sbi/lib/python3.7/site-packages/distributed/comm/tcp.py", line 265, in write
    convert_stream_closed_error(self, e)
  File "/users/ntolley/anaconda/sbi/lib/python3.7/site-packages/distributed/comm/tcp.py", line 124, in convert_stream_closed_error
    ) from exc
distributed.comm.core.CommClosedError: in <closed TCP>: TimeoutError: [Errno 110] Connection timed out
distributed.core - INFO - Lost connection to 'tcp://172.20.209.13:48476': in <closed TCP>: TimeoutError: [Errno 110] Connection timed out
distributed.worker - ERROR - failed during get data with tcp://172.20.214.36:43288 -> None
Traceback (most recent call last):
  File "/users/ntolley/anaconda/sbi/lib/python3.7/site-packages/tornado/iostream.py", line 867, in _read_to_buffer
    bytes_read = self.read_from_fd(buf)
  File "/users/ntolley/anaconda/sbi/lib/python3.7/site-packages/tornado/iostream.py", line 1140, in read_from_fd
    return self.socket.recv_into(buf, len(buf))
TimeoutError: [Errno 110] Connection timed out

The above exception was the direct cause of the following exception:

Traceback (most recent call last):
  File "/users/ntolley/anaconda/sbi/lib/python3.7/site-packages/distributed/worker.py", line 1347, in get_data
    compressed = await comm.write(msg, serializers=serializers)
  File "/users/ntolley/anaconda/sbi/lib/python3.7/site-packages/distributed/comm/tcp.py", line 265, in write
    convert_stream_closed_error(self, e)
  File "/users/ntolley/anaconda/sbi/lib/python3.7/site-packages/distributed/comm/tcp.py", line 124, in convert_stream_closed_error
    ) from exc
distributed.comm.core.CommClosedError: in <closed TCP>: TimeoutError: [Errno 110] Connection timed out
distributed.worker - ERROR - failed during get data with tcp://172.20.214.36:39117 -> None
Traceback (most recent call last):
  File "/users/ntolley/anaconda/sbi/lib/python3.7/site-packages/tornado/iostream.py", line 867, in _read_to_buffer
    bytes_read = self.read_from_fd(buf)
  File "/users/ntolley/anaconda/sbi/lib/python3.7/site-packages/tornado/iostream.py", line 1140, in read_from_fd
    return self.socket.recv_into(buf, len(buf))
TimeoutError: [Errno 110] Connection timed out

The above exception was the direct cause of the following exception:

Traceback (most recent call last):
  File "/users/ntolley/anaconda/sbi/lib/python3.7/site-packages/distributed/worker.py", line 1347, in get_data
    compressed = await comm.write(msg, serializers=serializers)
  File "/users/ntolley/anaconda/sbi/lib/python3.7/site-packages/distributed/comm/tcp.py", line 265, in write
    convert_stream_closed_error(self, e)
  File "/users/ntolley/anaconda/sbi/lib/python3.7/site-packages/distributed/comm/tcp.py", line 124, in convert_stream_closed_error
    ) from exc
distributed.comm.core.CommClosedError: in <closed TCP>: TimeoutError: [Errno 110] Connection timed out
distributed.core - INFO - Lost connection to 'tcp://172.20.209.13:60940': in <closed TCP>: TimeoutError: [Errno 110] Connection timed out
distributed.core - INFO - Lost connection to 'tcp://172.20.209.13:59738': in <closed TCP>: TimeoutError: [Errno 110] Connection timed out
distributed.worker - ERROR - failed during get data with tcp://172.20.214.36:44250 -> None
Traceback (most recent call last):
  File "/users/ntolley/anaconda/sbi/lib/python3.7/site-packages/tornado/iostream.py", line 867, in _read_to_buffer
    bytes_read = self.read_from_fd(buf)
  File "/users/ntolley/anaconda/sbi/lib/python3.7/site-packages/tornado/iostream.py", line 1140, in read_from_fd
    return self.socket.recv_into(buf, len(buf))
TimeoutError: [Errno 110] Connection timed out

The above exception was the direct cause of the following exception:

Traceback (most recent call last):
  File "/users/ntolley/anaconda/sbi/lib/python3.7/site-packages/distributed/worker.py", line 1347, in get_data
    compressed = await comm.write(msg, serializers=serializers)
  File "/users/ntolley/anaconda/sbi/lib/python3.7/site-packages/distributed/comm/tcp.py", line 265, in write
    convert_stream_closed_error(self, e)
  File "/users/ntolley/anaconda/sbi/lib/python3.7/site-packages/distributed/comm/tcp.py", line 124, in convert_stream_closed_error
    ) from exc
distributed.comm.core.CommClosedError: in <closed TCP>: TimeoutError: [Errno 110] Connection timed out
distributed.core - INFO - Lost connection to 'tcp://172.20.209.13:50138': in <closed TCP>: TimeoutError: [Errno 110] Connection timed out
distributed.worker - ERROR - failed during get data with tcp://172.20.214.36:45282 -> None
Traceback (most recent call last):
  File "/users/ntolley/anaconda/sbi/lib/python3.7/site-packages/tornado/iostream.py", line 867, in _read_to_buffer
    bytes_read = self.read_from_fd(buf)
  File "/users/ntolley/anaconda/sbi/lib/python3.7/site-packages/tornado/iostream.py", line 1140, in read_from_fd
    return self.socket.recv_into(buf, len(buf))
TimeoutError: [Errno 110] Connection timed out

The above exception was the direct cause of the following exception:

Traceback (most recent call last):
  File "/users/ntolley/anaconda/sbi/lib/python3.7/site-packages/distributed/worker.py", line 1347, in get_data
    compressed = await comm.write(msg, serializers=serializers)
  File "/users/ntolley/anaconda/sbi/lib/python3.7/site-packages/distributed/comm/tcp.py", line 265, in write
    convert_stream_closed_error(self, e)
  File "/users/ntolley/anaconda/sbi/lib/python3.7/site-packages/distributed/comm/tcp.py", line 124, in convert_stream_closed_error
    ) from exc
distributed.comm.core.CommClosedError: in <closed TCP>: TimeoutError: [Errno 110] Connection timed out
distributed.core - INFO - Lost connection to 'tcp://172.20.209.13:50022': in <closed TCP>: TimeoutError: [Errno 110] Connection timed out
distributed.worker - ERROR - failed during get data with tcp://172.20.214.36:33590 -> None
Traceback (most recent call last):
  File "/users/ntolley/anaconda/sbi/lib/python3.7/site-packages/tornado/iostream.py", line 867, in _read_to_buffer
    bytes_read = self.read_from_fd(buf)
  File "/users/ntolley/anaconda/sbi/lib/python3.7/site-packages/tornado/iostream.py", line 1140, in read_from_fd
    return self.socket.recv_into(buf, len(buf))
TimeoutError: [Errno 110] Connection timed out

The above exception was the direct cause of the following exception:

Traceback (most recent call last):
  File "/users/ntolley/anaconda/sbi/lib/python3.7/site-packages/distributed/worker.py", line 1347, in get_data
    compressed = await comm.write(msg, serializers=serializers)
  File "/users/ntolley/anaconda/sbi/lib/python3.7/site-packages/distributed/comm/tcp.py", line 265, in write
    convert_stream_closed_error(self, e)
  File "/users/ntolley/anaconda/sbi/lib/python3.7/site-packages/distributed/comm/tcp.py", line 124, in convert_stream_closed_error
    ) from exc
distributed.comm.core.CommClosedError: in <closed TCP>: TimeoutError: [Errno 110] Connection timed out
distributed.core - INFO - Lost connection to 'tcp://172.20.209.13:49908': in <closed TCP>: TimeoutError: [Errno 110] Connection timed out
distributed.worker - ERROR - failed during get data with tcp://172.20.214.36:34213 -> None
Traceback (most recent call last):
  File "/users/ntolley/anaconda/sbi/lib/python3.7/site-packages/tornado/iostream.py", line 867, in _read_to_buffer
    bytes_read = self.read_from_fd(buf)
  File "/users/ntolley/anaconda/sbi/lib/python3.7/site-packages/tornado/iostream.py", line 1140, in read_from_fd
    return self.socket.recv_into(buf, len(buf))
TimeoutError: [Errno 110] Connection timed out

The above exception was the direct cause of the following exception:

Traceback (most recent call last):
  File "/users/ntolley/anaconda/sbi/lib/python3.7/site-packages/distributed/worker.py", line 1347, in get_data
    compressed = await comm.write(msg, serializers=serializers)
  File "/users/ntolley/anaconda/sbi/lib/python3.7/site-packages/distributed/comm/tcp.py", line 265, in write
    convert_stream_closed_error(self, e)
  File "/users/ntolley/anaconda/sbi/lib/python3.7/site-packages/distributed/comm/tcp.py", line 124, in convert_stream_closed_error
    ) from exc
distributed.comm.core.CommClosedError: in <closed TCP>: TimeoutError: [Errno 110] Connection timed out
distributed.worker - ERROR - failed during get data with tcp://172.20.214.36:41781 -> None
Traceback (most recent call last):
  File "/users/ntolley/anaconda/sbi/lib/python3.7/site-packages/tornado/iostream.py", line 867, in _read_to_buffer
    bytes_read = self.read_from_fd(buf)
  File "/users/ntolley/anaconda/sbi/lib/python3.7/site-packages/tornado/iostream.py", line 1140, in read_from_fd
    return self.socket.recv_into(buf, len(buf))
TimeoutError: [Errno 110] Connection timed out

The above exception was the direct cause of the following exception:

Traceback (most recent call last):
  File "/users/ntolley/anaconda/sbi/lib/python3.7/site-packages/distributed/worker.py", line 1347, in get_data
    compressed = await comm.write(msg, serializers=serializers)
  File "/users/ntolley/anaconda/sbi/lib/python3.7/site-packages/distributed/comm/tcp.py", line 265, in write
    convert_stream_closed_error(self, e)
  File "/users/ntolley/anaconda/sbi/lib/python3.7/site-packages/distributed/comm/tcp.py", line 124, in convert_stream_closed_error
    ) from exc
distributed.comm.core.CommClosedError: in <closed TCP>: TimeoutError: [Errno 110] Connection timed out
distributed.core - INFO - Lost connection to 'tcp://172.20.209.13:56808': in <closed TCP>: TimeoutError: [Errno 110] Connection timed out
distributed.core - INFO - Lost connection to 'tcp://172.20.209.13:60146': in <closed TCP>: TimeoutError: [Errno 110] Connection timed out
distributed.worker - ERROR - failed during get data with tcp://172.20.214.36:41373 -> None
Traceback (most recent call last):
  File "/users/ntolley/anaconda/sbi/lib/python3.7/site-packages/tornado/iostream.py", line 867, in _read_to_buffer
    bytes_read = self.read_from_fd(buf)
  File "/users/ntolley/anaconda/sbi/lib/python3.7/site-packages/tornado/iostream.py", line 1140, in read_from_fd
    return self.socket.recv_into(buf, len(buf))
TimeoutError: [Errno 110] Connection timed out

The above exception was the direct cause of the following exception:

Traceback (most recent call last):
  File "/users/ntolley/anaconda/sbi/lib/python3.7/site-packages/distributed/worker.py", line 1347, in get_data
    compressed = await comm.write(msg, serializers=serializers)
  File "/users/ntolley/anaconda/sbi/lib/python3.7/site-packages/distributed/comm/tcp.py", line 265, in write
    convert_stream_closed_error(self, e)
  File "/users/ntolley/anaconda/sbi/lib/python3.7/site-packages/distributed/comm/tcp.py", line 124, in convert_stream_closed_error
    ) from exc
distributed.comm.core.CommClosedError: in <closed TCP>: TimeoutError: [Errno 110] Connection timed out
distributed.core - INFO - Lost connection to 'tcp://172.20.209.13:49932': in <closed TCP>: TimeoutError: [Errno 110] Connection timed out
distributed.worker - ERROR - failed during get data with tcp://172.20.214.36:37370 -> None
Traceback (most recent call last):
  File "/users/ntolley/anaconda/sbi/lib/python3.7/site-packages/tornado/iostream.py", line 867, in _read_to_buffer
    bytes_read = self.read_from_fd(buf)
  File "/users/ntolley/anaconda/sbi/lib/python3.7/site-packages/tornado/iostream.py", line 1140, in read_from_fd
    return self.socket.recv_into(buf, len(buf))
TimeoutError: [Errno 110] Connection timed out

The above exception was the direct cause of the following exception:

Traceback (most recent call last):
  File "/users/ntolley/anaconda/sbi/lib/python3.7/site-packages/distributed/worker.py", line 1347, in get_data
    compressed = await comm.write(msg, serializers=serializers)
  File "/users/ntolley/anaconda/sbi/lib/python3.7/site-packages/distributed/comm/tcp.py", line 265, in write
    convert_stream_closed_error(self, e)
  File "/users/ntolley/anaconda/sbi/lib/python3.7/site-packages/distributed/comm/tcp.py", line 124, in convert_stream_closed_error
    ) from exc
distributed.comm.core.CommClosedError: in <closed TCP>: TimeoutError: [Errno 110] Connection timed out
distributed.core - INFO - Lost connection to 'tcp://172.20.209.13:33456': in <closed TCP>: TimeoutError: [Errno 110] Connection timed out
distributed.worker - ERROR - failed during get data with tcp://172.20.214.36:43227 -> None
Traceback (most recent call last):
  File "/users/ntolley/anaconda/sbi/lib/python3.7/site-packages/tornado/iostream.py", line 867, in _read_to_buffer
    bytes_read = self.read_from_fd(buf)
  File "/users/ntolley/anaconda/sbi/lib/python3.7/site-packages/tornado/iostream.py", line 1140, in read_from_fd
    return self.socket.recv_into(buf, len(buf))
TimeoutError: [Errno 110] Connection timed out

The above exception was the direct cause of the following exception:

Traceback (most recent call last):
  File "/users/ntolley/anaconda/sbi/lib/python3.7/site-packages/distributed/worker.py", line 1347, in get_data
    compressed = await comm.write(msg, serializers=serializers)
  File "/users/ntolley/anaconda/sbi/lib/python3.7/site-packages/distributed/comm/tcp.py", line 265, in write
    convert_stream_closed_error(self, e)
  File "/users/ntolley/anaconda/sbi/lib/python3.7/site-packages/distributed/comm/tcp.py", line 124, in convert_stream_closed_error
    ) from exc
distributed.comm.core.CommClosedError: in <closed TCP>: TimeoutError: [Errno 110] Connection timed out
distributed.core - INFO - Lost connection to 'tcp://172.20.209.13:51386': in <closed TCP>: TimeoutError: [Errno 110] Connection timed out
distributed.worker - ERROR - failed during get data with tcp://172.20.214.36:39928 -> None
Traceback (most recent call last):
  File "/users/ntolley/anaconda/sbi/lib/python3.7/site-packages/tornado/iostream.py", line 867, in _read_to_buffer
    bytes_read = self.read_from_fd(buf)
  File "/users/ntolley/anaconda/sbi/lib/python3.7/site-packages/tornado/iostream.py", line 1140, in read_from_fd
    return self.socket.recv_into(buf, len(buf))
TimeoutError: [Errno 110] Connection timed out

The above exception was the direct cause of the following exception:

Traceback (most recent call last):
  File "/users/ntolley/anaconda/sbi/lib/python3.7/site-packages/distributed/worker.py", line 1347, in get_data
    compressed = await comm.write(msg, serializers=serializers)
  File "/users/ntolley/anaconda/sbi/lib/python3.7/site-packages/distributed/comm/tcp.py", line 265, in write
    convert_stream_closed_error(self, e)
  File "/users/ntolley/anaconda/sbi/lib/python3.7/site-packages/distributed/comm/tcp.py", line 124, in convert_stream_closed_error
    ) from exc
distributed.comm.core.CommClosedError: in <closed TCP>: TimeoutError: [Errno 110] Connection timed out
distributed.core - INFO - Lost connection to 'tcp://172.20.209.13:43990': in <closed TCP>: TimeoutError: [Errno 110] Connection timed out
distributed.worker - ERROR - failed during get data with tcp://172.20.214.36:45919 -> None
Traceback (most recent call last):
  File "/users/ntolley/anaconda/sbi/lib/python3.7/site-packages/tornado/iostream.py", line 867, in _read_to_buffer
    bytes_read = self.read_from_fd(buf)
  File "/users/ntolley/anaconda/sbi/lib/python3.7/site-packages/tornado/iostream.py", line 1140, in read_from_fd
    return self.socket.recv_into(buf, len(buf))
TimeoutError: [Errno 110] Connection timed out

The above exception was the direct cause of the following exception:

Traceback (most recent call last):
  File "/users/ntolley/anaconda/sbi/lib/python3.7/site-packages/distributed/worker.py", line 1347, in get_data
    compressed = await comm.write(msg, serializers=serializers)
  File "/users/ntolley/anaconda/sbi/lib/python3.7/site-packages/distributed/comm/tcp.py", line 265, in write
    convert_stream_closed_error(self, e)
  File "/users/ntolley/anaconda/sbi/lib/python3.7/site-packages/distributed/comm/tcp.py", line 124, in convert_stream_closed_error
    ) from exc
distributed.comm.core.CommClosedError: in <closed TCP>: TimeoutError: [Errno 110] Connection timed out
distributed.worker - ERROR - failed during get data with tcp://172.20.214.36:38220 -> None
Traceback (most recent call last):
  File "/users/ntolley/anaconda/sbi/lib/python3.7/site-packages/tornado/iostream.py", line 867, in _read_to_buffer
    bytes_read = self.read_from_fd(buf)
  File "/users/ntolley/anaconda/sbi/lib/python3.7/site-packages/tornado/iostream.py", line 1140, in read_from_fd
    return self.socket.recv_into(buf, len(buf))
TimeoutError: [Errno 110] Connection timed out

The above exception was the direct cause of the following exception:

Traceback (most recent call last):
  File "/users/ntolley/anaconda/sbi/lib/python3.7/site-packages/distributed/worker.py", line 1347, in get_data
    compressed = await comm.write(msg, serializers=serializers)
  File "/users/ntolley/anaconda/sbi/lib/python3.7/site-packages/distributed/comm/tcp.py", line 265, in write
    convert_stream_closed_error(self, e)
  File "/users/ntolley/anaconda/sbi/lib/python3.7/site-packages/distributed/comm/tcp.py", line 124, in convert_stream_closed_error
    ) from exc
distributed.comm.core.CommClosedError: in <closed TCP>: TimeoutError: [Errno 110] Connection timed out
distributed.core - INFO - Lost connection to 'tcp://172.20.209.13:46202': in <closed TCP>: TimeoutError: [Errno 110] Connection timed out
distributed.core - INFO - Lost connection to 'tcp://172.20.209.13:40182': in <closed TCP>: TimeoutError: [Errno 110] Connection timed out
distributed.worker - ERROR - failed during get data with tcp://172.20.214.36:43802 -> None
Traceback (most recent call last):
  File "/users/ntolley/anaconda/sbi/lib/python3.7/site-packages/tornado/iostream.py", line 867, in _read_to_buffer
    bytes_read = self.read_from_fd(buf)
  File "/users/ntolley/anaconda/sbi/lib/python3.7/site-packages/tornado/iostream.py", line 1140, in read_from_fd
    return self.socket.recv_into(buf, len(buf))
TimeoutError: [Errno 110] Connection timed out

The above exception was the direct cause of the following exception:

Traceback (most recent call last):
  File "/users/ntolley/anaconda/sbi/lib/python3.7/site-packages/distributed/worker.py", line 1347, in get_data
    compressed = await comm.write(msg, serializers=serializers)
  File "/users/ntolley/anaconda/sbi/lib/python3.7/site-packages/distributed/comm/tcp.py", line 265, in write
    convert_stream_closed_error(self, e)
  File "/users/ntolley/anaconda/sbi/lib/python3.7/site-packages/distributed/comm/tcp.py", line 124, in convert_stream_closed_error
    ) from exc
distributed.comm.core.CommClosedError: in <closed TCP>: TimeoutError: [Errno 110] Connection timed out
distributed.worker - ERROR - failed during get data with tcp://172.20.214.36:44616 -> None
Traceback (most recent call last):
  File "/users/ntolley/anaconda/sbi/lib/python3.7/site-packages/tornado/iostream.py", line 867, in _read_to_buffer
    bytes_read = self.read_from_fd(buf)
  File "/users/ntolley/anaconda/sbi/lib/python3.7/site-packages/tornado/iostream.py", line 1140, in read_from_fd
    return self.socket.recv_into(buf, len(buf))
TimeoutError: [Errno 110] Connection timed out

The above exception was the direct cause of the following exception:

Traceback (most recent call last):
  File "/users/ntolley/anaconda/sbi/lib/python3.7/site-packages/distributed/worker.py", line 1347, in get_data
    compressed = await comm.write(msg, serializers=serializers)
  File "/users/ntolley/anaconda/sbi/lib/python3.7/site-packages/distributed/comm/tcp.py", line 265, in write
    convert_stream_closed_error(self, e)
  File "/users/ntolley/anaconda/sbi/lib/python3.7/site-packages/distributed/comm/tcp.py", line 124, in convert_stream_closed_error
    ) from exc
distributed.comm.core.CommClosedError: in <closed TCP>: TimeoutError: [Errno 110] Connection timed out
distributed.core - INFO - Lost connection to 'tcp://172.20.209.13:39762': in <closed TCP>: TimeoutError: [Errno 110] Connection timed out
distributed.core - INFO - Lost connection to 'tcp://172.20.209.13:44712': in <closed TCP>: TimeoutError: [Errno 110] Connection timed out
distributed.worker - ERROR - failed during get data with tcp://172.20.214.36:42752 -> None
Traceback (most recent call last):
  File "/users/ntolley/anaconda/sbi/lib/python3.7/site-packages/tornado/iostream.py", line 867, in _read_to_buffer
    bytes_read = self.read_from_fd(buf)
  File "/users/ntolley/anaconda/sbi/lib/python3.7/site-packages/tornado/iostream.py", line 1140, in read_from_fd
    return self.socket.recv_into(buf, len(buf))
TimeoutError: [Errno 110] Connection timed out

The above exception was the direct cause of the following exception:

Traceback (most recent call last):
  File "/users/ntolley/anaconda/sbi/lib/python3.7/site-packages/distributed/worker.py", line 1347, in get_data
    compressed = await comm.write(msg, serializers=serializers)
  File "/users/ntolley/anaconda/sbi/lib/python3.7/site-packages/distributed/comm/tcp.py", line 265, in write
    convert_stream_closed_error(self, e)
  File "/users/ntolley/anaconda/sbi/lib/python3.7/site-packages/distributed/comm/tcp.py", line 124, in convert_stream_closed_error
    ) from exc
distributed.comm.core.CommClosedError: in <closed TCP>: TimeoutError: [Errno 110] Connection timed out
distributed.worker - ERROR - failed during get data with tcp://172.20.214.36:43887 -> None
Traceback (most recent call last):
  File "/users/ntolley/anaconda/sbi/lib/python3.7/site-packages/tornado/iostream.py", line 867, in _read_to_buffer
    bytes_read = self.read_from_fd(buf)
  File "/users/ntolley/anaconda/sbi/lib/python3.7/site-packages/tornado/iostream.py", line 1140, in read_from_fd
    return self.socket.recv_into(buf, len(buf))
TimeoutError: [Errno 110] Connection timed out

The above exception was the direct cause of the following exception:

Traceback (most recent call last):
  File "/users/ntolley/anaconda/sbi/lib/python3.7/site-packages/distributed/worker.py", line 1347, in get_data
    compressed = await comm.write(msg, serializers=serializers)
  File "/users/ntolley/anaconda/sbi/lib/python3.7/site-packages/distributed/comm/tcp.py", line 265, in write
    convert_stream_closed_error(self, e)
  File "/users/ntolley/anaconda/sbi/lib/python3.7/site-packages/distributed/comm/tcp.py", line 124, in convert_stream_closed_error
    ) from exc
distributed.comm.core.CommClosedError: in <closed TCP>: TimeoutError: [Errno 110] Connection timed out
distributed.core - INFO - Lost connection to 'tcp://172.20.209.13:55940': in <closed TCP>: TimeoutError: [Errno 110] Connection timed out
distributed.core - INFO - Lost connection to 'tcp://172.20.209.13:46532': in <closed TCP>: TimeoutError: [Errno 110] Connection timed out
distributed.worker - ERROR - failed during get data with tcp://172.20.214.36:33379 -> None
Traceback (most recent call last):
  File "/users/ntolley/anaconda/sbi/lib/python3.7/site-packages/tornado/iostream.py", line 867, in _read_to_buffer
    bytes_read = self.read_from_fd(buf)
  File "/users/ntolley/anaconda/sbi/lib/python3.7/site-packages/tornado/iostream.py", line 1140, in read_from_fd
    return self.socket.recv_into(buf, len(buf))
TimeoutError: [Errno 110] Connection timed out

The above exception was the direct cause of the following exception:

Traceback (most recent call last):
  File "/users/ntolley/anaconda/sbi/lib/python3.7/site-packages/distributed/worker.py", line 1347, in get_data
    compressed = await comm.write(msg, serializers=serializers)
  File "/users/ntolley/anaconda/sbi/lib/python3.7/site-packages/distributed/comm/tcp.py", line 265, in write
    convert_stream_closed_error(self, e)
  File "/users/ntolley/anaconda/sbi/lib/python3.7/site-packages/distributed/comm/tcp.py", line 124, in convert_stream_closed_error
    ) from exc
distributed.comm.core.CommClosedError: in <closed TCP>: TimeoutError: [Errno 110] Connection timed out
distributed.core - INFO - Lost connection to 'tcp://172.20.209.13:56524': in <closed TCP>: TimeoutError: [Errno 110] Connection timed out
distributed.worker - ERROR - failed during get data with tcp://172.20.214.36:38041 -> None
Traceback (most recent call last):
  File "/users/ntolley/anaconda/sbi/lib/python3.7/site-packages/tornado/iostream.py", line 867, in _read_to_buffer
    bytes_read = self.read_from_fd(buf)
  File "/users/ntolley/anaconda/sbi/lib/python3.7/site-packages/tornado/iostream.py", line 1140, in read_from_fd
    return self.socket.recv_into(buf, len(buf))
TimeoutError: [Errno 110] Connection timed out

The above exception was the direct cause of the following exception:

Traceback (most recent call last):
  File "/users/ntolley/anaconda/sbi/lib/python3.7/site-packages/distributed/worker.py", line 1347, in get_data
    compressed = await comm.write(msg, serializers=serializers)
  File "/users/ntolley/anaconda/sbi/lib/python3.7/site-packages/distributed/comm/tcp.py", line 265, in write
    convert_stream_closed_error(self, e)
  File "/users/ntolley/anaconda/sbi/lib/python3.7/site-packages/distributed/comm/tcp.py", line 124, in convert_stream_closed_error
    ) from exc
distributed.comm.core.CommClosedError: in <closed TCP>: TimeoutError: [Errno 110] Connection timed out
distributed.core - INFO - Lost connection to 'tcp://172.20.209.13:45626': in <closed TCP>: TimeoutError: [Errno 110] Connection timed out
distributed.worker - ERROR - failed during get data with tcp://172.20.214.36:39783 -> None
Traceback (most recent call last):
  File "/users/ntolley/anaconda/sbi/lib/python3.7/site-packages/tornado/iostream.py", line 867, in _read_to_buffer
    bytes_read = self.read_from_fd(buf)
  File "/users/ntolley/anaconda/sbi/lib/python3.7/site-packages/tornado/iostream.py", line 1140, in read_from_fd
    return self.socket.recv_into(buf, len(buf))
TimeoutError: [Errno 110] Connection timed out

The above exception was the direct cause of the following exception:

Traceback (most recent call last):
  File "/users/ntolley/anaconda/sbi/lib/python3.7/site-packages/distributed/worker.py", line 1347, in get_data
    compressed = await comm.write(msg, serializers=serializers)
  File "/users/ntolley/anaconda/sbi/lib/python3.7/site-packages/distributed/comm/tcp.py", line 265, in write
    convert_stream_closed_error(self, e)
  File "/users/ntolley/anaconda/sbi/lib/python3.7/site-packages/distributed/comm/tcp.py", line 124, in convert_stream_closed_error
    ) from exc
distributed.comm.core.CommClosedError: in <closed TCP>: TimeoutError: [Errno 110] Connection timed out
distributed.core - INFO - Lost connection to 'tcp://172.20.209.13:46420': in <closed TCP>: TimeoutError: [Errno 110] Connection timed out
distributed.worker - ERROR - failed during get data with tcp://172.20.214.36:33935 -> None
Traceback (most recent call last):
  File "/users/ntolley/anaconda/sbi/lib/python3.7/site-packages/tornado/iostream.py", line 867, in _read_to_buffer
    bytes_read = self.read_from_fd(buf)
  File "/users/ntolley/anaconda/sbi/lib/python3.7/site-packages/tornado/iostream.py", line 1140, in read_from_fd
    return self.socket.recv_into(buf, len(buf))
TimeoutError: [Errno 110] Connection timed out

The above exception was the direct cause of the following exception:

Traceback (most recent call last):
  File "/users/ntolley/anaconda/sbi/lib/python3.7/site-packages/distributed/worker.py", line 1347, in get_data
    compressed = await comm.write(msg, serializers=serializers)
  File "/users/ntolley/anaconda/sbi/lib/python3.7/site-packages/distributed/comm/tcp.py", line 265, in write
    convert_stream_closed_error(self, e)
  File "/users/ntolley/anaconda/sbi/lib/python3.7/site-packages/distributed/comm/tcp.py", line 124, in convert_stream_closed_error
    ) from exc
distributed.comm.core.CommClosedError: in <closed TCP>: TimeoutError: [Errno 110] Connection timed out
distributed.core - INFO - Lost connection to 'tcp://172.20.209.13:38044': in <closed TCP>: TimeoutError: [Errno 110] Connection timed out
distributed.worker - ERROR - failed during get data with tcp://172.20.214.36:42785 -> None
Traceback (most recent call last):
  File "/users/ntolley/anaconda/sbi/lib/python3.7/site-packages/tornado/iostream.py", line 867, in _read_to_buffer
    bytes_read = self.read_from_fd(buf)
  File "/users/ntolley/anaconda/sbi/lib/python3.7/site-packages/tornado/iostream.py", line 1140, in read_from_fd
    return self.socket.recv_into(buf, len(buf))
TimeoutError: [Errno 110] Connection timed out

The above exception was the direct cause of the following exception:

Traceback (most recent call last):
  File "/users/ntolley/anaconda/sbi/lib/python3.7/site-packages/distributed/worker.py", line 1347, in get_data
    compressed = await comm.write(msg, serializers=serializers)
  File "/users/ntolley/anaconda/sbi/lib/python3.7/site-packages/distributed/comm/tcp.py", line 265, in write
    convert_stream_closed_error(self, e)
  File "/users/ntolley/anaconda/sbi/lib/python3.7/site-packages/distributed/comm/tcp.py", line 124, in convert_stream_closed_error
    ) from exc
distributed.comm.core.CommClosedError: in <closed TCP>: TimeoutError: [Errno 110] Connection timed out
distributed.core - INFO - Lost connection to 'tcp://172.20.209.13:35528': in <closed TCP>: TimeoutError: [Errno 110] Connection timed out
distributed.worker - ERROR - failed during get data with tcp://172.20.214.36:39294 -> None
Traceback (most recent call last):
  File "/users/ntolley/anaconda/sbi/lib/python3.7/site-packages/tornado/iostream.py", line 867, in _read_to_buffer
    bytes_read = self.read_from_fd(buf)
  File "/users/ntolley/anaconda/sbi/lib/python3.7/site-packages/tornado/iostream.py", line 1140, in read_from_fd
    return self.socket.recv_into(buf, len(buf))
TimeoutError: [Errno 110] Connection timed out

The above exception was the direct cause of the following exception:

Traceback (most recent call last):
  File "/users/ntolley/anaconda/sbi/lib/python3.7/site-packages/distributed/worker.py", line 1347, in get_data
    compressed = await comm.write(msg, serializers=serializers)
  File "/users/ntolley/anaconda/sbi/lib/python3.7/site-packages/distributed/comm/tcp.py", line 265, in write
    convert_stream_closed_error(self, e)
  File "/users/ntolley/anaconda/sbi/lib/python3.7/site-packages/distributed/comm/tcp.py", line 124, in convert_stream_closed_error
    ) from exc
distributed.comm.core.CommClosedError: in <closed TCP>: TimeoutError: [Errno 110] Connection timed out
distributed.core - INFO - Lost connection to 'tcp://172.20.209.13:45982': in <closed TCP>: TimeoutError: [Errno 110] Connection timed out
distributed.worker - ERROR - failed during get data with tcp://172.20.214.36:34093 -> None
Traceback (most recent call last):
  File "/users/ntolley/anaconda/sbi/lib/python3.7/site-packages/tornado/iostream.py", line 867, in _read_to_buffer
    bytes_read = self.read_from_fd(buf)
  File "/users/ntolley/anaconda/sbi/lib/python3.7/site-packages/tornado/iostream.py", line 1140, in read_from_fd
    return self.socket.recv_into(buf, len(buf))
TimeoutError: [Errno 110] Connection timed out

The above exception was the direct cause of the following exception:

Traceback (most recent call last):
  File "/users/ntolley/anaconda/sbi/lib/python3.7/site-packages/distributed/worker.py", line 1347, in get_data
    compressed = await comm.write(msg, serializers=serializers)
  File "/users/ntolley/anaconda/sbi/lib/python3.7/site-packages/distributed/comm/tcp.py", line 265, in write
    convert_stream_closed_error(self, e)
  File "/users/ntolley/anaconda/sbi/lib/python3.7/site-packages/distributed/comm/tcp.py", line 124, in convert_stream_closed_error
    ) from exc
distributed.comm.core.CommClosedError: in <closed TCP>: TimeoutError: [Errno 110] Connection timed out
distributed.worker - ERROR - failed during get data with tcp://172.20.214.36:35631 -> None
Traceback (most recent call last):
  File "/users/ntolley/anaconda/sbi/lib/python3.7/site-packages/tornado/iostream.py", line 867, in _read_to_buffer
    bytes_read = self.read_from_fd(buf)
  File "/users/ntolley/anaconda/sbi/lib/python3.7/site-packages/tornado/iostream.py", line 1140, in read_from_fd
    return self.socket.recv_into(buf, len(buf))
TimeoutError: [Errno 110] Connection timed out

The above exception was the direct cause of the following exception:

Traceback (most recent call last):
  File "/users/ntolley/anaconda/sbi/lib/python3.7/site-packages/distributed/worker.py", line 1347, in get_data
    compressed = await comm.write(msg, serializers=serializers)
  File "/users/ntolley/anaconda/sbi/lib/python3.7/site-packages/distributed/comm/tcp.py", line 265, in write
    convert_stream_closed_error(self, e)
  File "/users/ntolley/anaconda/sbi/lib/python3.7/site-packages/distributed/comm/tcp.py", line 124, in convert_stream_closed_error
    ) from exc
distributed.comm.core.CommClosedError: in <closed TCP>: TimeoutError: [Errno 110] Connection timed out
distributed.core - INFO - Lost connection to 'tcp://172.20.209.13:50098': in <closed TCP>: TimeoutError: [Errno 110] Connection timed out
distributed.core - INFO - Lost connection to 'tcp://172.20.209.13:35366': in <closed TCP>: TimeoutError: [Errno 110] Connection timed out
distributed.worker - ERROR - failed during get data with tcp://172.20.214.36:43374 -> None
Traceback (most recent call last):
  File "/users/ntolley/anaconda/sbi/lib/python3.7/site-packages/tornado/iostream.py", line 867, in _read_to_buffer
    bytes_read = self.read_from_fd(buf)
  File "/users/ntolley/anaconda/sbi/lib/python3.7/site-packages/tornado/iostream.py", line 1140, in read_from_fd
    return self.socket.recv_into(buf, len(buf))
TimeoutError: [Errno 110] Connection timed out

The above exception was the direct cause of the following exception:

Traceback (most recent call last):
  File "/users/ntolley/anaconda/sbi/lib/python3.7/site-packages/distributed/worker.py", line 1347, in get_data
    compressed = await comm.write(msg, serializers=serializers)
  File "/users/ntolley/anaconda/sbi/lib/python3.7/site-packages/distributed/comm/tcp.py", line 265, in write
    convert_stream_closed_error(self, e)
  File "/users/ntolley/anaconda/sbi/lib/python3.7/site-packages/distributed/comm/tcp.py", line 124, in convert_stream_closed_error
    ) from exc
distributed.comm.core.CommClosedError: in <closed TCP>: TimeoutError: [Errno 110] Connection timed out
distributed.worker - ERROR - failed during get data with tcp://172.20.214.36:43915 -> None
Traceback (most recent call last):
  File "/users/ntolley/anaconda/sbi/lib/python3.7/site-packages/tornado/iostream.py", line 867, in _read_to_buffer
    bytes_read = self.read_from_fd(buf)
  File "/users/ntolley/anaconda/sbi/lib/python3.7/site-packages/tornado/iostream.py", line 1140, in read_from_fd
    return self.socket.recv_into(buf, len(buf))
TimeoutError: [Errno 110] Connection timed out

The above exception was the direct cause of the following exception:

Traceback (most recent call last):
  File "/users/ntolley/anaconda/sbi/lib/python3.7/site-packages/distributed/worker.py", line 1347, in get_data
    compressed = await comm.write(msg, serializers=serializers)
  File "/users/ntolley/anaconda/sbi/lib/python3.7/site-packages/distributed/comm/tcp.py", line 265, in write
    convert_stream_closed_error(self, e)
  File "/users/ntolley/anaconda/sbi/lib/python3.7/site-packages/distributed/comm/tcp.py", line 124, in convert_stream_closed_error
    ) from exc
distributed.comm.core.CommClosedError: in <closed TCP>: TimeoutError: [Errno 110] Connection timed out
distributed.worker - ERROR - failed during get data with tcp://172.20.214.36:42287 -> None
Traceback (most recent call last):
  File "/users/ntolley/anaconda/sbi/lib/python3.7/site-packages/tornado/iostream.py", line 867, in _read_to_buffer
    bytes_read = self.read_from_fd(buf)
  File "/users/ntolley/anaconda/sbi/lib/python3.7/site-packages/tornado/iostream.py", line 1140, in read_from_fd
    return self.socket.recv_into(buf, len(buf))
TimeoutError: [Errno 110] Connection timed out

The above exception was the direct cause of the following exception:

Traceback (most recent call last):
  File "/users/ntolley/anaconda/sbi/lib/python3.7/site-packages/distributed/worker.py", line 1347, in get_data
    compressed = await comm.write(msg, serializers=serializers)
  File "/users/ntolley/anaconda/sbi/lib/python3.7/site-packages/distributed/comm/tcp.py", line 265, in write
    convert_stream_closed_error(self, e)
  File "/users/ntolley/anaconda/sbi/lib/python3.7/site-packages/distributed/comm/tcp.py", line 124, in convert_stream_closed_error
    ) from exc
distributed.comm.core.CommClosedError: in <closed TCP>: TimeoutError: [Errno 110] Connection timed out
distributed.core - INFO - Lost connection to 'tcp://172.20.209.13:52764': in <closed TCP>: TimeoutError: [Errno 110] Connection timed out
distributed.core - INFO - Lost connection to 'tcp://172.20.209.13:45336': in <closed TCP>: TimeoutError: [Errno 110] Connection timed out
distributed.core - INFO - Lost connection to 'tcp://172.20.209.13:36836': in <closed TCP>: TimeoutError: [Errno 110] Connection timed out
distributed.worker - ERROR - failed during get data with tcp://172.20.214.36:38556 -> None
Traceback (most recent call last):
  File "/users/ntolley/anaconda/sbi/lib/python3.7/site-packages/tornado/iostream.py", line 867, in _read_to_buffer
    bytes_read = self.read_from_fd(buf)
  File "/users/ntolley/anaconda/sbi/lib/python3.7/site-packages/tornado/iostream.py", line 1140, in read_from_fd
    return self.socket.recv_into(buf, len(buf))
TimeoutError: [Errno 110] Connection timed out

The above exception was the direct cause of the following exception:

Traceback (most recent call last):
  File "/users/ntolley/anaconda/sbi/lib/python3.7/site-packages/distributed/worker.py", line 1347, in get_data
    compressed = await comm.write(msg, serializers=serializers)
  File "/users/ntolley/anaconda/sbi/lib/python3.7/site-packages/distributed/comm/tcp.py", line 265, in write
    convert_stream_closed_error(self, e)
  File "/users/ntolley/anaconda/sbi/lib/python3.7/site-packages/distributed/comm/tcp.py", line 124, in convert_stream_closed_error
    ) from exc
distributed.comm.core.CommClosedError: in <closed TCP>: TimeoutError: [Errno 110] Connection timed out
distributed.core - INFO - Lost connection to 'tcp://172.20.209.13:39702': in <closed TCP>: TimeoutError: [Errno 110] Connection timed out
distributed.worker - ERROR - failed during get data with tcp://172.20.214.36:34170 -> None
Traceback (most recent call last):
  File "/users/ntolley/anaconda/sbi/lib/python3.7/site-packages/tornado/iostream.py", line 867, in _read_to_buffer
    bytes_read = self.read_from_fd(buf)
  File "/users/ntolley/anaconda/sbi/lib/python3.7/site-packages/tornado/iostream.py", line 1140, in read_from_fd
    return self.socket.recv_into(buf, len(buf))
TimeoutError: [Errno 110] Connection timed out

The above exception was the direct cause of the following exception:

Traceback (most recent call last):
  File "/users/ntolley/anaconda/sbi/lib/python3.7/site-packages/distributed/worker.py", line 1347, in get_data
    compressed = await comm.write(msg, serializers=serializers)
  File "/users/ntolley/anaconda/sbi/lib/python3.7/site-packages/distributed/comm/tcp.py", line 265, in write
    convert_stream_closed_error(self, e)
  File "/users/ntolley/anaconda/sbi/lib/python3.7/site-packages/distributed/comm/tcp.py", line 124, in convert_stream_closed_error
    ) from exc
distributed.comm.core.CommClosedError: in <closed TCP>: TimeoutError: [Errno 110] Connection timed out
distributed.core - INFO - Lost connection to 'tcp://172.20.209.13:48280': in <closed TCP>: TimeoutError: [Errno 110] Connection timed out
distributed.worker - INFO - -------------------------------------------------
distributed.worker - INFO - -------------------------------------------------
distributed.worker - INFO - -------------------------------------------------
distributed.worker - INFO - -------------------------------------------------
distributed.worker - INFO - -------------------------------------------------
distributed.worker - INFO -         Registered to:  tcp://172.20.209.13:43865
distributed.worker - INFO - -------------------------------------------------
distributed.core - INFO - Starting established connection
distributed.worker - INFO - -------------------------------------------------
distributed.worker - INFO -         Registered to:  tcp://172.20.209.13:43865
distributed.worker - INFO - -------------------------------------------------
distributed.core - INFO - Starting established connection
distributed.worker - INFO -         Registered to:  tcp://172.20.209.13:43865
distributed.worker - INFO - -------------------------------------------------
distributed.core - INFO - Starting established connection
distributed.worker - INFO -         Registered to:  tcp://172.20.209.13:43865
distributed.worker - INFO - -------------------------------------------------
distributed.core - INFO - Starting established connection
distributed.worker - INFO - -------------------------------------------------
distributed.worker - INFO - -------------------------------------------------
distributed.worker - INFO - -------------------------------------------------
distributed.worker - INFO - -------------------------------------------------
distributed.worker - INFO - -------------------------------------------------
distributed.worker - INFO -         Registered to:  tcp://172.20.209.13:43865
distributed.worker - INFO - -------------------------------------------------
distributed.core - INFO - Starting established connection
distributed.worker - INFO - -------------------------------------------------
distributed.worker - INFO - -------------------------------------------------
distributed.worker - INFO - -------------------------------------------------
distributed.worker - INFO -         Registered to:  tcp://172.20.209.13:43865
distributed.worker - INFO - -------------------------------------------------
distributed.core - INFO - Starting established connection
distributed.worker - INFO -         Registered to:  tcp://172.20.209.13:43865
distributed.worker - INFO - -------------------------------------------------
distributed.core - INFO - Starting established connection
distributed.worker - INFO -         Registered to:  tcp://172.20.209.13:43865
distributed.worker - INFO - -------------------------------------------------
distributed.core - INFO - Starting established connection
distributed.worker - INFO - -------------------------------------------------
distributed.worker - INFO -         Registered to:  tcp://172.20.209.13:43865
distributed.worker - INFO - -------------------------------------------------
distributed.core - INFO - Starting established connection
distributed.worker - INFO -         Registered to:  tcp://172.20.209.13:43865
distributed.worker - INFO - -------------------------------------------------
distributed.core - INFO - Starting established connection
distributed.worker - INFO -         Registered to:  tcp://172.20.209.13:43865
distributed.worker - INFO - -------------------------------------------------
distributed.core - INFO - Starting established connection
distributed.worker - INFO -         Registered to:  tcp://172.20.209.13:43865
distributed.worker - INFO - -------------------------------------------------
distributed.worker - INFO - -------------------------------------------------
distributed.core - INFO - Starting established connection
distributed.worker - INFO -         Registered to:  tcp://172.20.209.13:43865
distributed.worker - INFO - -------------------------------------------------
distributed.core - INFO - Starting established connection
distributed.worker - INFO - -------------------------------------------------
distributed.worker - INFO - -------------------------------------------------
distributed.worker - INFO - -------------------------------------------------
distributed.worker - INFO -         Registered to:  tcp://172.20.209.13:43865
distributed.worker - INFO - -------------------------------------------------
distributed.core - INFO - Starting established connection
distributed.worker - INFO -         Registered to:  tcp://172.20.209.13:43865
distributed.worker - INFO - -------------------------------------------------
distributed.core - INFO - Starting established connection
distributed.worker - INFO -         Registered to:  tcp://172.20.209.13:43865
distributed.worker - INFO - -------------------------------------------------
distributed.core - INFO - Starting established connection
distributed.worker - INFO - -------------------------------------------------
distributed.worker - INFO - -------------------------------------------------
distributed.worker - INFO -         Registered to:  tcp://172.20.209.13:43865
distributed.worker - INFO - -------------------------------------------------
distributed.core - INFO - Starting established connection
distributed.worker - INFO -         Registered to:  tcp://172.20.209.13:43865
distributed.worker - INFO - -------------------------------------------------
distributed.core - INFO - Starting established connection
distributed.worker - INFO -         Registered to:  tcp://172.20.209.13:43865
distributed.worker - INFO - -------------------------------------------------
distributed.core - INFO - Starting established connection
distributed.worker - INFO -         Registered to:  tcp://172.20.209.13:43865
distributed.worker - INFO - -------------------------------------------------
distributed.core - INFO - Starting established connection
distributed.worker - INFO -         Registered to:  tcp://172.20.209.13:43865
distributed.worker - INFO - -------------------------------------------------
distributed.worker - INFO - -------------------------------------------------
distributed.core - INFO - Starting established connection
distributed.worker - INFO - -------------------------------------------------
distributed.worker - INFO - -------------------------------------------------
distributed.worker - INFO - -------------------------------------------------
distributed.worker - INFO - -------------------------------------------------
distributed.worker - INFO - -------------------------------------------------
distributed.worker - INFO - -------------------------------------------------
distributed.worker - INFO - -------------------------------------------------
distributed.worker - INFO - -------------------------------------------------
distributed.worker - INFO - -------------------------------------------------
distributed.worker - INFO - -------------------------------------------------
distributed.worker - INFO - -------------------------------------------------
distributed.worker - INFO -         Registered to:  tcp://172.20.209.13:43865
distributed.worker - INFO - -------------------------------------------------
distributed.core - INFO - Starting established connection
distributed.worker - INFO -         Registered to:  tcp://172.20.209.13:43865
distributed.worker - INFO - -------------------------------------------------
distributed.core - INFO - Starting established connection
distributed.worker - INFO -         Registered to:  tcp://172.20.209.13:43865
distributed.worker - INFO - -------------------------------------------------
distributed.core - INFO - Starting established connection
distributed.worker - INFO -         Registered to:  tcp://172.20.209.13:43865
distributed.worker - INFO - -------------------------------------------------
distributed.core - INFO - Starting established connection
distributed.worker - INFO -         Registered to:  tcp://172.20.209.13:43865
distributed.worker - INFO - -------------------------------------------------
distributed.core - INFO - Starting established connection
distributed.worker - INFO -         Registered to:  tcp://172.20.209.13:43865
distributed.worker - INFO - -------------------------------------------------
distributed.core - INFO - Starting established connection
distributed.worker - INFO -         Registered to:  tcp://172.20.209.13:43865
distributed.worker - INFO - -------------------------------------------------
distributed.core - INFO - Starting established connection
distributed.worker - INFO -         Registered to:  tcp://172.20.209.13:43865
distributed.worker - INFO - -------------------------------------------------
distributed.core - INFO - Starting established connection
distributed.worker - INFO -         Registered to:  tcp://172.20.209.13:43865
distributed.worker - INFO - -------------------------------------------------
distributed.core - INFO - Starting established connection
distributed.worker - INFO -         Registered to:  tcp://172.20.209.13:43865
distributed.worker - INFO - -------------------------------------------------
distributed.core - INFO - Starting established connection
distributed.worker - INFO -         Registered to:  tcp://172.20.209.13:43865
distributed.worker - INFO - -------------------------------------------------
distributed.core - INFO - Starting established connection
distributed.worker - INFO -         Registered to:  tcp://172.20.209.13:43865
distributed.worker - INFO - -------------------------------------------------
distributed.core - INFO - Starting established connection
distributed.worker - INFO - Connection to scheduler broken.  Reconnecting...
distributed.worker - INFO - Connection to scheduler broken.  Reconnecting...
distributed.worker - INFO - Connection to scheduler broken.  Reconnecting...
distributed.worker - INFO - Connection to scheduler broken.  Reconnecting...
distributed.worker - INFO - Connection to scheduler broken.  Reconnecting...
distributed.worker - INFO - Connection to scheduler broken.  Reconnecting...
distributed.worker - INFO - Connection to scheduler broken.  Reconnecting...
distributed.worker - INFO - Connection to scheduler broken.  Reconnecting...
distributed.worker - INFO - Connection to scheduler broken.  Reconnecting...
distributed.worker - INFO - Connection to scheduler broken.  Reconnecting...
distributed.worker - INFO - Connection to scheduler broken.  Reconnecting...
distributed.worker - INFO - Connection to scheduler broken.  Reconnecting...
distributed.worker - INFO - Connection to scheduler broken.  Reconnecting...
distributed.worker - INFO - Connection to scheduler broken.  Reconnecting...
distributed.worker - INFO - Connection to scheduler broken.  Reconnecting...
distributed.worker - INFO - Connection to scheduler broken.  Reconnecting...
distributed.worker - INFO - Connection to scheduler broken.  Reconnecting...
distributed.worker - INFO - Connection to scheduler broken.  Reconnecting...
distributed.worker - INFO - Connection to scheduler broken.  Reconnecting...
distributed.worker - INFO - Connection to scheduler broken.  Reconnecting...
distributed.worker - INFO - Connection to scheduler broken.  Reconnecting...
distributed.worker - INFO - Connection to scheduler broken.  Reconnecting...
distributed.worker - WARNING - Heartbeat to scheduler failed
distributed.worker - WARNING - Heartbeat to scheduler failed
distributed.worker - WARNING - Heartbeat to scheduler failed
distributed.worker - WARNING - Heartbeat to scheduler failed
distributed.worker - WARNING - Heartbeat to scheduler failed
distributed.worker - WARNING - Heartbeat to scheduler failed
distributed.worker - WARNING - Heartbeat to scheduler failed
distributed.worker - WARNING - Heartbeat to scheduler failed
distributed.worker - WARNING - Heartbeat to scheduler failed
distributed.worker - WARNING - Heartbeat to scheduler failed
distributed.worker - INFO - Connection to scheduler broken.  Reconnecting...
distributed.worker - INFO - Connection to scheduler broken.  Reconnecting...
distributed.worker - WARNING - Heartbeat to scheduler failed
distributed.worker - INFO - Connection to scheduler broken.  Reconnecting...
distributed.worker - WARNING - Heartbeat to scheduler failed
distributed.worker - INFO - Connection to scheduler broken.  Reconnecting...
distributed.worker - WARNING - Heartbeat to scheduler failed
distributed.worker - INFO - Connection to scheduler broken.  Reconnecting...
distributed.worker - INFO - Connection to scheduler broken.  Reconnecting...
distributed.worker - INFO - Connection to scheduler broken.  Reconnecting...
distributed.worker - INFO - Connection to scheduler broken.  Reconnecting...
distributed.worker - ERROR - failed during get data with tcp://172.20.214.36:44584 -> None
Traceback (most recent call last):
  File "/users/ntolley/anaconda/sbi/lib/python3.7/site-packages/distributed/comm/tcp.py", line 260, in write
    await future
tornado.iostream.StreamClosedError: Stream is closed

The above exception was the direct cause of the following exception:

Traceback (most recent call last):
  File "/users/ntolley/anaconda/sbi/lib/python3.7/site-packages/distributed/worker.py", line 1347, in get_data
    compressed = await comm.write(msg, serializers=serializers)
  File "/users/ntolley/anaconda/sbi/lib/python3.7/site-packages/distributed/comm/tcp.py", line 265, in write
    convert_stream_closed_error(self, e)
  File "/users/ntolley/anaconda/sbi/lib/python3.7/site-packages/distributed/comm/tcp.py", line 126, in convert_stream_closed_error
    raise CommClosedError("in %s: %s" % (obj, exc)) from exc
distributed.comm.core.CommClosedError: in <closed TCP>: Stream is closed
distributed.worker - ERROR - failed during get data with tcp://172.20.214.36:36255 -> None
Traceback (most recent call last):
  File "/users/ntolley/anaconda/sbi/lib/python3.7/site-packages/distributed/comm/tcp.py", line 260, in write
    await future
tornado.iostream.StreamClosedError: Stream is closed

The above exception was the direct cause of the following exception:

Traceback (most recent call last):
  File "/users/ntolley/anaconda/sbi/lib/python3.7/site-packages/distributed/worker.py", line 1347, in get_data
    compressed = await comm.write(msg, serializers=serializers)
  File "/users/ntolley/anaconda/sbi/lib/python3.7/site-packages/distributed/comm/tcp.py", line 265, in write
    convert_stream_closed_error(self, e)
  File "/users/ntolley/anaconda/sbi/lib/python3.7/site-packages/distributed/comm/tcp.py", line 126, in convert_stream_closed_error
    raise CommClosedError("in %s: %s" % (obj, exc)) from exc
distributed.comm.core.CommClosedError: in <closed TCP>: Stream is closed
distributed.worker - INFO - Connection to scheduler broken.  Reconnecting...
distributed.worker - INFO - Connection to scheduler broken.  Reconnecting...
distributed.worker - WARNING - Heartbeat to scheduler failed
distributed.worker - INFO - Connection to scheduler broken.  Reconnecting...
distributed.core - INFO - Lost connection to 'tcp://172.20.209.13:48694': in <closed TCP>: Stream is closed
distributed.worker - WARNING - Heartbeat to scheduler failed
distributed.core - INFO - Lost connection to 'tcp://172.20.209.13:34788': in <closed TCP>: Stream is closed
distributed.worker - WARNING - Heartbeat to scheduler failed
distributed.worker - INFO - Connection to scheduler broken.  Reconnecting...
distributed.worker - INFO - Connection to scheduler broken.  Reconnecting...
distributed.worker - INFO - Connection to scheduler broken.  Reconnecting...
distributed.worker - INFO - Connection to scheduler broken.  Reconnecting...
distributed.worker - INFO - Connection to scheduler broken.  Reconnecting...
distributed.worker - INFO - Connection to scheduler broken.  Reconnecting...
distributed.worker - INFO - Connection to scheduler broken.  Reconnecting...
distributed.worker - INFO - Connection to scheduler broken.  Reconnecting...
distributed.worker - INFO - Connection to scheduler broken.  Reconnecting...
distributed.worker - INFO - Connection to scheduler broken.  Reconnecting...
distributed.worker - INFO - Connection to scheduler broken.  Reconnecting...
distributed.worker - INFO - Connection to scheduler broken.  Reconnecting...
distributed.worker - INFO - Connection to scheduler broken.  Reconnecting...
distributed.worker - INFO - Connection to scheduler broken.  Reconnecting...
distributed.worker - INFO - Connection to scheduler broken.  Reconnecting...
distributed.worker - INFO - Connection to scheduler broken.  Reconnecting...
distributed.worker - INFO - Connection to scheduler broken.  Reconnecting...
distributed.worker - INFO - Connection to scheduler broken.  Reconnecting...
distributed.worker - ERROR - failed during get data with tcp://172.20.214.36:46557 -> None
Traceback (most recent call last):
  File "/users/ntolley/anaconda/sbi/lib/python3.7/site-packages/distributed/comm/tcp.py", line 260, in write
    await future
tornado.iostream.StreamClosedError: Stream is closed

The above exception was the direct cause of the following exception:

Traceback (most recent call last):
  File "/users/ntolley/anaconda/sbi/lib/python3.7/site-packages/distributed/worker.py", line 1347, in get_data
    compressed = await comm.write(msg, serializers=serializers)
  File "/users/ntolley/anaconda/sbi/lib/python3.7/site-packages/distributed/comm/tcp.py", line 265, in write
    convert_stream_closed_error(self, e)
  File "/users/ntolley/anaconda/sbi/lib/python3.7/site-packages/distributed/comm/tcp.py", line 126, in convert_stream_closed_error
    raise CommClosedError("in %s: %s" % (obj, exc)) from exc
distributed.comm.core.CommClosedError: in <closed TCP>: Stream is closed
distributed.worker - INFO - Connection to scheduler broken.  Reconnecting...
distributed.worker - ERROR - failed during get data with tcp://172.20.214.36:42647 -> None
Traceback (most recent call last):
  File "/users/ntolley/anaconda/sbi/lib/python3.7/site-packages/distributed/comm/tcp.py", line 260, in write
    await future
tornado.iostream.StreamClosedError: Stream is closed

The above exception was the direct cause of the following exception:

Traceback (most recent call last):
  File "/users/ntolley/anaconda/sbi/lib/python3.7/site-packages/distributed/worker.py", line 1347, in get_data
    compressed = await comm.write(msg, serializers=serializers)
  File "/users/ntolley/anaconda/sbi/lib/python3.7/site-packages/distributed/comm/tcp.py", line 265, in write
    convert_stream_closed_error(self, e)
  File "/users/ntolley/anaconda/sbi/lib/python3.7/site-packages/distributed/comm/tcp.py", line 126, in convert_stream_closed_error
    raise CommClosedError("in %s: %s" % (obj, exc)) from exc
distributed.comm.core.CommClosedError: in <closed TCP>: Stream is closed
distributed.worker - INFO - Connection to scheduler broken.  Reconnecting...
distributed.worker - INFO - Connection to scheduler broken.  Reconnecting...
distributed.worker - INFO - Connection to scheduler broken.  Reconnecting...
distributed.worker - INFO - Connection to scheduler broken.  Reconnecting...
distributed.worker - INFO - Connection to scheduler broken.  Reconnecting...
distributed.worker - INFO - Connection to scheduler broken.  Reconnecting...
distributed.worker - INFO - Connection to scheduler broken.  Reconnecting...
distributed.worker - INFO - Connection to scheduler broken.  Reconnecting...
distributed.worker - INFO - Connection to scheduler broken.  Reconnecting...
distributed.worker - INFO - Connection to scheduler broken.  Reconnecting...
distributed.worker - INFO - Connection to scheduler broken.  Reconnecting...
distributed.core - INFO - Lost connection to 'tcp://172.20.209.13:58048': in <closed TCP>: Stream is closed
distributed.worker - INFO - Connection to scheduler broken.  Reconnecting...
distributed.core - INFO - Lost connection to 'tcp://172.20.209.13:60828': in <closed TCP>: Stream is closed
distributed.worker - ERROR - failed during get data with tcp://172.20.214.36:38142 -> None
Traceback (most recent call last):
  File "/users/ntolley/anaconda/sbi/lib/python3.7/site-packages/distributed/comm/tcp.py", line 260, in write
    await future
tornado.iostream.StreamClosedError: Stream is closed

The above exception was the direct cause of the following exception:

Traceback (most recent call last):
  File "/users/ntolley/anaconda/sbi/lib/python3.7/site-packages/distributed/worker.py", line 1347, in get_data
    compressed = await comm.write(msg, serializers=serializers)
  File "/users/ntolley/anaconda/sbi/lib/python3.7/site-packages/distributed/comm/tcp.py", line 265, in write
    convert_stream_closed_error(self, e)
  File "/users/ntolley/anaconda/sbi/lib/python3.7/site-packages/distributed/comm/tcp.py", line 126, in convert_stream_closed_error
    raise CommClosedError("in %s: %s" % (obj, exc)) from exc
distributed.comm.core.CommClosedError: in <closed TCP>: Stream is closed
distributed.worker - INFO - Connection to scheduler broken.  Reconnecting...
distributed.worker - INFO - Connection to scheduler broken.  Reconnecting...
distributed.worker - INFO - Connection to scheduler broken.  Reconnecting...
distributed.worker - INFO - Connection to scheduler broken.  Reconnecting...
distributed.worker - INFO - Connection to scheduler broken.  Reconnecting...
distributed.worker - INFO - Connection to scheduler broken.  Reconnecting...
distributed.worker - INFO - Connection to scheduler broken.  Reconnecting...
distributed.worker - INFO - Connection to scheduler broken.  Reconnecting...
distributed.worker - INFO - Connection to scheduler broken.  Reconnecting...
distributed.core - INFO - Lost connection to 'tcp://172.20.209.13:48930': in <closed TCP>: Stream is closed
distributed.worker - INFO - Connection to scheduler broken.  Reconnecting...
distributed.worker - INFO - Connection to scheduler broken.  Reconnecting...
distributed.worker - INFO - Connection to scheduler broken.  Reconnecting...
distributed.worker - INFO - Connection to scheduler broken.  Reconnecting...
distributed.worker - INFO - Connection to scheduler broken.  Reconnecting...
distributed.worker - INFO - Connection to scheduler broken.  Reconnecting...
distributed.worker - INFO - Connection to scheduler broken.  Reconnecting...
distributed.worker - INFO - Connection to scheduler broken.  Reconnecting...
distributed.worker - INFO - Connection to scheduler broken.  Reconnecting...
distributed.worker - ERROR - failed during get data with tcp://172.20.214.36:46055 -> None
Traceback (most recent call last):
  File "/users/ntolley/anaconda/sbi/lib/python3.7/site-packages/distributed/comm/tcp.py", line 260, in write
    await future
tornado.iostream.StreamClosedError: Stream is closed

The above exception was the direct cause of the following exception:

Traceback (most recent call last):
  File "/users/ntolley/anaconda/sbi/lib/python3.7/site-packages/distributed/worker.py", line 1347, in get_data
    compressed = await comm.write(msg, serializers=serializers)
  File "/users/ntolley/anaconda/sbi/lib/python3.7/site-packages/distributed/comm/tcp.py", line 265, in write
    convert_stream_closed_error(self, e)
  File "/users/ntolley/anaconda/sbi/lib/python3.7/site-packages/distributed/comm/tcp.py", line 126, in convert_stream_closed_error
    raise CommClosedError("in %s: %s" % (obj, exc)) from exc
distributed.comm.core.CommClosedError: in <closed TCP>: Stream is closed
distributed.worker - ERROR - failed during get data with tcp://172.20.214.36:46850 -> None
Traceback (most recent call last):
  File "/users/ntolley/anaconda/sbi/lib/python3.7/site-packages/distributed/comm/tcp.py", line 260, in write
    await future
tornado.iostream.StreamClosedError: Stream is closed

The above exception was the direct cause of the following exception:

Traceback (most recent call last):
  File "/users/ntolley/anaconda/sbi/lib/python3.7/site-packages/distributed/worker.py", line 1347, in get_data
    compressed = await comm.write(msg, serializers=serializers)
  File "/users/ntolley/anaconda/sbi/lib/python3.7/site-packages/distributed/comm/tcp.py", line 265, in write
    convert_stream_closed_error(self, e)
  File "/users/ntolley/anaconda/sbi/lib/python3.7/site-packages/distributed/comm/tcp.py", line 126, in convert_stream_closed_error
    raise CommClosedError("in %s: %s" % (obj, exc)) from exc
distributed.comm.core.CommClosedError: in <closed TCP>: Stream is closed
distributed.worker - INFO - Connection to scheduler broken.  Reconnecting...
distributed.core - INFO - Lost connection to 'tcp://172.20.209.13:54840': in <closed TCP>: Stream is closed
distributed.core - INFO - Lost connection to 'tcp://172.20.209.13:42122': in <closed TCP>: Stream is closed
distributed.worker - INFO - Stopping worker at tcp://172.20.214.36:42647
distributed.worker - INFO - Stopping worker at tcp://172.20.214.36:38041
distributed.worker - INFO - Stopping worker at tcp://172.20.214.36:38142
distributed.worker - INFO - Stopping worker at tcp://172.20.214.36:43435
distributed.worker - INFO - Stopping worker at tcp://172.20.214.36:33590
distributed.worker - INFO - Stopping worker at tcp://172.20.214.36:42785
distributed.worker - INFO - Stopping worker at tcp://172.20.214.36:38220
distributed.worker - INFO - Stopping worker at tcp://172.20.214.36:41781
distributed.worker - INFO - Stopping worker at tcp://172.20.214.36:46210
distributed.worker - INFO - Stopping worker at tcp://172.20.214.36:34213
distributed.worker - INFO - Stopping worker at tcp://172.20.214.36:44250
distributed.worker - INFO - Stopping worker at tcp://172.20.214.36:33935
distributed.worker - INFO - Stopping worker at tcp://172.20.214.36:39117
distributed.worker - INFO - Stopping worker at tcp://172.20.214.36:43141
distributed.worker - INFO - Stopping worker at tcp://172.20.214.36:33379
distributed.worker - INFO - Stopping worker at tcp://172.20.214.36:45919
distributed.worker - INFO - Stopping worker at tcp://172.20.214.36:43839
distributed.worker - INFO - Stopping worker at tcp://172.20.214.36:39294
distributed.worker - INFO - Stopping worker at tcp://172.20.214.36:34093
distributed.worker - INFO - Stopping worker at tcp://172.20.214.36:44584
distributed.worker - INFO - Stopping worker at tcp://172.20.214.36:43227
distributed.worker - INFO - Stopping worker at tcp://172.20.214.36:46557
distributed.worker - INFO - Stopping worker at tcp://172.20.214.36:39928
distributed.worker - INFO - Stopping worker at tcp://172.20.214.36:45282
distributed.worker - INFO - Stopping worker at tcp://172.20.214.36:42752
distributed.worker - INFO - Stopping worker at tcp://172.20.214.36:34170
distributed.worker - INFO - Stopping worker at tcp://172.20.214.36:42287
distributed.worker - INFO - Stopping worker at tcp://172.20.214.36:43288
distributed.worker - INFO - Stopping worker at tcp://172.20.214.36:43374
distributed.worker - INFO - Stopping worker at tcp://172.20.214.36:44616
distributed.worker - INFO - Stopping worker at tcp://172.20.214.36:38556
distributed.worker - INFO - Stopping worker at tcp://172.20.214.36:37370
distributed.worker - INFO - Stopping worker at tcp://172.20.214.36:36255
distributed.worker - INFO - Stopping worker at tcp://172.20.214.36:43915
distributed.worker - INFO - Stopping worker at tcp://172.20.214.36:43802
distributed.worker - INFO - Stopping worker at tcp://172.20.214.36:41373
distributed.worker - INFO - Stopping worker at tcp://172.20.214.36:35631
distributed.worker - INFO - Stopping worker at tcp://172.20.214.36:39783
distributed.worker - INFO - Stopping worker at tcp://172.20.214.36:43887
distributed.worker - INFO - Stopping worker at tcp://172.20.214.36:46850
distributed.worker - INFO - Stopping worker at tcp://172.20.214.36:46055
distributed.worker - INFO - Stopping worker at tcp://172.20.214.36:36006
distributed.diskutils - ERROR - Failed to remove '/gpfs/home/ntolley/Jones_Lab/sbi_hnn_github/code/beta/dask-worker-space/dask-worker-space/worker-n_wti0kk' (failed in <built-in function lstat>): [Errno 2] No such file or directory: '/gpfs/home/ntolley/Jones_Lab/sbi_hnn_github/code/beta/dask-worker-space/dask-worker-space/worker-n_wti0kk'
distributed.diskutils - ERROR - Failed to remove '/gpfs/home/ntolley/Jones_Lab/sbi_hnn_github/code/beta/dask-worker-space/dask-worker-space/worker-ugmk2a6m' (failed in <built-in function lstat>): [Errno 2] No such file or directory: '/gpfs/home/ntolley/Jones_Lab/sbi_hnn_github/code/beta/dask-worker-space/dask-worker-space/worker-ugmk2a6m'
distributed.diskutils - ERROR - Failed to remove '/gpfs/home/ntolley/Jones_Lab/sbi_hnn_github/code/beta/dask-worker-space/dask-worker-space/worker-z08zi1tp' (failed in <built-in function lstat>): [Errno 2] No such file or directory: '/gpfs/home/ntolley/Jones_Lab/sbi_hnn_github/code/beta/dask-worker-space/dask-worker-space/worker-z08zi1tp'
distributed.diskutils - ERROR - Failed to remove '/gpfs/home/ntolley/Jones_Lab/sbi_hnn_github/code/beta/dask-worker-space/dask-worker-space/worker-oytdsgb_' (failed in <built-in function lstat>): [Errno 2] No such file or directory: '/gpfs/home/ntolley/Jones_Lab/sbi_hnn_github/code/beta/dask-worker-space/dask-worker-space/worker-oytdsgb_'
distributed.nanny - INFO - Worker closed
distributed.nanny - INFO - Worker closed
distributed.nanny - INFO - Worker closed
distributed.nanny - INFO - Worker closed
distributed.nanny - INFO - Worker closed
distributed.nanny - INFO - Worker closed
distributed.nanny - INFO - Worker closed
distributed.nanny - INFO - Worker closed
distributed.nanny - INFO - Worker closed
distributed.nanny - INFO - Worker closed
distributed.nanny - INFO - Worker closed
distributed.nanny - INFO - Worker closed
distributed.nanny - INFO - Worker closed
distributed.nanny - INFO - Worker closed
distributed.nanny - INFO - Worker closed
distributed.nanny - INFO - Worker closed
distributed.nanny - INFO - Worker closed
distributed.nanny - INFO - Worker closed
distributed.nanny - INFO - Worker closed
distributed.nanny - INFO - Worker closed
distributed.nanny - INFO - Worker closed
distributed.nanny - INFO - Worker closed
distributed.nanny - INFO - Worker closed
distributed.nanny - INFO - Worker closed
distributed.nanny - INFO - Worker closed
distributed.nanny - INFO - Worker closed
distributed.nanny - INFO - Worker closed
distributed.nanny - INFO - Worker closed
distributed.nanny - INFO - Worker closed
distributed.nanny - INFO - Worker closed
distributed.nanny - INFO - Worker closed
distributed.nanny - INFO - Worker closed
distributed.nanny - INFO - Worker closed
distributed.nanny - INFO - Worker closed
distributed.nanny - INFO - Worker closed
distributed.nanny - INFO - Worker closed
distributed.nanny - INFO - Worker closed
distributed.nanny - INFO - Worker closed
distributed.nanny - INFO - Worker closed
distributed.nanny - INFO - Worker closed
distributed.nanny - INFO - Worker closed
distributed.nanny - INFO - Worker closed
distributed.nanny - INFO - Closing Nanny at 'tcp://172.20.214.36:37609'
distributed.nanny - INFO - Closing Nanny at 'tcp://172.20.214.36:39386'
distributed.nanny - INFO - Closing Nanny at 'tcp://172.20.214.36:35981'
distributed.nanny - INFO - Closing Nanny at 'tcp://172.20.214.36:42604'
distributed.nanny - INFO - Closing Nanny at 'tcp://172.20.214.36:34584'
distributed.nanny - INFO - Closing Nanny at 'tcp://172.20.214.36:46792'
distributed.nanny - INFO - Closing Nanny at 'tcp://172.20.214.36:32935'
distributed.nanny - INFO - Closing Nanny at 'tcp://172.20.214.36:45940'
distributed.nanny - INFO - Closing Nanny at 'tcp://172.20.214.36:39082'
distributed.nanny - INFO - Closing Nanny at 'tcp://172.20.214.36:46541'
distributed.nanny - INFO - Closing Nanny at 'tcp://172.20.214.36:40754'
distributed.nanny - INFO - Closing Nanny at 'tcp://172.20.214.36:34100'
distributed.nanny - INFO - Closing Nanny at 'tcp://172.20.214.36:38891'
distributed.nanny - INFO - Closing Nanny at 'tcp://172.20.214.36:42151'
distributed.nanny - INFO - Closing Nanny at 'tcp://172.20.214.36:34734'
distributed.nanny - INFO - Closing Nanny at 'tcp://172.20.214.36:46372'
distributed.nanny - INFO - Closing Nanny at 'tcp://172.20.214.36:36272'
distributed.nanny - INFO - Closing Nanny at 'tcp://172.20.214.36:33603'
distributed.nanny - INFO - Closing Nanny at 'tcp://172.20.214.36:37892'
distributed.nanny - INFO - Closing Nanny at 'tcp://172.20.214.36:38900'
distributed.nanny - INFO - Closing Nanny at 'tcp://172.20.214.36:36875'
distributed.nanny - INFO - Closing Nanny at 'tcp://172.20.214.36:44028'
distributed.nanny - INFO - Closing Nanny at 'tcp://172.20.214.36:42665'
distributed.nanny - INFO - Closing Nanny at 'tcp://172.20.214.36:43865'
distributed.nanny - INFO - Closing Nanny at 'tcp://172.20.214.36:33108'
distributed.nanny - INFO - Closing Nanny at 'tcp://172.20.214.36:43758'
distributed.nanny - INFO - Closing Nanny at 'tcp://172.20.214.36:41176'
distributed.nanny - INFO - Closing Nanny at 'tcp://172.20.214.36:39609'
distributed.nanny - INFO - Closing Nanny at 'tcp://172.20.214.36:46107'
distributed.nanny - INFO - Closing Nanny at 'tcp://172.20.214.36:37108'
distributed.nanny - INFO - Closing Nanny at 'tcp://172.20.214.36:41850'
distributed.nanny - INFO - Closing Nanny at 'tcp://172.20.214.36:44715'
distributed.nanny - INFO - Closing Nanny at 'tcp://172.20.214.36:35327'
distributed.nanny - INFO - Closing Nanny at 'tcp://172.20.214.36:40072'
distributed.nanny - INFO - Closing Nanny at 'tcp://172.20.214.36:34855'
distributed.nanny - INFO - Closing Nanny at 'tcp://172.20.214.36:42811'
distributed.nanny - INFO - Closing Nanny at 'tcp://172.20.214.36:39118'
distributed.nanny - INFO - Closing Nanny at 'tcp://172.20.214.36:33887'
distributed.nanny - INFO - Closing Nanny at 'tcp://172.20.214.36:43117'
distributed.nanny - INFO - Closing Nanny at 'tcp://172.20.214.36:42380'
distributed.nanny - INFO - Closing Nanny at 'tcp://172.20.214.36:35271'
distributed.nanny - INFO - Closing Nanny at 'tcp://172.20.214.36:35723'
distributed.dask_worker - INFO - End worker
