## SLURM PROLOG ###############################################################
##    Job ID : 101842
##  Job Name : dask-worker
##  Nodelist : node1164
##      CPUs : 1
##  Mem/Node : 96256 MB
## Directory : /gpfs/home/ntolley/Jones_Lab/sbi_hnn_github/code/beta
##   Started : Tue Jan 12 08:02:20 EST 2021
###############################################################################
distributed.nanny - INFO -         Start Nanny at: 'tcp://172.20.207.64:33755'
distributed.nanny - INFO -         Start Nanny at: 'tcp://172.20.207.64:36551'
distributed.nanny - INFO -         Start Nanny at: 'tcp://172.20.207.64:36756'
distributed.nanny - INFO -         Start Nanny at: 'tcp://172.20.207.64:32822'
distributed.nanny - INFO -         Start Nanny at: 'tcp://172.20.207.64:42155'
distributed.nanny - INFO -         Start Nanny at: 'tcp://172.20.207.64:43642'
distributed.nanny - INFO -         Start Nanny at: 'tcp://172.20.207.64:46341'
distributed.nanny - INFO -         Start Nanny at: 'tcp://172.20.207.64:41830'
distributed.diskutils - INFO - Found stale lock file and directory '/gpfs/home/ntolley/Jones_Lab/sbi_hnn_github/code/beta/dask-worker-space/dask-worker-space/worker-kuo9zduj', purging
distributed.diskutils - INFO - Found stale lock file and directory '/gpfs/home/ntolley/Jones_Lab/sbi_hnn_github/code/beta/dask-worker-space/dask-worker-space/worker-91pkxiv0', purging
distributed.diskutils - INFO - Found stale lock file and directory '/gpfs/home/ntolley/Jones_Lab/sbi_hnn_github/code/beta/dask-worker-space/dask-worker-space/worker-7t1jcg0w', purging
distributed.diskutils - INFO - Found stale lock file and directory '/gpfs/home/ntolley/Jones_Lab/sbi_hnn_github/code/beta/dask-worker-space/dask-worker-space/worker-w9mc29aj', purging
distributed.diskutils - INFO - Found stale lock file and directory '/gpfs/home/ntolley/Jones_Lab/sbi_hnn_github/code/beta/dask-worker-space/dask-worker-space/worker-azp4xos8', purging
distributed.diskutils - INFO - Found stale lock file and directory '/gpfs/home/ntolley/Jones_Lab/sbi_hnn_github/code/beta/dask-worker-space/dask-worker-space/worker-odm9u66q', purging
distributed.diskutils - INFO - Found stale lock file and directory '/gpfs/home/ntolley/Jones_Lab/sbi_hnn_github/code/beta/dask-worker-space/dask-worker-space/worker-05cf_iai', purging
distributed.diskutils - INFO - Found stale lock file and directory '/gpfs/home/ntolley/Jones_Lab/sbi_hnn_github/code/beta/dask-worker-space/dask-worker-space/worker-o3a3i1ky', purging
distributed.worker - INFO -       Start worker at:  tcp://172.20.207.64:42976
distributed.worker - INFO -          Listening to:  tcp://172.20.207.64:42976
distributed.worker - INFO -          dashboard at:        172.20.207.64:34176
distributed.worker - INFO - Waiting to connect to:  tcp://172.20.209.24:42243
distributed.worker - INFO - -------------------------------------------------
distributed.worker - INFO -               Threads:                          1
distributed.worker - INFO -                Memory:                   12.50 GB
distributed.worker - INFO -       Local Directory: /gpfs/home/ntolley/Jones_Lab/sbi_hnn_github/code/beta/dask-worker-space/dask-worker-space/worker-pwvaam8w
distributed.worker - INFO - -------------------------------------------------
distributed.worker - INFO -       Start worker at:  tcp://172.20.207.64:32931
distributed.worker - INFO -          Listening to:  tcp://172.20.207.64:32931
distributed.worker - INFO -          dashboard at:        172.20.207.64:44400
distributed.worker - INFO - Waiting to connect to:  tcp://172.20.209.24:42243
distributed.worker - INFO - -------------------------------------------------
distributed.worker - INFO -               Threads:                          1
distributed.worker - INFO -                Memory:                   12.50 GB
distributed.worker - INFO -       Local Directory: /gpfs/home/ntolley/Jones_Lab/sbi_hnn_github/code/beta/dask-worker-space/dask-worker-space/worker-bvrd_asu
distributed.worker - INFO - -------------------------------------------------
distributed.worker - INFO -       Start worker at:  tcp://172.20.207.64:45426
distributed.worker - INFO -          Listening to:  tcp://172.20.207.64:45426
distributed.worker - INFO -          dashboard at:        172.20.207.64:41348
distributed.worker - INFO - Waiting to connect to:  tcp://172.20.209.24:42243
distributed.worker - INFO - -------------------------------------------------
distributed.worker - INFO -               Threads:                          1
distributed.worker - INFO -                Memory:                   12.50 GB
distributed.worker - INFO -       Local Directory: /gpfs/home/ntolley/Jones_Lab/sbi_hnn_github/code/beta/dask-worker-space/dask-worker-space/worker-blm0af0h
distributed.worker - INFO - -------------------------------------------------
distributed.worker - INFO -       Start worker at:  tcp://172.20.207.64:40602
distributed.worker - INFO -          Listening to:  tcp://172.20.207.64:40602
distributed.worker - INFO -          dashboard at:        172.20.207.64:43395
distributed.worker - INFO - Waiting to connect to:  tcp://172.20.209.24:42243
distributed.worker - INFO - -------------------------------------------------
distributed.worker - INFO -               Threads:                          1
distributed.worker - INFO -                Memory:                   12.50 GB
distributed.worker - INFO -       Local Directory: /gpfs/home/ntolley/Jones_Lab/sbi_hnn_github/code/beta/dask-worker-space/dask-worker-space/worker-eeht9q5e
distributed.worker - INFO - -------------------------------------------------
distributed.worker - INFO -         Registered to:  tcp://172.20.209.24:42243
distributed.worker - INFO - -------------------------------------------------
distributed.core - INFO - Starting established connection
distributed.worker - INFO -         Registered to:  tcp://172.20.209.24:42243
distributed.worker - INFO - -------------------------------------------------
distributed.core - INFO - Starting established connection
distributed.worker - INFO -       Start worker at:  tcp://172.20.207.64:37573
distributed.worker - INFO -          Listening to:  tcp://172.20.207.64:37573
distributed.worker - INFO -          dashboard at:        172.20.207.64:43584
distributed.worker - INFO - Waiting to connect to:  tcp://172.20.209.24:42243
distributed.worker - INFO - -------------------------------------------------
distributed.worker - INFO -               Threads:                          1
distributed.worker - INFO -                Memory:                   12.50 GB
distributed.worker - INFO -       Local Directory: /gpfs/home/ntolley/Jones_Lab/sbi_hnn_github/code/beta/dask-worker-space/dask-worker-space/worker-fon5ezzj
distributed.worker - INFO - -------------------------------------------------
Warning: no DISPLAY environment variable.
--No graphics will be displayed.
distributed.worker - INFO -         Registered to:  tcp://172.20.209.24:42243
distributed.worker - INFO - -------------------------------------------------
distributed.core - INFO - Starting established connection
distributed.worker - INFO -       Start worker at:  tcp://172.20.207.64:35923
distributed.worker - INFO -          Listening to:  tcp://172.20.207.64:35923
distributed.worker - INFO -          dashboard at:        172.20.207.64:37796
distributed.worker - INFO - Waiting to connect to:  tcp://172.20.209.24:42243
distributed.worker - INFO - -------------------------------------------------
distributed.worker - INFO -               Threads:                          1
distributed.worker - INFO -                Memory:                   12.50 GB
distributed.worker - INFO -       Local Directory: /gpfs/home/ntolley/Jones_Lab/sbi_hnn_github/code/beta/dask-worker-space/dask-worker-space/worker-87uil43h
distributed.worker - INFO - -------------------------------------------------
distributed.worker - INFO -         Registered to:  tcp://172.20.209.24:42243
distributed.worker - INFO - -------------------------------------------------
distributed.core - INFO - Starting established connection
distributed.worker - INFO -       Start worker at:  tcp://172.20.207.64:44791
distributed.worker - INFO -          Listening to:  tcp://172.20.207.64:44791
distributed.worker - INFO -          dashboard at:        172.20.207.64:36971
distributed.worker - INFO - Waiting to connect to:  tcp://172.20.209.24:42243
distributed.worker - INFO - -------------------------------------------------
distributed.worker - INFO -               Threads:                          1
distributed.worker - INFO -                Memory:                   12.50 GB
distributed.worker - INFO -       Local Directory: /gpfs/home/ntolley/Jones_Lab/sbi_hnn_github/code/beta/dask-worker-space/dask-worker-space/worker-21equsng
distributed.worker - INFO - -------------------------------------------------
distributed.worker - INFO -         Registered to:  tcp://172.20.209.24:42243
distributed.worker - INFO - -------------------------------------------------
distributed.core - INFO - Starting established connection
distributed.worker - INFO -       Start worker at:  tcp://172.20.207.64:39553
distributed.worker - INFO -          Listening to:  tcp://172.20.207.64:39553
distributed.worker - INFO -          dashboard at:        172.20.207.64:41624
distributed.worker - INFO - Waiting to connect to:  tcp://172.20.209.24:42243
distributed.worker - INFO - -------------------------------------------------
distributed.worker - INFO -               Threads:                          1
distributed.worker - INFO -                Memory:                   12.50 GB
distributed.worker - INFO -       Local Directory: /gpfs/home/ntolley/Jones_Lab/sbi_hnn_github/code/beta/dask-worker-space/dask-worker-space/worker-kezfwtu9
distributed.worker - INFO - -------------------------------------------------
distributed.worker - INFO -         Registered to:  tcp://172.20.209.24:42243
distributed.worker - INFO - -------------------------------------------------
distributed.core - INFO - Starting established connection
distributed.worker - INFO -         Registered to:  tcp://172.20.209.24:42243
distributed.worker - INFO - -------------------------------------------------
distributed.core - INFO - Starting established connection
distributed.worker - INFO -         Registered to:  tcp://172.20.209.24:42243
distributed.worker - INFO - -------------------------------------------------
distributed.core - INFO - Starting established connection
Warning: no DISPLAY environment variable.
--No graphics will be displayed.
Warning: no DISPLAY environment variable.
--No graphics will be displayed.
Warning: no DISPLAY environment variable.
--No graphics will be displayed.
Warning: no DISPLAY environment variable.
--No graphics will be displayed.
Warning: no DISPLAY environment variable.
--No graphics will be displayed.
Warning: no DISPLAY environment variable.
--No graphics will be displayed.
distributed.core - INFO - Event loop was unresponsive in Worker for 13.54s.  This is often caused by long-running GIL-holding functions or moving large chunks of data. This can cause timeouts and instability.
distributed.core - INFO - Event loop was unresponsive in Worker for 14.21s.  This is often caused by long-running GIL-holding functions or moving large chunks of data. This can cause timeouts and instability.
distributed.core - INFO - Event loop was unresponsive in Worker for 14.33s.  This is often caused by long-running GIL-holding functions or moving large chunks of data. This can cause timeouts and instability.
distributed.core - INFO - Event loop was unresponsive in Worker for 14.20s.  This is often caused by long-running GIL-holding functions or moving large chunks of data. This can cause timeouts and instability.
distributed.core - INFO - Event loop was unresponsive in Worker for 13.65s.  This is often caused by long-running GIL-holding functions or moving large chunks of data. This can cause timeouts and instability.
distributed.core - INFO - Event loop was unresponsive in Worker for 13.85s.  This is often caused by long-running GIL-holding functions or moving large chunks of data. This can cause timeouts and instability.
distributed.core - INFO - Event loop was unresponsive in Worker for 14.18s.  This is often caused by long-running GIL-holding functions or moving large chunks of data. This can cause timeouts and instability.
distributed.core - INFO - Event loop was unresponsive in Worker for 14.22s.  This is often caused by long-running GIL-holding functions or moving large chunks of data. This can cause timeouts and instability.
distributed.core - INFO - Event loop was unresponsive in Worker for 14.19s.  This is often caused by long-running GIL-holding functions or moving large chunks of data. This can cause timeouts and instability.
distributed.core - INFO - Event loop was unresponsive in Worker for 14.32s.  This is often caused by long-running GIL-holding functions or moving large chunks of data. This can cause timeouts and instability.
distributed.core - INFO - Event loop was unresponsive in Worker for 14.17s.  This is often caused by long-running GIL-holding functions or moving large chunks of data. This can cause timeouts and instability.
distributed.core - INFO - Event loop was unresponsive in Worker for 13.73s.  This is often caused by long-running GIL-holding functions or moving large chunks of data. This can cause timeouts and instability.
distributed.core - INFO - Event loop was unresponsive in Worker for 13.72s.  This is often caused by long-running GIL-holding functions or moving large chunks of data. This can cause timeouts and instability.
distributed.core - INFO - Event loop was unresponsive in Worker for 14.11s.  This is often caused by long-running GIL-holding functions or moving large chunks of data. This can cause timeouts and instability.
distributed.core - INFO - Event loop was unresponsive in Worker for 14.31s.  This is often caused by long-running GIL-holding functions or moving large chunks of data. This can cause timeouts and instability.
distributed.core - INFO - Event loop was unresponsive in Worker for 14.41s.  This is often caused by long-running GIL-holding functions or moving large chunks of data. This can cause timeouts and instability.
distributed.core - INFO - Event loop was unresponsive in Worker for 14.24s.  This is often caused by long-running GIL-holding functions or moving large chunks of data. This can cause timeouts and instability.
distributed.core - INFO - Event loop was unresponsive in Worker for 14.09s.  This is often caused by long-running GIL-holding functions or moving large chunks of data. This can cause timeouts and instability.
distributed.core - INFO - Event loop was unresponsive in Worker for 13.69s.  This is often caused by long-running GIL-holding functions or moving large chunks of data. This can cause timeouts and instability.
distributed.core - INFO - Event loop was unresponsive in Worker for 13.81s.  This is often caused by long-running GIL-holding functions or moving large chunks of data. This can cause timeouts and instability.
distributed.core - INFO - Event loop was unresponsive in Worker for 14.17s.  This is often caused by long-running GIL-holding functions or moving large chunks of data. This can cause timeouts and instability.
distributed.core - INFO - Event loop was unresponsive in Worker for 14.24s.  This is often caused by long-running GIL-holding functions or moving large chunks of data. This can cause timeouts and instability.
distributed.comm.tcp - INFO - Connection closed before handshake completed
distributed.core - INFO - Event loop was unresponsive in Worker for 14.12s.  This is often caused by long-running GIL-holding functions or moving large chunks of data. This can cause timeouts and instability.
distributed.comm.tcp - INFO - Connection closed before handshake completed
distributed.core - INFO - Event loop was unresponsive in Worker for 14.20s.  This is often caused by long-running GIL-holding functions or moving large chunks of data. This can cause timeouts and instability.
distributed.comm.tcp - INFO - Connection closed before handshake completed
distributed.core - INFO - Event loop was unresponsive in Worker for 14.04s.  This is often caused by long-running GIL-holding functions or moving large chunks of data. This can cause timeouts and instability.
distributed.core - INFO - Event loop was unresponsive in Worker for 13.71s.  This is often caused by long-running GIL-holding functions or moving large chunks of data. This can cause timeouts and instability.
distributed.core - INFO - Event loop was unresponsive in Worker for 13.78s.  This is often caused by long-running GIL-holding functions or moving large chunks of data. This can cause timeouts and instability.
distributed.core - INFO - Event loop was unresponsive in Worker for 14.10s.  This is often caused by long-running GIL-holding functions or moving large chunks of data. This can cause timeouts and instability.
distributed.core - INFO - Event loop was unresponsive in Worker for 14.02s.  This is often caused by long-running GIL-holding functions or moving large chunks of data. This can cause timeouts and instability.
distributed.core - INFO - Event loop was unresponsive in Worker for 14.13s.  This is often caused by long-running GIL-holding functions or moving large chunks of data. This can cause timeouts and instability.
distributed.comm.tcp - INFO - Connection closed before handshake completed
distributed.core - INFO - Event loop was unresponsive in Worker for 14.31s.  This is often caused by long-running GIL-holding functions or moving large chunks of data. This can cause timeouts and instability.
distributed.comm.tcp - INFO - Connection closed before handshake completed
distributed.core - INFO - Event loop was unresponsive in Worker for 13.61s.  This is often caused by long-running GIL-holding functions or moving large chunks of data. This can cause timeouts and instability.
distributed.core - INFO - Event loop was unresponsive in Worker for 13.95s.  This is often caused by long-running GIL-holding functions or moving large chunks of data. This can cause timeouts and instability.
distributed.core - INFO - Event loop was unresponsive in Worker for 13.61s.  This is often caused by long-running GIL-holding functions or moving large chunks of data. This can cause timeouts and instability.
distributed.core - INFO - Event loop was unresponsive in Worker for 13.96s.  This is often caused by long-running GIL-holding functions or moving large chunks of data. This can cause timeouts and instability.
distributed.core - INFO - Event loop was unresponsive in Worker for 14.03s.  This is often caused by long-running GIL-holding functions or moving large chunks of data. This can cause timeouts and instability.
distributed.core - INFO - Event loop was unresponsive in Worker for 14.19s.  This is often caused by long-running GIL-holding functions or moving large chunks of data. This can cause timeouts and instability.
distributed.core - INFO - Event loop was unresponsive in Worker for 13.52s.  This is often caused by long-running GIL-holding functions or moving large chunks of data. This can cause timeouts and instability.
distributed.core - INFO - Event loop was unresponsive in Worker for 14.16s.  This is often caused by long-running GIL-holding functions or moving large chunks of data. This can cause timeouts and instability.
distributed.core - INFO - Event loop was unresponsive in Worker for 13.65s.  This is often caused by long-running GIL-holding functions or moving large chunks of data. This can cause timeouts and instability.
distributed.core - INFO - Event loop was unresponsive in Worker for 14.05s.  This is often caused by long-running GIL-holding functions or moving large chunks of data. This can cause timeouts and instability.
distributed.core - INFO - Event loop was unresponsive in Worker for 13.93s.  This is often caused by long-running GIL-holding functions or moving large chunks of data. This can cause timeouts and instability.
distributed.core - INFO - Event loop was unresponsive in Worker for 14.11s.  This is often caused by long-running GIL-holding functions or moving large chunks of data. This can cause timeouts and instability.
distributed.core - INFO - Event loop was unresponsive in Worker for 14.14s.  This is often caused by long-running GIL-holding functions or moving large chunks of data. This can cause timeouts and instability.
distributed.core - INFO - Event loop was unresponsive in Worker for 13.60s.  This is often caused by long-running GIL-holding functions or moving large chunks of data. This can cause timeouts and instability.
distributed.core - INFO - Event loop was unresponsive in Worker for 14.11s.  This is often caused by long-running GIL-holding functions or moving large chunks of data. This can cause timeouts and instability.
distributed.core - INFO - Event loop was unresponsive in Worker for 13.78s.  This is often caused by long-running GIL-holding functions or moving large chunks of data. This can cause timeouts and instability.
distributed.core - INFO - Event loop was unresponsive in Worker for 13.88s.  This is often caused by long-running GIL-holding functions or moving large chunks of data. This can cause timeouts and instability.
distributed.core - INFO - Event loop was unresponsive in Worker for 14.05s.  This is often caused by long-running GIL-holding functions or moving large chunks of data. This can cause timeouts and instability.
distributed.core - INFO - Event loop was unresponsive in Worker for 13.68s.  This is often caused by long-running GIL-holding functions or moving large chunks of data. This can cause timeouts and instability.
distributed.worker - INFO - Connection to scheduler broken.  Reconnecting...
distributed.core - INFO - Event loop was unresponsive in Worker for 14.20s.  This is often caused by long-running GIL-holding functions or moving large chunks of data. This can cause timeouts and instability.
distributed.worker - WARNING - Heartbeat to scheduler failed
distributed.worker - INFO - Connection to scheduler broken.  Reconnecting...
distributed.core - INFO - Event loop was unresponsive in Worker for 13.76s.  This is often caused by long-running GIL-holding functions or moving large chunks of data. This can cause timeouts and instability.
distributed.worker - WARNING - Heartbeat to scheduler failed
distributed.worker - INFO - Connection to scheduler broken.  Reconnecting...
distributed.core - INFO - Event loop was unresponsive in Worker for 14.24s.  This is often caused by long-running GIL-holding functions or moving large chunks of data. This can cause timeouts and instability.
distributed.worker - WARNING - Heartbeat to scheduler failed
distributed.worker - INFO - Connection to scheduler broken.  Reconnecting...
distributed.core - INFO - Event loop was unresponsive in Worker for 14.29s.  This is often caused by long-running GIL-holding functions or moving large chunks of data. This can cause timeouts and instability.
distributed.core - INFO - Event loop was unresponsive in Worker for 14.11s.  This is often caused by long-running GIL-holding functions or moving large chunks of data. This can cause timeouts and instability.
distributed.worker - WARNING - Heartbeat to scheduler failed
distributed.worker - INFO - Connection to scheduler broken.  Reconnecting...
distributed.worker - INFO - Stopping worker at tcp://172.20.207.64:35923
distributed.diskutils - ERROR - Failed to remove '/gpfs/home/ntolley/Jones_Lab/sbi_hnn_github/code/beta/dask-worker-space/dask-worker-space/worker-87uil43h' (failed in <built-in function lstat>): [Errno 2] No such file or directory: '/gpfs/home/ntolley/Jones_Lab/sbi_hnn_github/code/beta/dask-worker-space/dask-worker-space/worker-87uil43h'
distributed.nanny - INFO - Worker closed
distributed.core - INFO - Event loop was unresponsive in Worker for 28.66s.  This is often caused by long-running GIL-holding functions or moving large chunks of data. This can cause timeouts and instability.
distributed.worker - WARNING - Heartbeat to scheduler failed
distributed.worker - INFO - Connection to scheduler broken.  Reconnecting...
distributed.core - INFO - Event loop was unresponsive in Worker for 13.91s.  This is often caused by long-running GIL-holding functions or moving large chunks of data. This can cause timeouts and instability.
distributed.worker - WARNING - Heartbeat to scheduler failed
distributed.worker - INFO - Connection to scheduler broken.  Reconnecting...
distributed.core - INFO - Event loop was unresponsive in Worker for 14.01s.  This is often caused by long-running GIL-holding functions or moving large chunks of data. This can cause timeouts and instability.
distributed.worker - INFO - Stopping worker at tcp://172.20.207.64:39553
distributed.diskutils - ERROR - Failed to remove '/gpfs/home/ntolley/Jones_Lab/sbi_hnn_github/code/beta/dask-worker-space/dask-worker-space/worker-kezfwtu9' (failed in <built-in function lstat>): [Errno 2] No such file or directory: '/gpfs/home/ntolley/Jones_Lab/sbi_hnn_github/code/beta/dask-worker-space/dask-worker-space/worker-kezfwtu9'
distributed.core - INFO - Event loop was unresponsive in Worker for 14.38s.  This is often caused by long-running GIL-holding functions or moving large chunks of data. This can cause timeouts and instability.
distributed.worker - INFO - Stopping worker at tcp://172.20.207.64:40602
distributed.diskutils - ERROR - Failed to remove '/gpfs/home/ntolley/Jones_Lab/sbi_hnn_github/code/beta/dask-worker-space/dask-worker-space/worker-eeht9q5e' (failed in <built-in function lstat>): [Errno 2] No such file or directory: '/gpfs/home/ntolley/Jones_Lab/sbi_hnn_github/code/beta/dask-worker-space/dask-worker-space/worker-eeht9q5e'
distributed.core - INFO - Event loop was unresponsive in Worker for 14.46s.  This is often caused by long-running GIL-holding functions or moving large chunks of data. This can cause timeouts and instability.
distributed.worker - INFO - Stopping worker at tcp://172.20.207.64:42976
distributed.diskutils - ERROR - Failed to remove '/gpfs/home/ntolley/Jones_Lab/sbi_hnn_github/code/beta/dask-worker-space/dask-worker-space/worker-pwvaam8w' (failed in <built-in function lstat>): [Errno 2] No such file or directory: '/gpfs/home/ntolley/Jones_Lab/sbi_hnn_github/code/beta/dask-worker-space/dask-worker-space/worker-pwvaam8w'
distributed.worker - WARNING - Heartbeat to scheduler failed
distributed.worker - INFO - Connection to scheduler broken.  Reconnecting...
distributed.core - INFO - Event loop was unresponsive in Worker for 14.33s.  This is often caused by long-running GIL-holding functions or moving large chunks of data. This can cause timeouts and instability.
distributed.worker - INFO - Stopping worker at tcp://172.20.207.64:44791
distributed.diskutils - ERROR - Failed to remove '/gpfs/home/ntolley/Jones_Lab/sbi_hnn_github/code/beta/dask-worker-space/dask-worker-space/worker-21equsng' (failed in <built-in function lstat>): [Errno 2] No such file or directory: '/gpfs/home/ntolley/Jones_Lab/sbi_hnn_github/code/beta/dask-worker-space/dask-worker-space/worker-21equsng'
distributed.nanny - INFO - Closing Nanny at 'tcp://172.20.207.64:43642'
distributed.core - INFO - Event loop was unresponsive in Worker for 13.99s.  This is often caused by long-running GIL-holding functions or moving large chunks of data. This can cause timeouts and instability.
distributed.core - INFO - Event loop was unresponsive in Worker for 13.50s.  This is often caused by long-running GIL-holding functions or moving large chunks of data. This can cause timeouts and instability.
distributed.worker - INFO - Stopping worker at tcp://172.20.207.64:37573
distributed.diskutils - ERROR - Failed to remove '/gpfs/home/ntolley/Jones_Lab/sbi_hnn_github/code/beta/dask-worker-space/dask-worker-space/worker-fon5ezzj' (failed in <built-in function lstat>): [Errno 2] No such file or directory: '/gpfs/home/ntolley/Jones_Lab/sbi_hnn_github/code/beta/dask-worker-space/dask-worker-space/worker-fon5ezzj'
distributed.core - INFO - Event loop was unresponsive in Worker for 28.14s.  This is often caused by long-running GIL-holding functions or moving large chunks of data. This can cause timeouts and instability.
distributed.worker - INFO - Stopping worker at tcp://172.20.207.64:45426
distributed.diskutils - ERROR - Failed to remove '/gpfs/home/ntolley/Jones_Lab/sbi_hnn_github/code/beta/dask-worker-space/dask-worker-space/worker-blm0af0h' (failed in <built-in function lstat>): [Errno 2] No such file or directory: '/gpfs/home/ntolley/Jones_Lab/sbi_hnn_github/code/beta/dask-worker-space/dask-worker-space/worker-blm0af0h'
distributed.worker - INFO - Stopping worker at tcp://172.20.207.64:32931
distributed.nanny - INFO - Worker closed
joblib will run over 1 jobs
Loading custom mechanism files from /users/ntolley/anaconda/sbi/lib/python3.7/site-packages/hnn_core/mod/x86_64/.libs/libnrnmech.so
Building the NEURON model
[Done]
running trial 1 on 1 cores
Simulation time: 0.05 ms...
Simulation time: 10.0 ms...
Simulation time: 20.0 ms...
Simulation time: 30.0 ms...
Simulation time: 40.0 ms...
Simulation time: 50.0 ms...
Simulation time: 60.0 ms...
Simulation time: 70.0 ms...
Simulation time: 80.0 ms...
Simulation time: 90.0 ms...
Simulation time: 100.0 ms...
Fatal Python error: This thread state must be current when releasing

Current thread 0x00007f0de5759700 (most recent call first):
  File "/users/ntolley/anaconda/sbi/lib/python3.7/site-packages/hnn_core/network_builder.py", line 58 in simulation_time
  File "/users/ntolley/anaconda/sbi/lib/python3.7/site-packages/hnn_core/network_builder.py", line 71 in _simulate_single_trial
  File "/users/ntolley/anaconda/sbi/lib/python3.7/site-packages/hnn_core/parallel_backends.py", line 35 in _clone_and_simulate
  File "/users/ntolley/anaconda/sbi/lib/python3.7/site-packages/hnn_core/parallel_backends.py", line 166 in <genexpr>
  File "/users/ntolley/anaconda/sbi/lib/python3.7/site-packages/hnn_core/parallel_backends.py", line 166 in simulate
  File "/users/ntolley/anaconda/sbi/lib/python3.7/site-packages/hnn_core/dipole.py", line 72 in simulate_dipole
  File "<ipython-input-3-2a3cf4ddb92c>", line 18 in __call__
  File "<ipython-input-3-2a3cf4ddb92c>", line 28 in run_simulator
  File "/users/ntolley/anaconda/sbi/lib/python3.7/site-packages/distributed/worker.py", line 3318 in execute_task
  File "/users/ntolley/anaconda/sbi/lib/python3.7/site-packages/distributed/worker.py", line 3425 in apply_function
  File "/users/ntolley/anaconda/sbi/lib/python3.7/site-packages/distributed/_concurrent_futures_thread.py", line 65 in run
  File "/users/ntolley/anaconda/sbi/lib/python3.7/site-packages/distributed/threadpoolexecutor.py", line 55 in _worker
  File "/users/ntolley/anaconda/sbi/lib/python3.7/threading.py", line 870 in run
  File "/users/ntolley/anaconda/sbi/lib/python3.7/threading.py", line 926 in _bootstrap_inner
  File "/users/ntolley/anaconda/sbi/lib/python3.7/threading.py", line 890 in _bootstrap

Thread 0x00007f0e57fff700 (most recent call first):
  File "/users/ntolley/anaconda/sbi/lib/python3.7/threading.py", line 300 in wait
  File "/users/ntolley/anaconda/sbi/lib/python3.7/queue.py", line 179 in get
  File "/users/ntolley/anaconda/sbi/lib/python3.7/site-packages/distributed/threadpoolexecutor.py", line 51 in _worker
  File "/users/ntolley/anaconda/sbi/lib/python3.7/threading.py", line 870 in run
  File "/users/ntolley/anaconda/sbi/lib/python3.7/threading.py", line 926 in _bootstrap_inner
  File "/users/ntolley/anaconda/sbi/lib/python3.7/threading.py", line 890 in _bootstrap

Thread 0x00007f0e7bfff700 (most recent call first):
  File "/users/ntolley/anaconda/sbi/lib/python3.7/threading.py", line 300 in wait
  File "/users/ntolley/anaconda/sbi/lib/python3.7/queue.py", line 179 in get
  File "/users/ntolley/anaconda/sbi/lib/python3.7/site-packages/distributed/threadpoolexecutor.py", line 51 in _worker
  File "/users/ntolley/anaconda/sbi/lib/python3.7/threading.py", line 870 in run
  File "/users/ntolley/anaconda/sbi/lib/python3.7/threading.py", line 926 in _bootstrap_inner
  File "/users/ntolley/anaconda/sbi/lib/python3.7/threading.py", line 890 in _bootstrap

Thread 0x00007f0e9ffff700 (most recent call first):
  File "/users/ntolley/anaconda/sbi/lib/python3.7/selectors.py", line 415 in select
  File "/users/ntolley/anaconda/sbi/lib/python3.7/multiprocessing/connection.py", line 921 in wait
  File "/users/ntolley/anaconda/sbi/lib/python3.7/multiprocessing/connection.py", line 414 in _poll
  File "/users/ntolley/anaconda/sbi/lib/python3.7/multiprocessing/connection.py", line 257 in poll
  File "/users/ntolley/anaconda/sbi/lib/python3.7/multiprocessing/queues.py", line 104 in get
  File "/users/ntolley/anaconda/sbi/lib/python3.7/site-packages/distributed/nanny.py", line 748 in watch_stop_q
  File "/users/ntolley/anaconda/sbi/lib/python3.7/threading.py", line 870 in run
  File "/users/ntolley/anaconda/sbi/lib/python3.7/threading.py", line 926 in _bootstrap_inner
  File "/users/ntolley/anaconda/sbi/lib/python3.7/threading.py", line 890 in _bootstrap

Thread 0x00007f0ec3fff700 (most recent call first):
  File "/users/ntolley/anaconda/sbi/lib/python3.7/site-packages/distributed/profile.py", line 269 in _watch
  File "/users/ntolley/anaconda/sbi/lib/python3.7/threading.py", line 870 in run
  File "/users/ntolley/anaconda/sbi/lib/python3.7/threading.py", line 926 in _bootstrap_inner
  File "/users/ntolley/anaconda/sbi/lib/python3.7/threading.py", line 890 in _bootstrap

Thread 0x00007f0eea223700 (most recent call first):
  File "/users/ntolley/anaconda/sbi/lib/python3.7/multiprocessing/connection.py", line 379 in _recv
  File "/users/ntolley/anaconda/sbi/lib/python3.7/multiprocessing/connection.py", line 407 in _recv_bytes
  File "/users/ntolley/anaconda/sbi/lib/python3.7/multiprocessing/connection.py", line 250 in recv
  File "/users/ntolley/anaconda/sbi/lib/python3.7/site-packages/distributed/process.py", line 143 in monitor_parent
  File "/users/ntolley/anaconda/sbi/lib/python3.7/threading.py", line 870 in run
  File "/users/ntolley/anaconda/sbi/lib/python3.7/threading.py", line 926 in _bootstrap_inner
  File "/users/ntolley/anaconda/sbi/lib/python3.7/threading.py", line 890 in _bootstrap

Thread 0x00007f0ef848c740 (most recent call first):
  File "/users/ntolley/anaconda/sbi/lib/python3.7/_weakrefset.py", line 38 in _remove
distributed.nanny - INFO - Worker process 102929 was killed by signal 6
distributed.nanny - INFO - Worker closed
joblib will run over 1 jobs
Loading custom mechanism files from /users/ntolley/anaconda/sbi/lib/python3.7/site-packages/hnn_core/mod/x86_64/.libs/libnrnmech.so
Building the NEURON model
[Done]
running trial 1 on 1 cores
Simulation time: 0.05 ms...
Simulation time: 10.0 ms...
Simulation time: 20.0 ms...
Simulation time: 30.0 ms...
Simulation time: 40.0 ms...
Simulation time: 50.0 ms...
Simulation time: 60.0 ms...
Simulation time: 70.0 ms...
Simulation time: 80.0 ms...
Simulation time: 90.0 ms...
Simulation time: 100.0 ms...
Fatal Python error: This thread state must be current when releasing

Current thread 0x00007ff7c97d9700 (most recent call first):
  File "/users/ntolley/anaconda/sbi/lib/python3.7/site-packages/hnn_core/network_builder.py", line 58 in simulation_time
  File "/users/ntolley/anaconda/sbi/lib/python3.7/site-packages/hnn_core/network_builder.py", line 71 in _simulate_single_trial
  File "/users/ntolley/anaconda/sbi/lib/python3.7/site-packages/hnn_core/parallel_backends.py", line 35 in _clone_and_simulate
  File "/users/ntolley/anaconda/sbi/lib/python3.7/site-packages/hnn_core/parallel_backends.py", line 166 in <genexpr>
  File "/users/ntolley/anaconda/sbi/lib/python3.7/site-packages/hnn_core/parallel_backends.py", line 166 in simulate
  File "/users/ntolley/anaconda/sbi/lib/python3.7/site-packages/hnn_core/dipole.py", line 72 in simulate_dipole
  File "<ipython-input-3-2a3cf4ddb92c>", line 18 in __call__
  File "<ipython-input-3-2a3cf4ddb92c>", line 28 in run_simulator
  File "/users/ntolley/anaconda/sbi/lib/python3.7/site-packages/distributed/worker.py", line 3318 in execute_task
  File "/users/ntolley/anaconda/sbi/lib/python3.7/site-packages/distributed/worker.py", line 3425 in apply_function
  File "/users/ntolley/anaconda/sbi/lib/python3.7/site-packages/distributed/_concurrent_futures_thread.py", line 65 in run
  File "/users/ntolley/anaconda/sbi/lib/python3.7/site-packages/distributed/threadpoolexecutor.py", line 55 in _worker
  File "/users/ntolley/anaconda/sbi/lib/python3.7/threading.py", line 870 in run
  File "/users/ntolley/anaconda/sbi/lib/python3.7/threading.py", line 926 in _bootstrap_inner
  File "/users/ntolley/anaconda/sbi/lib/python3.7/threading.py", line 890 in _bootstrap

Thread 0x00007ff83bfff700 (most recent call first):
  File "/users/ntolley/anaconda/sbi/lib/python3.7/threading.py", line 300 in wait
  File "/users/ntolley/anaconda/sbi/lib/python3.7/queue.py", line 179 in get
  File "/users/ntolley/anaconda/sbi/lib/python3.7/site-packages/distributed/threadpoolexecutor.py", line 51 in _worker
  File "/users/ntolley/anaconda/sbi/lib/python3.7/threading.py", line 870 in run
  File "/users/ntolley/anaconda/sbi/lib/python3.7/threading.py", line 926 in _bootstrap_inner
  File "/users/ntolley/anaconda/sbi/lib/python3.7/threading.py", line 890 in _bootstrap

Thread 0x00007ff85ffff700 (most recent call first):
  File "/users/ntolley/anaconda/sbi/lib/python3.7/threading.py", line 300 in wait
  File "/users/ntolley/anaconda/sbi/lib/python3.7/queue.py", line 179 in get
  File "/users/ntolley/anaconda/sbi/lib/python3.7/site-packages/distributed/threadpoolexecutor.py", line 51 in _worker
  File "/users/ntolley/anaconda/sbi/lib/python3.7/threading.py", line 870 in run
  File "/users/ntolley/anaconda/sbi/lib/python3.7/threading.py", line 926 in _bootstrap_inner
  File "/users/ntolley/anaconda/sbi/lib/python3.7/threading.py", line 890 in _bootstrap

Thread 0x00007ff883fff700 (most recent call first):
  File "/users/ntolley/anaconda/sbi/lib/python3.7/selectors.py", line 415 in select
  File "/users/ntolley/anaconda/sbi/lib/python3.7/multiprocessing/connection.py", line 921 in wait
  File "/users/ntolley/anaconda/sbi/lib/python3.7/multiprocessing/connection.py", line 414 in _poll
  File "/users/ntolley/anaconda/sbi/lib/python3.7/multiprocessing/connection.py", line 257 in poll
  File "/users/ntolley/anaconda/sbi/lib/python3.7/multiprocessing/queues.py", line 104 in get
  File "/users/ntolley/anaconda/sbi/lib/python3.7/site-packages/distributed/nanny.py", line 748 in watch_stop_q
  File "/users/ntolley/anaconda/sbi/lib/python3.7/threading.py", line 870 in run
  File "/users/ntolley/anaconda/sbi/lib/python3.7/threading.py", line 926 in _bootstrap_inner
  File "/users/ntolley/anaconda/sbi/lib/python3.7/threading.py", line 890 in _bootstrap

Thread 0x00007ff8a7fff700 (most recent call first):
  File "/users/ntolley/anaconda/sbi/lib/python3.7/tokenize.py", line 447 in open
  File "/users/ntolley/anaconda/sbi/lib/python3.7/linecache.py", line 136 in updatecache
  File "/users/ntolley/anaconda/sbi/lib/python3.7/linecache.py", line 47 in getlines
  File "/users/ntolley/.local/lib/python3.7/site-packages/torch/_fx/graph_module.py", line 27 in patched_getline
  File "/users/ntolley/anaconda/sbi/lib/python3.7/linecache.py", line 16 in getline
  File "/users/ntolley/anaconda/sbi/lib/python3.7/site-packages/distributed/profile.py", line 67 in info_frame
  File "/users/ntolley/anaconda/sbi/lib/python3.7/site-packages/distributed/profile.py", line 114 in process
  File "/users/ntolley/anaconda/sbi/lib/python3.7/site-packages/distributed/profile.py", line 103 in process
  File "/users/ntolley/anaconda/sbi/lib/python3.7/site-packages/distributed/profile.py", line 103 in process
  File "/users/ntolley/anaconda/sbi/lib/python3.7/site-packages/distributed/profile.py", line 103 in process
  File "/users/ntolley/anaconda/sbi/lib/python3.7/site-packages/distributed/profile.py", line 103 in process
  File "/users/ntolley/anaconda/sbi/lib/python3.7/site-packages/distributed/profile.py", line 268 in _watch
  File "/users/ntolley/anaconda/sbi/lib/python3.7/threading.py", line 870 in run
  File "/users/ntolley/anaconda/sbi/lib/python3.7/threading.py", line 926 in _bootstrap_inner
  File "/users/ntolley/anaconda/sbi/lib/python3.7/threading.py", line 890 in _bootstrap

Thread 0x00007ff8ce1b4700 (most recent call first):
  File "/users/ntolley/anaconda/sbi/lib/python3.7/multiprocessing/connection.py", line 379 in _recv
  File "/users/ntolley/anaconda/sbi/lib/python3.7/multiprocessing/connection.py", line 407 in _recv_bytes
  File "/users/ntolley/anaconda/sbi/lib/python3.7/multiprocessing/connection.py", line 250 in recv
  File "/users/ntolley/anaconda/sbi/lib/python3.7/site-packages/distributed/process.py", line 143 in monitor_parent
  File "/users/ntolley/anaconda/sbi/lib/python3.7/threading.py", line 870 in run
  File "/users/ntolley/anaconda/sbi/lib/python3.7/threading.py", line 926 in _bootstrap_inner
  File "/users/ntolley/anaconda/sbi/lib/python3.7/threading.py", line 890 in _bootstrap

Thread 0x00007ff8dc41d740 (most recent call first):
  File "/users/ntolley/anaconda/sbi/lib/python3.7/_weakrefset.py", line 38 in _remove
distributed.nanny - INFO - Worker process 102918 was killed by signal 6
distributed.nanny - INFO - Worker closed
joblib will run over 1 jobs
Loading custom mechanism files from /users/ntolley/anaconda/sbi/lib/python3.7/site-packages/hnn_core/mod/x86_64/.libs/libnrnmech.so
Building the NEURON model
[Done]
running trial 1 on 1 cores
Simulation time: 0.05 ms...
Simulation time: 10.0 ms...
Simulation time: 20.0 ms...
Simulation time: 30.0 ms...
Simulation time: 40.0 ms...
Simulation time: 50.0 ms...
Simulation time: 60.0 ms...
Simulation time: 70.0 ms...
Simulation time: 80.0 ms...
Simulation time: 90.0 ms...
Simulation time: 100.0 ms...
Fatal Python error: This thread state must be current when releasing

Current thread 0x00007f6ffc93e700 (most recent call first):
  File "/users/ntolley/anaconda/sbi/lib/python3.7/site-packages/hnn_core/network_builder.py", line 58 in simulation_time
  File "/users/ntolley/anaconda/sbi/lib/python3.7/site-packages/hnn_core/network_builder.py", line 71 in _simulate_single_trial
  File "/users/ntolley/anaconda/sbi/lib/python3.7/site-packages/hnn_core/parallel_backends.py", line 35 in _clone_and_simulate
  File "/users/ntolley/anaconda/sbi/lib/python3.7/site-packages/hnn_core/parallel_backends.py", line 166 in <genexpr>
  File "/users/ntolley/anaconda/sbi/lib/python3.7/site-packages/hnn_core/parallel_backends.py", line 166 in simulate
  File "/users/ntolley/anaconda/sbi/lib/python3.7/site-packages/hnn_core/dipole.py", line 72 in simulate_dipole
  File "<ipython-input-3-2a3cf4ddb92c>", line 18 in __call__
  File "<ipython-input-3-2a3cf4ddb92c>", line 28 in run_simulator
  File "/users/ntolley/anaconda/sbi/lib/python3.7/site-packages/distributed/worker.py", line 3318 in execute_task
  File "/users/ntolley/anaconda/sbi/lib/python3.7/site-packages/distributed/worker.py", line 3425 in apply_function
  File "/users/ntolley/anaconda/sbi/lib/python3.7/site-packages/distributed/_concurrent_futures_thread.py", line 65 in run
  File "/users/ntolley/anaconda/sbi/lib/python3.7/site-packages/distributed/threadpoolexecutor.py", line 55 in _worker
  File "/users/ntolley/anaconda/sbi/lib/python3.7/threading.py", line 870 in run
  File "/users/ntolley/anaconda/sbi/lib/python3.7/threading.py", line 926 in _bootstrap_inner
  File "/users/ntolley/anaconda/sbi/lib/python3.7/threading.py", line 890 in _bootstrap

Thread 0x00007f706ffff700 (most recent call first):
  File "/users/ntolley/anaconda/sbi/lib/python3.7/threading.py", line 300 in wait
  File "/users/ntolley/anaconda/sbi/lib/python3.7/queue.py", line 179 in get
  File "/users/ntolley/anaconda/sbi/lib/python3.7/site-packages/distributed/threadpoolexecutor.py", line 51 in _worker
  File "/users/ntolley/anaconda/sbi/lib/python3.7/threading.py", line 870 in run
  File "/users/ntolley/anaconda/sbi/lib/python3.7/threading.py", line 926 in _bootstrap_inner
  File "/users/ntolley/anaconda/sbi/lib/python3.7/threading.py", line 890 in _bootstrap

Thread 0x00007f7093fff700 (most recent call first):
  File "/users/ntolley/anaconda/sbi/lib/python3.7/threading.py", line 300 in wait
  File "/users/ntolley/anaconda/sbi/lib/python3.7/queue.py", line 179 in get
  File "/users/ntolley/anaconda/sbi/lib/python3.7/site-packages/distributed/threadpoolexecutor.py", line 51 in _worker
  File "/users/ntolley/anaconda/sbi/lib/python3.7/threading.py", line 870 in run
  File "/users/ntolley/anaconda/sbi/lib/python3.7/threading.py", line 926 in _bootstrap_inner
  File "/users/ntolley/anaconda/sbi/lib/python3.7/threading.py", line 890 in _bootstrap

Thread 0x00007f70b7fff700 (most recent call first):
  File "/users/ntolley/anaconda/sbi/lib/python3.7/selectors.py", line 415 in select
  File "/users/ntolley/anaconda/sbi/lib/python3.7/multiprocessing/connection.py", line 921 in wait
  File "/users/ntolley/anaconda/sbi/lib/python3.7/multiprocessing/connection.py", line 414 in _poll
  File "/users/ntolley/anaconda/sbi/lib/python3.7/multiprocessing/connection.py", line 257 in poll
  File "/users/ntolley/anaconda/sbi/lib/python3.7/multiprocessing/queues.py", line 104 in get
  File "/users/ntolley/anaconda/sbi/lib/python3.7/site-packages/distributed/nanny.py", line 748 in watch_stop_q
  File "/users/ntolley/anaconda/sbi/lib/python3.7/threading.py", line 870 in run
  File "/users/ntolley/anaconda/sbi/lib/python3.7/threading.py", line 926 in _bootstrap_inner
  File "/users/ntolley/anaconda/sbi/lib/python3.7/threading.py", line 890 in _bootstrap

Thread 0x00007f70dbfff700 (most recent call first):
  File "/users/ntolley/anaconda/sbi/lib/python3.7/tokenize.py", line 376 in read_or_stop
  File "/users/ntolley/anaconda/sbi/lib/python3.7/tokenize.py", line 418 in detect_encoding
  File "/users/ntolley/anaconda/sbi/lib/python3.7/tokenize.py", line 449 in open
  File "/users/ntolley/anaconda/sbi/lib/python3.7/linecache.py", line 136 in updatecache
  File "/users/ntolley/anaconda/sbi/lib/python3.7/linecache.py", line 47 in getlines
  File "/users/ntolley/.local/lib/python3.7/site-packages/torch/_fx/graph_module.py", line 27 in patched_getline
  File "/users/ntolley/anaconda/sbi/lib/python3.7/linecache.py", line 16 in getline
  File "/users/ntolley/anaconda/sbi/lib/python3.7/site-packages/distributed/profile.py", line 67 in info_frame
  File "/users/ntolley/anaconda/sbi/lib/python3.7/site-packages/distributed/profile.py", line 114 in process
  File "/users/ntolley/anaconda/sbi/lib/python3.7/site-packages/distributed/profile.py", line 103 in process
  File "/users/ntolley/anaconda/sbi/lib/python3.7/site-packages/distributed/profile.py", line 103 in process
  File "/users/ntolley/anaconda/sbi/lib/python3.7/site-packages/distributed/profile.py", line 103 in process
  File "/users/ntolley/anaconda/sbi/lib/python3.7/site-packages/distributed/profile.py", line 103 in process
  File "/users/ntolley/anaconda/sbi/lib/python3.7/site-packages/distributed/profile.py", line 103 in process
  File "/users/ntolley/anaconda/sbi/lib/python3.7/site-packages/distributed/profile.py", line 268 in _watch
  File "/users/ntolley/anaconda/sbi/lib/python3.7/threading.py", line 870 in run
  File "/users/ntolley/anaconda/sbi/lib/python3.7/threading.py", line 926 in _bootstrap_inner
  File "/users/ntolley/anaconda/sbi/lib/python3.7/threading.py", line 890 in _bootstrap

Thread 0x00007f710123b700 (most recent call first):
  File "/users/ntolley/anaconda/sbi/lib/python3.7/multiprocessing/connection.py", line 379 in _recv
  File "/users/ntolley/anaconda/sbi/lib/python3.7/multiprocessing/connection.py", line 407 in _recv_bytes
  File "/users/ntolley/anaconda/sbi/lib/python3.7/multiprocessing/connection.py", line 250 in recv
  File "/users/ntolley/anaconda/sbi/lib/python3.7/site-packages/distributed/process.py", line 143 in monitor_parent
  File "/users/ntolley/anaconda/sbi/lib/python3.7/threading.py", line 870 in run
  File "/users/ntolley/anaconda/sbi/lib/python3.7/threading.py", line 926 in _bootstrap_inner
  File "/users/ntolley/anaconda/sbi/lib/python3.7/threading.py", line 890 in _bootstrap

Thread 0x00007f710f4a4740 (most recent call first):
distributed.nanny - INFO - Worker process 102909 was killed by signal 6
distributed.nanny - INFO - Worker closed
joblib will run over 1 jobs
Loading custom mechanism files from /users/ntolley/anaconda/sbi/lib/python3.7/site-packages/hnn_core/mod/x86_64/.libs/libnrnmech.so
Building the NEURON model
[Done]
running trial 1 on 1 cores
Simulation time: 0.05 ms...
Simulation time: 10.0 ms...
Simulation time: 20.0 ms...
Simulation time: 30.0 ms...
Simulation time: 40.0 ms...
Simulation time: 50.0 ms...
Simulation time: 60.0 ms...
Simulation time: 70.0 ms...
Simulation time: 80.0 ms...
Simulation time: 90.0 ms...
Simulation time: 100.0 ms...
Fatal Python error: This thread state must be current when releasing

Current thread 0x00007f3c23d1f700 (most recent call first):
  File "/users/ntolley/anaconda/sbi/lib/python3.7/site-packages/hnn_core/network_builder.py", line 58 in simulation_time
  File "/users/ntolley/anaconda/sbi/lib/python3.7/site-packages/hnn_core/network_builder.py", line 71 in _simulate_single_trial
  File "/users/ntolley/anaconda/sbi/lib/python3.7/site-packages/hnn_core/parallel_backends.py", line 35 in _clone_and_simulate
  File "/users/ntolley/anaconda/sbi/lib/python3.7/site-packages/hnn_core/parallel_backends.py", line 166 in <genexpr>
  File "/users/ntolley/anaconda/sbi/lib/python3.7/site-packages/hnn_core/parallel_backends.py", line 166 in simulate
  File "/users/ntolley/anaconda/sbi/lib/python3.7/site-packages/hnn_core/dipole.py", line 72 in simulate_dipole
  File "<ipython-input-3-2a3cf4ddb92c>", line 18 in __call__
  File "<ipython-input-3-2a3cf4ddb92c>", line 28 in run_simulator
  File "/users/ntolley/anaconda/sbi/lib/python3.7/site-packages/distributed/worker.py", line 3318 in execute_task
  File "/users/ntolley/anaconda/sbi/lib/python3.7/site-packages/distributed/worker.py", line 3425 in apply_function
  File "/users/ntolley/anaconda/sbi/lib/python3.7/site-packages/distributed/_concurrent_futures_thread.py", line 65 in run
  File "/users/ntolley/anaconda/sbi/lib/python3.7/site-packages/distributed/threadpoolexecutor.py", line 55 in _worker
  File "/users/ntolley/anaconda/sbi/lib/python3.7/threading.py", line 870 in run
  File "/users/ntolley/anaconda/sbi/lib/python3.7/threading.py", line 926 in _bootstrap_inner
  File "/users/ntolley/anaconda/sbi/lib/python3.7/threading.py", line 890 in _bootstrap

Thread 0x00007f3c97fff700 (most recent call first):
  File "/users/ntolley/anaconda/sbi/lib/python3.7/threading.py", line 300 in wait
  File "/users/ntolley/anaconda/sbi/lib/python3.7/queue.py", line 179 in get
  File "/users/ntolley/anaconda/sbi/lib/python3.7/site-packages/distributed/threadpoolexecutor.py", line 51 in _worker
  File "/users/ntolley/anaconda/sbi/lib/python3.7/threading.py", line 870 in run
  File "/users/ntolley/anaconda/sbi/lib/python3.7/threading.py", line 926 in _bootstrap_inner
  File "/users/ntolley/anaconda/sbi/lib/python3.7/threading.py", line 890 in _bootstrap

Thread 0x00007f3cbbfff700 (most recent call first):
  File "/users/ntolley/anaconda/sbi/lib/python3.7/threading.py", line 300 in wait
  File "/users/ntolley/anaconda/sbi/lib/python3.7/queue.py", line 179 in get
  File "/users/ntolley/anaconda/sbi/lib/python3.7/site-packages/distributed/threadpoolexecutor.py", line 51 in _worker
  File "/users/ntolley/anaconda/sbi/lib/python3.7/threading.py", line 870 in run
  File "/users/ntolley/anaconda/sbi/lib/python3.7/threading.py", line 926 in _bootstrap_inner
  File "/users/ntolley/anaconda/sbi/lib/python3.7/threading.py", line 890 in _bootstrap

Thread 0x00007f3cdffff700 (most recent call first):
  File "/users/ntolley/anaconda/sbi/lib/python3.7/selectors.py", line 415 in select
  File "/users/ntolley/anaconda/sbi/lib/python3.7/multiprocessing/connection.py", line 921 in wait
  File "/users/ntolley/anaconda/sbi/lib/python3.7/multiprocessing/connection.py", line 414 in _poll
  File "/users/ntolley/anaconda/sbi/lib/python3.7/multiprocessing/connection.py", line 257 in poll
  File "/users/ntolley/anaconda/sbi/lib/python3.7/multiprocessing/queues.py", line 104 in get
  File "/users/ntolley/anaconda/sbi/lib/python3.7/site-packages/distributed/nanny.py", line 748 in watch_stop_q
  File "/users/ntolley/anaconda/sbi/lib/python3.7/threading.py", line 870 in run
  File "/users/ntolley/anaconda/sbi/lib/python3.7/threading.py", line 926 in _bootstrap_inner
  File "/users/ntolley/anaconda/sbi/lib/python3.7/threading.py", line 890 in _bootstrap

Thread 0x00007f3d03fff700 (most recent call first):
  File "/users/ntolley/anaconda/sbi/lib/python3.7/site-packages/distributed/profile.py", line 269 in _watch
  File "/users/ntolley/anaconda/sbi/lib/python3.7/threading.py", line 870 in run
  File "/users/ntolley/anaconda/sbi/lib/python3.7/threading.py", line 926 in _bootstrap_inner
  File "/users/ntolley/anaconda/sbi/lib/python3.7/threading.py", line 890 in _bootstrap

Thread 0x00007f3d286e1700 (most recent call first):
  File "/users/ntolley/anaconda/sbi/lib/python3.7/multiprocessing/connection.py", line 379 in _recv
  File "/users/ntolley/anaconda/sbi/lib/python3.7/multiprocessing/connection.py", line 407 in _recv_bytes
  File "/users/ntolley/anaconda/sbi/lib/python3.7/multiprocessing/connection.py", line 250 in recv
  File "/users/ntolley/anaconda/sbi/lib/python3.7/site-packages/distributed/process.py", line 143 in monitor_parent
  File "/users/ntolley/anaconda/sbi/lib/python3.7/threading.py", line 870 in run
  File "/users/ntolley/anaconda/sbi/lib/python3.7/threading.py", line 926 in _bootstrap_inner
  File "/users/ntolley/anaconda/sbi/lib/python3.7/threading.py", line 890 in _bootstrap

Thread 0x00007f3d3694a740 (most recent call first):
  File "/users/ntolley/anaconda/sbi/lib/python3.7/_weakrefset.py", line 38 in _remove
distributed.nanny - INFO - Worker process 102927 was killed by signal 6
distributed.nanny - INFO - Closing Nanny at 'tcp://172.20.207.64:41830'
distributed.nanny - INFO - Closing Nanny at 'tcp://172.20.207.64:32822'
distributed.nanny - INFO - Closing Nanny at 'tcp://172.20.207.64:33755'
distributed.nanny - INFO - Worker closed
joblib will run over 1 jobs
Loading custom mechanism files from /users/ntolley/anaconda/sbi/lib/python3.7/site-packages/hnn_core/mod/x86_64/.libs/libnrnmech.so
Building the NEURON model
[Done]
running trial 1 on 1 cores
Simulation time: 0.05 ms...
Simulation time: 10.0 ms...
Simulation time: 20.0 ms...
Simulation time: 30.0 ms...
Simulation time: 40.0 ms...
Simulation time: 50.0 ms...
Simulation time: 60.0 ms...
Simulation time: 70.0 ms...
Simulation time: 80.0 ms...
Simulation time: 90.0 ms...
Simulation time: 100.0 ms...
Simulation time: 110.0 ms...
Simulation time: 120.0 ms...
Fatal Python error: This thread state must be current when releasing

Current thread 0x00007f8825108700 (most recent call first):
  File "/users/ntolley/anaconda/sbi/lib/python3.7/site-packages/hnn_core/network_builder.py", line 58 in simulation_time
  File "/users/ntolley/anaconda/sbi/lib/python3.7/site-packages/hnn_core/network_builder.py", line 71 in _simulate_single_trial
  File "/users/ntolley/anaconda/sbi/lib/python3.7/site-packages/hnn_core/parallel_backends.py", line 35 in _clone_and_simulate
  File "/users/ntolley/anaconda/sbi/lib/python3.7/site-packages/hnn_core/parallel_backends.py", line 166 in <genexpr>
  File "/users/ntolley/anaconda/sbi/lib/python3.7/site-packages/hnn_core/parallel_backends.py", line 166 in simulate
  File "/users/ntolley/anaconda/sbi/lib/python3.7/site-packages/hnn_core/dipole.py", line 72 in simulate_dipole
  File "<ipython-input-3-2a3cf4ddb92c>", line 18 in __call__
  File "<ipython-input-3-2a3cf4ddb92c>", line 28 in run_simulator
  File "/users/ntolley/anaconda/sbi/lib/python3.7/site-packages/distributed/worker.py", line 3318 in execute_task
  File "/users/ntolley/anaconda/sbi/lib/python3.7/site-packages/distributed/worker.py", line 3425 in apply_function
  File "/users/ntolley/anaconda/sbi/lib/python3.7/site-packages/distributed/_concurrent_futures_thread.py", line 65 in run
  File "/users/ntolley/anaconda/sbi/lib/python3.7/site-packages/distributed/threadpoolexecutor.py", line 55 in _worker
  File "/users/ntolley/anaconda/sbi/lib/python3.7/threading.py", line 870 in run
  File "/users/ntolley/anaconda/sbi/lib/python3.7/threading.py", line 926 in _bootstrap_inner
  File "/users/ntolley/anaconda/sbi/lib/python3.7/threading.py", line 890 in _bootstrap

Thread 0x00007f8897fff700 (most recent call first):
  File "/users/ntolley/anaconda/sbi/lib/python3.7/threading.py", line 300 in wait
  File "/users/ntolley/anaconda/sbi/lib/python3.7/queue.py", line 179 in get
  File "/users/ntolley/anaconda/sbi/lib/python3.7/site-packages/distributed/threadpoolexecutor.py", line 51 in _worker
  File "/users/ntolley/anaconda/sbi/lib/python3.7/threading.py", line 870 in run
  File "/users/ntolley/anaconda/sbi/lib/python3.7/threading.py", line 926 in _bootstrap_inner
  File "/users/ntolley/anaconda/sbi/lib/python3.7/threading.py", line 890 in _bootstrap

Thread 0x00007f88bbfff700 (most recent call first):
  File "/users/ntolley/anaconda/sbi/lib/python3.7/threading.py", line 300 in wait
  File "/users/ntolley/anaconda/sbi/lib/python3.7/queue.py", line 179 in get
  File "/users/ntolley/anaconda/sbi/lib/python3.7/site-packages/distributed/threadpoolexecutor.py", line 51 in _worker
  File "/users/ntolley/anaconda/sbi/lib/python3.7/threading.py", line 870 in run
  File "/users/ntolley/anaconda/sbi/lib/python3.7/threading.py", line 926 in _bootstrap_inner
  File "/users/ntolley/anaconda/sbi/lib/python3.7/threading.py", line 890 in _bootstrap

Thread 0x00007f88dffff700 (most recent call first):
  File "/users/ntolley/anaconda/sbi/lib/python3.7/selectors.py", line 415 in select
  File "/users/ntolley/anaconda/sbi/lib/python3.7/multiprocessing/connection.py", line 921 in wait
  File "/users/ntolley/anaconda/sbi/lib/python3.7/multiprocessing/connection.py", line 414 in _poll
  File "/users/ntolley/anaconda/sbi/lib/python3.7/multiprocessing/connection.py", line 257 in poll
  File "/users/ntolley/anaconda/sbi/lib/python3.7/multiprocessing/queues.py", line 104 in get
  File "/users/ntolley/anaconda/sbi/lib/python3.7/site-packages/distributed/nanny.py", line 748 in watch_stop_q
  File "/users/ntolley/anaconda/sbi/lib/python3.7/threading.py", line 870 in run
  File "/users/ntolley/anaconda/sbi/lib/python3.7/threading.py", line 926 in _bootstrap_inner
  File "/users/ntolley/anaconda/sbi/lib/python3.7/threading.py", line 890 in _bootstrap

Thread 0x00007f8903fff700 (most recent call first):
  File "/users/ntolley/anaconda/sbi/lib/python3.7/site-packages/distributed/profile.py", line 269 in _watch
  File "/users/ntolley/anaconda/sbi/lib/python3.7/threading.py", line 870 in run
  File "/users/ntolley/anaconda/sbi/lib/python3.7/threading.py", line 926 in _bootstrap_inner
  File "/users/ntolley/anaconda/sbi/lib/python3.7/threading.py", line 890 in _bootstrap

Thread 0x00007f8929a5f700 (most recent call first):
  File "/users/ntolley/anaconda/sbi/lib/python3.7/multiprocessing/connection.py", line 379 in _recv
  File "/users/ntolley/anaconda/sbi/lib/python3.7/multiprocessing/connection.py", line 407 in _recv_bytes
  File "/users/ntolley/anaconda/sbi/lib/python3.7/multiprocessing/connection.py", line 250 in recv
  File "/users/ntolley/anaconda/sbi/lib/python3.7/site-packages/distributed/process.py", line 143 in monitor_parent
  File "/users/ntolley/anaconda/sbi/lib/python3.7/threading.py", line 870 in run
  File "/users/ntolley/anaconda/sbi/lib/python3.7/threading.py", line 926 in _bootstrap_inner
  File "/users/ntolley/anaconda/sbi/lib/python3.7/threading.py", line 890 in _bootstrap

Thread 0x00007f8937cc8740 (most recent call first):
  File "/users/ntolley/anaconda/sbi/lib/python3.7/_weakrefset.py", line 38 in _remove
distributed.nanny - INFO - Worker process 102915 was killed by signal 6
distributed.nanny - INFO - Closing Nanny at 'tcp://172.20.207.64:46341'
tornado.application - ERROR - Exception in callback <function Worker.__init__.<locals>.<lambda> at 0x7fce410d4710>
Traceback (most recent call last):
  File "/users/ntolley/anaconda/sbi/lib/python3.7/site-packages/tornado/ioloop.py", line 905, in _run
    return self.callback()
  File "/users/ntolley/anaconda/sbi/lib/python3.7/site-packages/distributed/worker.py", line 697, in <lambda>
    lambda: self.batched_stream.send({"op": "keep-alive"}), 60000
  File "/users/ntolley/anaconda/sbi/lib/python3.7/site-packages/distributed/batched.py", line 136, in send
    raise CommClosedError
distributed.comm.core.CommClosedError
distributed.core - INFO - Event loop was unresponsive in Worker for 30.12s.  This is often caused by long-running GIL-holding functions or moving large chunks of data. This can cause timeouts and instability.
distributed.nanny - INFO - Worker closed
joblib will run over 1 jobs
Loading custom mechanism files from /users/ntolley/anaconda/sbi/lib/python3.7/site-packages/hnn_core/mod/x86_64/.libs/libnrnmech.so
Building the NEURON model
[Done]
running trial 1 on 1 cores
Simulation time: 0.05 ms...
Simulation time: 10.0 ms...
Simulation time: 20.0 ms...
Simulation time: 30.0 ms...
Simulation time: 40.0 ms...
Simulation time: 50.0 ms...
Simulation time: 60.0 ms...
Simulation time: 70.0 ms...
Simulation time: 80.0 ms...
Simulation time: 90.0 ms...
Simulation time: 100.0 ms...
Simulation time: 110.0 ms...
Simulation time: 120.0 ms...
Simulation time: 130.0 ms...
Simulation time: 140.0 ms...
Fatal Python error: This thread state must be current when releasing

Current thread 0x00007feabf2ff700 (most recent call first):
  File "/users/ntolley/anaconda/sbi/lib/python3.7/site-packages/hnn_core/network_builder.py", line 58 in simulation_time
  File "/users/ntolley/anaconda/sbi/lib/python3.7/site-packages/hnn_core/network_builder.py", line 71 in _simulate_single_trial
  File "/users/ntolley/anaconda/sbi/lib/python3.7/site-packages/hnn_core/parallel_backends.py", line 35 in _clone_and_simulate
  File "/users/ntolley/anaconda/sbi/lib/python3.7/site-packages/hnn_core/parallel_backends.py", line 166 in <genexpr>
  File "/users/ntolley/anaconda/sbi/lib/python3.7/site-packages/hnn_core/parallel_backends.py", line 166 in simulate
  File "/users/ntolley/anaconda/sbi/lib/python3.7/site-packages/hnn_core/dipole.py", line 72 in simulate_dipole
  File "<ipython-input-3-2a3cf4ddb92c>", line 18 in __call__
  File "<ipython-input-3-2a3cf4ddb92c>", line 28 in run_simulator
  File "/users/ntolley/anaconda/sbi/lib/python3.7/site-packages/distributed/worker.py", line 3318 in execute_task
  File "/users/ntolley/anaconda/sbi/lib/python3.7/site-packages/distributed/worker.py", line 3425 in apply_function
  File "/users/ntolley/anaconda/sbi/lib/python3.7/site-packages/distributed/_concurrent_futures_thread.py", line 65 in run
  File "/users/ntolley/anaconda/sbi/lib/python3.7/site-packages/distributed/threadpoolexecutor.py", line 55 in _worker
  File "/users/ntolley/anaconda/sbi/lib/python3.7/threading.py", line 870 in run
  File "/users/ntolley/anaconda/sbi/lib/python3.7/threading.py", line 926 in _bootstrap_inner
  File "/users/ntolley/anaconda/sbi/lib/python3.7/threading.py", line 890 in _bootstrap

Thread 0x00007feb33fff700 (most recent call first):
  File "/users/ntolley/anaconda/sbi/lib/python3.7/threading.py", line 300 in wait
  File "/users/ntolley/anaconda/sbi/lib/python3.7/queue.py", line 179 in get
  File "/users/ntolley/anaconda/sbi/lib/python3.7/site-packages/distributed/threadpoolexecutor.py", line 51 in _worker
  File "/users/ntolley/anaconda/sbi/lib/python3.7/threading.py", line 870 in run
  File "/users/ntolley/anaconda/sbi/lib/python3.7/threading.py", line 926 in _bootstrap_inner
  File "/users/ntolley/anaconda/sbi/lib/python3.7/threading.py", line 890 in _bootstrap

Thread 0x00007feb57c3f700 (most recent call first):
  File "/users/ntolley/anaconda/sbi/lib/python3.7/threading.py", line 300 in wait
  File "/users/ntolley/anaconda/sbi/lib/python3.7/queue.py", line 179 in get
  File "/users/ntolley/anaconda/sbi/lib/python3.7/site-packages/distributed/threadpoolexecutor.py", line 51 in _worker
  File "/users/ntolley/anaconda/sbi/lib/python3.7/threading.py", line 870 in run
  File "/users/ntolley/anaconda/sbi/lib/python3.7/threading.py", line 926 in _bootstrap_inner
  File "/users/ntolley/anaconda/sbi/lib/python3.7/threading.py", line 890 in _bootstrap

Thread 0x00007feb7bfff700 (most recent call first):
  File "/users/ntolley/anaconda/sbi/lib/python3.7/selectors.py", line 415 in select
  File "/users/ntolley/anaconda/sbi/lib/python3.7/multiprocessing/connection.py", line 921 in wait
  File "/users/ntolley/anaconda/sbi/lib/python3.7/multiprocessing/connection.py", line 414 in _poll
  File "/users/ntolley/anaconda/sbi/lib/python3.7/multiprocessing/connection.py", line 257 in poll
  File "/users/ntolley/anaconda/sbi/lib/python3.7/multiprocessing/queues.py", line 104 in get
  File "/users/ntolley/anaconda/sbi/lib/python3.7/site-packages/distributed/nanny.py", line 748 in watch_stop_q
  File "/users/ntolley/anaconda/sbi/lib/python3.7/threading.py", line 870 in run
  File "/users/ntolley/anaconda/sbi/lib/python3.7/threading.py", line 926 in _bootstrap_inner
  File "/users/ntolley/anaconda/sbi/lib/python3.7/threading.py", line 890 in _bootstrap

Thread 0x00007feb9ffff700 (most recent call first):
  File "/users/ntolley/anaconda/sbi/lib/python3.7/site-packages/distributed/profile.py", line 269 in _watch
  File "/users/ntolley/anaconda/sbi/lib/python3.7/threading.py", line 870 in run
  File "/users/ntolley/anaconda/sbi/lib/python3.7/threading.py", line 926 in _bootstrap_inner
  File "/users/ntolley/anaconda/sbi/lib/python3.7/threading.py", line 890 in _bootstrap

Thread 0x00007febc3d11700 (most recent call first):
  File "/users/ntolley/anaconda/sbi/lib/python3.7/multiprocessing/connection.py", line 379 in _recv
  File "/users/ntolley/anaconda/sbi/lib/python3.7/multiprocessing/connection.py", line 407 in _recv_bytes
  File "/users/ntolley/anaconda/sbi/lib/python3.7/multiprocessing/connection.py", line 250 in recv
  File "/users/ntolley/anaconda/sbi/lib/python3.7/site-packages/distributed/process.py", line 143 in monitor_parent
  File "/users/ntolley/anaconda/sbi/lib/python3.7/threading.py", line 870 in run
  File "/users/ntolley/anaconda/sbi/lib/python3.7/threading.py", line 926 in _bootstrap_inner
  File "/users/ntolley/anaconda/sbi/lib/python3.7/threading.py", line 890 in _bootstrap

Thread 0x00007febd1f7a740 (most recent call first):
  File "/users/ntolley/anaconda/sbi/lib/python3.7/_weakrefset.py", line 38 in _remove
distributed.nanny - INFO - Worker process 102921 was killed by signal 6
distributed.nanny - INFO - Closing Nanny at 'tcp://172.20.207.64:36756'
distributed.utils - ERROR - Timed out trying to connect to tcp://172.20.207.64:36551 after 10 s
ConnectionRefusedError: [Errno 111] Connection refused

The above exception was the direct cause of the following exception:

Traceback (most recent call last):
  File "/users/ntolley/anaconda/sbi/lib/python3.7/site-packages/distributed/comm/core.py", line 288, in connect
    timeout=min(intermediate_cap, time_left()),
  File "/users/ntolley/anaconda/sbi/lib/python3.7/asyncio/tasks.py", line 442, in wait_for
    return fut.result()
  File "/users/ntolley/anaconda/sbi/lib/python3.7/site-packages/distributed/comm/tcp.py", line 374, in connect
    convert_stream_closed_error(self, e)
  File "/users/ntolley/anaconda/sbi/lib/python3.7/site-packages/distributed/comm/tcp.py", line 124, in convert_stream_closed_error
    ) from exc
distributed.comm.core.CommClosedError: in <distributed.comm.tcp.TCPConnector object at 0x7fcd5efedf90>: ConnectionRefusedError: [Errno 111] Connection refused

The above exception was the direct cause of the following exception:

Traceback (most recent call last):
  File "/users/ntolley/anaconda/sbi/lib/python3.7/site-packages/distributed/worker.py", line 939, in heartbeat
    metrics=await self.get_metrics(),
  File "/users/ntolley/anaconda/sbi/lib/python3.7/site-packages/distributed/utils_comm.py", line 389, in retry_operation
    operation=operation,
  File "/users/ntolley/anaconda/sbi/lib/python3.7/site-packages/distributed/utils_comm.py", line 369, in retry
    return await coro()
  File "/users/ntolley/anaconda/sbi/lib/python3.7/site-packages/distributed/core.py", line 875, in send_recv_from_rpc
    comm = await self.pool.connect(self.addr)
  File "/users/ntolley/anaconda/sbi/lib/python3.7/site-packages/distributed/core.py", line 1030, in connect
    **self.connection_args,
  File "/users/ntolley/anaconda/sbi/lib/python3.7/site-packages/distributed/comm/core.py", line 310, in connect
    ) from active_exception
OSError: Timed out trying to connect to tcp://172.20.209.24:42243 after 10 s

During handling of the above exception, another exception occurred:

Traceback (most recent call last):
  File "/users/ntolley/anaconda/sbi/lib/python3.7/site-packages/distributed/comm/core.py", line 288, in connect
    timeout=min(intermediate_cap, time_left()),
  File "/users/ntolley/anaconda/sbi/lib/python3.7/asyncio/tasks.py", line 449, in wait_for
    raise futures.TimeoutError()
concurrent.futures._base.TimeoutError

The above exception was the direct cause of the following exception:

Traceback (most recent call last):
  File "/users/ntolley/anaconda/sbi/lib/python3.7/site-packages/distributed/utils.py", line 655, in log_errors
    yield
  File "/users/ntolley/anaconda/sbi/lib/python3.7/site-packages/distributed/worker.py", line 1187, in close
    await r.close_gracefully()
  File "/users/ntolley/anaconda/sbi/lib/python3.7/site-packages/distributed/core.py", line 875, in send_recv_from_rpc
    comm = await self.pool.connect(self.addr)
  File "/users/ntolley/anaconda/sbi/lib/python3.7/site-packages/distributed/core.py", line 1030, in connect
    **self.connection_args,
  File "/users/ntolley/anaconda/sbi/lib/python3.7/site-packages/distributed/comm/core.py", line 310, in connect
    ) from active_exception
OSError: Timed out trying to connect to tcp://172.20.207.64:36551 after 10 s
tornado.application - ERROR - Exception in callback functools.partial(<bound method IOLoop._discard_future_result of <tornado.platform.asyncio.AsyncIOLoop object at 0x7fce5fb63e10>>, <Task finished coro=<Worker.heartbeat() done, defined at /users/ntolley/anaconda/sbi/lib/python3.7/site-packages/distributed/worker.py:929> exception=OSError('Timed out trying to connect to tcp://172.20.207.64:36551 after 10 s')>)
ConnectionRefusedError: [Errno 111] Connection refused

The above exception was the direct cause of the following exception:

Traceback (most recent call last):
  File "/users/ntolley/anaconda/sbi/lib/python3.7/site-packages/distributed/comm/core.py", line 288, in connect
    timeout=min(intermediate_cap, time_left()),
  File "/users/ntolley/anaconda/sbi/lib/python3.7/asyncio/tasks.py", line 442, in wait_for
    return fut.result()
  File "/users/ntolley/anaconda/sbi/lib/python3.7/site-packages/distributed/comm/tcp.py", line 374, in connect
    convert_stream_closed_error(self, e)
  File "/users/ntolley/anaconda/sbi/lib/python3.7/site-packages/distributed/comm/tcp.py", line 124, in convert_stream_closed_error
    ) from exc
distributed.comm.core.CommClosedError: in <distributed.comm.tcp.TCPConnector object at 0x7fcd5efedf90>: ConnectionRefusedError: [Errno 111] Connection refused

The above exception was the direct cause of the following exception:

Traceback (most recent call last):
  File "/users/ntolley/anaconda/sbi/lib/python3.7/site-packages/distributed/worker.py", line 939, in heartbeat
    metrics=await self.get_metrics(),
  File "/users/ntolley/anaconda/sbi/lib/python3.7/site-packages/distributed/utils_comm.py", line 389, in retry_operation
    operation=operation,
  File "/users/ntolley/anaconda/sbi/lib/python3.7/site-packages/distributed/utils_comm.py", line 369, in retry
    return await coro()
  File "/users/ntolley/anaconda/sbi/lib/python3.7/site-packages/distributed/core.py", line 875, in send_recv_from_rpc
    comm = await self.pool.connect(self.addr)
  File "/users/ntolley/anaconda/sbi/lib/python3.7/site-packages/distributed/core.py", line 1030, in connect
    **self.connection_args,
  File "/users/ntolley/anaconda/sbi/lib/python3.7/site-packages/distributed/comm/core.py", line 310, in connect
    ) from active_exception
OSError: Timed out trying to connect to tcp://172.20.209.24:42243 after 10 s

During handling of the above exception, another exception occurred:

Traceback (most recent call last):
  File "/users/ntolley/anaconda/sbi/lib/python3.7/site-packages/distributed/comm/core.py", line 288, in connect
    timeout=min(intermediate_cap, time_left()),
  File "/users/ntolley/anaconda/sbi/lib/python3.7/asyncio/tasks.py", line 449, in wait_for
    raise futures.TimeoutError()
concurrent.futures._base.TimeoutError

The above exception was the direct cause of the following exception:

Traceback (most recent call last):
  File "/users/ntolley/anaconda/sbi/lib/python3.7/site-packages/tornado/ioloop.py", line 741, in _run_callback
    ret = callback()
  File "/users/ntolley/anaconda/sbi/lib/python3.7/site-packages/tornado/ioloop.py", line 765, in _discard_future_result
    future.result()
  File "/users/ntolley/anaconda/sbi/lib/python3.7/site-packages/distributed/worker.py", line 968, in heartbeat
    await self.close(report=False)
  File "/users/ntolley/anaconda/sbi/lib/python3.7/site-packages/distributed/worker.py", line 1187, in close
    await r.close_gracefully()
  File "/users/ntolley/anaconda/sbi/lib/python3.7/site-packages/distributed/core.py", line 875, in send_recv_from_rpc
    comm = await self.pool.connect(self.addr)
  File "/users/ntolley/anaconda/sbi/lib/python3.7/site-packages/distributed/core.py", line 1030, in connect
    **self.connection_args,
  File "/users/ntolley/anaconda/sbi/lib/python3.7/site-packages/distributed/comm/core.py", line 310, in connect
    ) from active_exception
OSError: Timed out trying to connect to tcp://172.20.207.64:36551 after 10 s
distributed.core - INFO - Event loop was unresponsive in Worker for 8.10s.  This is often caused by long-running GIL-holding functions or moving large chunks of data. This can cause timeouts and instability.
distributed.nanny - INFO - Closing Nanny at 'tcp://172.20.207.64:42155'
tornado.application - ERROR - Exception in callback <function Worker.__init__.<locals>.<lambda> at 0x7fce410d4710>
Traceback (most recent call last):
  File "/users/ntolley/anaconda/sbi/lib/python3.7/site-packages/tornado/ioloop.py", line 905, in _run
    return self.callback()
  File "/users/ntolley/anaconda/sbi/lib/python3.7/site-packages/distributed/worker.py", line 697, in <lambda>
    lambda: self.batched_stream.send({"op": "keep-alive"}), 60000
  File "/users/ntolley/anaconda/sbi/lib/python3.7/site-packages/distributed/batched.py", line 136, in send
    raise CommClosedError
distributed.comm.core.CommClosedError
distributed.worker - INFO - Comm closed
tornado.application - ERROR - Exception in callback <function Worker.__init__.<locals>.<lambda> at 0x7fce410d4710>
Traceback (most recent call last):
  File "/users/ntolley/anaconda/sbi/lib/python3.7/site-packages/tornado/ioloop.py", line 905, in _run
    return self.callback()
  File "/users/ntolley/anaconda/sbi/lib/python3.7/site-packages/distributed/worker.py", line 697, in <lambda>
    lambda: self.batched_stream.send({"op": "keep-alive"}), 60000
  File "/users/ntolley/anaconda/sbi/lib/python3.7/site-packages/distributed/batched.py", line 136, in send
    raise CommClosedError
distributed.comm.core.CommClosedError
tornado.application - ERROR - Exception in callback <function Worker.__init__.<locals>.<lambda> at 0x7fce410d4710>
Traceback (most recent call last):
  File "/users/ntolley/anaconda/sbi/lib/python3.7/site-packages/tornado/ioloop.py", line 905, in _run
    return self.callback()
  File "/users/ntolley/anaconda/sbi/lib/python3.7/site-packages/distributed/worker.py", line 697, in <lambda>
    lambda: self.batched_stream.send({"op": "keep-alive"}), 60000
  File "/users/ntolley/anaconda/sbi/lib/python3.7/site-packages/distributed/batched.py", line 136, in send
    raise CommClosedError
distributed.comm.core.CommClosedError
tornado.application - ERROR - Exception in callback <function Worker.__init__.<locals>.<lambda> at 0x7fce410d4710>
Traceback (most recent call last):
  File "/users/ntolley/anaconda/sbi/lib/python3.7/site-packages/tornado/ioloop.py", line 905, in _run
    return self.callback()
  File "/users/ntolley/anaconda/sbi/lib/python3.7/site-packages/distributed/worker.py", line 697, in <lambda>
    lambda: self.batched_stream.send({"op": "keep-alive"}), 60000
  File "/users/ntolley/anaconda/sbi/lib/python3.7/site-packages/distributed/batched.py", line 136, in send
    raise CommClosedError
distributed.comm.core.CommClosedError
tornado.application - ERROR - Exception in callback <function Worker.__init__.<locals>.<lambda> at 0x7fce410d4710>
Traceback (most recent call last):
  File "/users/ntolley/anaconda/sbi/lib/python3.7/site-packages/tornado/ioloop.py", line 905, in _run
    return self.callback()
  File "/users/ntolley/anaconda/sbi/lib/python3.7/site-packages/distributed/worker.py", line 697, in <lambda>
    lambda: self.batched_stream.send({"op": "keep-alive"}), 60000
  File "/users/ntolley/anaconda/sbi/lib/python3.7/site-packages/distributed/batched.py", line 136, in send
    raise CommClosedError
distributed.comm.core.CommClosedError
tornado.application - ERROR - Exception in callback <function Worker.__init__.<locals>.<lambda> at 0x7fce410d4710>
Traceback (most recent call last):
  File "/users/ntolley/anaconda/sbi/lib/python3.7/site-packages/tornado/ioloop.py", line 905, in _run
    return self.callback()
  File "/users/ntolley/anaconda/sbi/lib/python3.7/site-packages/distributed/worker.py", line 697, in <lambda>
    lambda: self.batched_stream.send({"op": "keep-alive"}), 60000
  File "/users/ntolley/anaconda/sbi/lib/python3.7/site-packages/distributed/batched.py", line 136, in send
    raise CommClosedError
distributed.comm.core.CommClosedError
tornado.application - ERROR - Exception in callback <function Worker.__init__.<locals>.<lambda> at 0x7fce410d4710>
Traceback (most recent call last):
  File "/users/ntolley/anaconda/sbi/lib/python3.7/site-packages/tornado/ioloop.py", line 905, in _run
    return self.callback()
  File "/users/ntolley/anaconda/sbi/lib/python3.7/site-packages/distributed/worker.py", line 697, in <lambda>
    lambda: self.batched_stream.send({"op": "keep-alive"}), 60000
  File "/users/ntolley/anaconda/sbi/lib/python3.7/site-packages/distributed/batched.py", line 136, in send
    raise CommClosedError
distributed.comm.core.CommClosedError
slurmstepd: error: *** JOB 101842 ON node1164 CANCELLED AT 2021-01-12T08:12:42 DUE TO TIME LIMIT ***
