distributed.nanny - INFO -         Start Nanny at: 'tcp://198.202.101.189:41835'
distributed.nanny - INFO -         Start Nanny at: 'tcp://198.202.101.189:45203'
distributed.nanny - INFO -         Start Nanny at: 'tcp://198.202.101.189:37299'
distributed.nanny - INFO -         Start Nanny at: 'tcp://198.202.101.189:40745'
distributed.nanny - INFO -         Start Nanny at: 'tcp://198.202.101.189:34333'
distributed.nanny - INFO -         Start Nanny at: 'tcp://198.202.101.189:40019'
distributed.nanny - INFO -         Start Nanny at: 'tcp://198.202.101.189:46807'
distributed.nanny - INFO -         Start Nanny at: 'tcp://198.202.101.189:34735'
distributed.nanny - INFO -         Start Nanny at: 'tcp://198.202.101.189:38797'
distributed.nanny - INFO -         Start Nanny at: 'tcp://198.202.101.189:37611'
distributed.nanny - INFO -         Start Nanny at: 'tcp://198.202.101.189:37579'
distributed.nanny - INFO -         Start Nanny at: 'tcp://198.202.101.189:43407'
distributed.nanny - INFO -         Start Nanny at: 'tcp://198.202.101.189:33783'
distributed.nanny - INFO -         Start Nanny at: 'tcp://198.202.101.189:45555'
distributed.nanny - INFO -         Start Nanny at: 'tcp://198.202.101.189:44827'
distributed.nanny - INFO -         Start Nanny at: 'tcp://198.202.101.189:45871'
distributed.nanny - INFO -         Start Nanny at: 'tcp://198.202.101.189:40363'
distributed.nanny - INFO -         Start Nanny at: 'tcp://198.202.101.189:39391'
distributed.nanny - INFO -         Start Nanny at: 'tcp://198.202.101.189:42531'
distributed.nanny - INFO -         Start Nanny at: 'tcp://198.202.101.189:42365'
distributed.nanny - INFO -         Start Nanny at: 'tcp://198.202.101.189:34247'
distributed.nanny - INFO -         Start Nanny at: 'tcp://198.202.101.189:39253'
distributed.nanny - INFO -         Start Nanny at: 'tcp://198.202.101.189:41265'
distributed.nanny - INFO -         Start Nanny at: 'tcp://198.202.101.189:45171'
distributed.nanny - INFO -         Start Nanny at: 'tcp://198.202.101.189:37683'
distributed.nanny - INFO -         Start Nanny at: 'tcp://198.202.101.189:40305'
distributed.nanny - INFO -         Start Nanny at: 'tcp://198.202.101.189:44817'
distributed.nanny - INFO -         Start Nanny at: 'tcp://198.202.101.189:47087'
distributed.nanny - INFO -         Start Nanny at: 'tcp://198.202.101.189:37693'
distributed.nanny - INFO -         Start Nanny at: 'tcp://198.202.101.189:37639'
distributed.nanny - INFO -         Start Nanny at: 'tcp://198.202.101.189:35983'
distributed.nanny - INFO -         Start Nanny at: 'tcp://198.202.101.189:39129'
distributed.nanny - INFO -         Start Nanny at: 'tcp://198.202.101.189:39563'
distributed.nanny - INFO -         Start Nanny at: 'tcp://198.202.101.189:36655'
distributed.nanny - INFO -         Start Nanny at: 'tcp://198.202.101.189:32909'
distributed.nanny - INFO -         Start Nanny at: 'tcp://198.202.101.189:36819'
distributed.nanny - INFO -         Start Nanny at: 'tcp://198.202.101.189:34037'
distributed.nanny - INFO -         Start Nanny at: 'tcp://198.202.101.189:41675'
distributed.nanny - INFO -         Start Nanny at: 'tcp://198.202.101.189:33353'
distributed.nanny - INFO -         Start Nanny at: 'tcp://198.202.101.189:39367'
distributed.nanny - INFO -         Start Nanny at: 'tcp://198.202.101.189:45107'
distributed.nanny - INFO -         Start Nanny at: 'tcp://198.202.101.189:44559'
distributed.nanny - INFO -         Start Nanny at: 'tcp://198.202.101.189:46441'
distributed.nanny - INFO -         Start Nanny at: 'tcp://198.202.101.189:47041'
distributed.nanny - INFO -         Start Nanny at: 'tcp://198.202.101.189:34051'
distributed.nanny - INFO -         Start Nanny at: 'tcp://198.202.101.189:32797'
distributed.nanny - INFO -         Start Nanny at: 'tcp://198.202.101.189:43731'
distributed.nanny - INFO -         Start Nanny at: 'tcp://198.202.101.189:38195'
distributed.nanny - INFO -         Start Nanny at: 'tcp://198.202.101.189:35861'
distributed.nanny - INFO -         Start Nanny at: 'tcp://198.202.101.189:33117'
distributed.nanny - INFO -         Start Nanny at: 'tcp://198.202.101.189:37803'
distributed.nanny - INFO -         Start Nanny at: 'tcp://198.202.101.189:40855'
distributed.nanny - INFO -         Start Nanny at: 'tcp://198.202.101.189:37897'
distributed.nanny - INFO -         Start Nanny at: 'tcp://198.202.101.189:36499'
distributed.nanny - INFO -         Start Nanny at: 'tcp://198.202.101.189:39639'
distributed.nanny - INFO -         Start Nanny at: 'tcp://198.202.101.189:45109'
distributed.nanny - INFO -         Start Nanny at: 'tcp://198.202.101.189:36251'
distributed.nanny - INFO -         Start Nanny at: 'tcp://198.202.101.189:45291'
distributed.nanny - INFO -         Start Nanny at: 'tcp://198.202.101.189:41887'
distributed.nanny - INFO -         Start Nanny at: 'tcp://198.202.101.189:34387'
distributed.nanny - INFO -         Start Nanny at: 'tcp://198.202.101.189:41821'
distributed.nanny - INFO -         Start Nanny at: 'tcp://198.202.101.189:35053'
distributed.nanny - INFO -         Start Nanny at: 'tcp://198.202.101.189:41545'
distributed.nanny - INFO -         Start Nanny at: 'tcp://198.202.101.189:47075'
distributed.nanny - INFO -         Start Nanny at: 'tcp://198.202.101.189:43779'
distributed.nanny - INFO -         Start Nanny at: 'tcp://198.202.101.189:43301'
distributed.nanny - INFO -         Start Nanny at: 'tcp://198.202.101.189:34499'
distributed.nanny - INFO -         Start Nanny at: 'tcp://198.202.101.189:46879'
distributed.nanny - INFO -         Start Nanny at: 'tcp://198.202.101.189:43445'
distributed.nanny - INFO -         Start Nanny at: 'tcp://198.202.101.189:42811'
distributed.nanny - INFO -         Start Nanny at: 'tcp://198.202.101.189:34337'
distributed.nanny - INFO -         Start Nanny at: 'tcp://198.202.101.189:38917'
distributed.nanny - INFO -         Start Nanny at: 'tcp://198.202.101.189:35919'
distributed.nanny - INFO -         Start Nanny at: 'tcp://198.202.101.189:36537'
distributed.nanny - INFO -         Start Nanny at: 'tcp://198.202.101.189:46435'
distributed.nanny - INFO -         Start Nanny at: 'tcp://198.202.101.189:34743'
distributed.nanny - INFO -         Start Nanny at: 'tcp://198.202.101.189:35703'
distributed.nanny - INFO -         Start Nanny at: 'tcp://198.202.101.189:33743'
distributed.nanny - INFO -         Start Nanny at: 'tcp://198.202.101.189:45809'
distributed.nanny - INFO -         Start Nanny at: 'tcp://198.202.101.189:37111'
distributed.nanny - INFO -         Start Nanny at: 'tcp://198.202.101.189:33049'
distributed.nanny - INFO -         Start Nanny at: 'tcp://198.202.101.189:36271'
distributed.nanny - INFO -         Start Nanny at: 'tcp://198.202.101.189:35303'
distributed.nanny - INFO -         Start Nanny at: 'tcp://198.202.101.189:38575'
distributed.nanny - INFO -         Start Nanny at: 'tcp://198.202.101.189:41697'
distributed.nanny - INFO -         Start Nanny at: 'tcp://198.202.101.189:45261'
distributed.nanny - INFO -         Start Nanny at: 'tcp://198.202.101.189:40331'
distributed.nanny - INFO -         Start Nanny at: 'tcp://198.202.101.189:36301'
distributed.nanny - INFO -         Start Nanny at: 'tcp://198.202.101.189:33839'
distributed.nanny - INFO -         Start Nanny at: 'tcp://198.202.101.189:38847'
distributed.nanny - INFO -         Start Nanny at: 'tcp://198.202.101.189:41285'
distributed.nanny - INFO -         Start Nanny at: 'tcp://198.202.101.189:40111'
distributed.nanny - INFO -         Start Nanny at: 'tcp://198.202.101.189:37061'
distributed.nanny - INFO -         Start Nanny at: 'tcp://198.202.101.189:40389'
distributed.nanny - INFO -         Start Nanny at: 'tcp://198.202.101.189:37089'
distributed.nanny - INFO -         Start Nanny at: 'tcp://198.202.101.189:36223'
distributed.nanny - INFO -         Start Nanny at: 'tcp://198.202.101.189:38365'
distributed.nanny - INFO -         Start Nanny at: 'tcp://198.202.101.189:34645'
distributed.nanny - INFO -         Start Nanny at: 'tcp://198.202.101.189:39191'
distributed.nanny - INFO -         Start Nanny at: 'tcp://198.202.101.189:45205'
distributed.nanny - INFO - Closing Nanny at 'tcp://198.202.101.189:41835'
distributed.nanny - INFO - Closing Nanny at 'tcp://198.202.101.189:45203'
distributed.nanny - INFO - Closing Nanny at 'tcp://198.202.101.189:37299'
distributed.nanny - INFO - Closing Nanny at 'tcp://198.202.101.189:40745'
distributed.nanny - INFO - Closing Nanny at 'tcp://198.202.101.189:34333'
distributed.nanny - INFO - Closing Nanny at 'tcp://198.202.101.189:40019'
distributed.nanny - INFO - Closing Nanny at 'tcp://198.202.101.189:46807'
distributed.nanny - INFO - Closing Nanny at 'tcp://198.202.101.189:34735'
distributed.nanny - INFO - Closing Nanny at 'tcp://198.202.101.189:38797'
distributed.nanny - INFO - Closing Nanny at 'tcp://198.202.101.189:37611'
distributed.nanny - INFO - Closing Nanny at 'tcp://198.202.101.189:37579'
distributed.nanny - INFO - Closing Nanny at 'tcp://198.202.101.189:43407'
distributed.nanny - INFO - Closing Nanny at 'tcp://198.202.101.189:33783'
distributed.nanny - INFO - Closing Nanny at 'tcp://198.202.101.189:45555'
distributed.nanny - INFO - Closing Nanny at 'tcp://198.202.101.189:44827'
distributed.nanny - INFO - Closing Nanny at 'tcp://198.202.101.189:45871'
distributed.nanny - INFO - Closing Nanny at 'tcp://198.202.101.189:40363'
distributed.nanny - INFO - Closing Nanny at 'tcp://198.202.101.189:39391'
distributed.nanny - INFO - Closing Nanny at 'tcp://198.202.101.189:42531'
distributed.nanny - INFO - Closing Nanny at 'tcp://198.202.101.189:42365'
distributed.nanny - INFO - Closing Nanny at 'tcp://198.202.101.189:34247'
distributed.nanny - INFO - Closing Nanny at 'tcp://198.202.101.189:39253'
distributed.nanny - INFO - Closing Nanny at 'tcp://198.202.101.189:41265'
distributed.nanny - INFO - Closing Nanny at 'tcp://198.202.101.189:45171'
distributed.nanny - INFO - Closing Nanny at 'tcp://198.202.101.189:37683'
distributed.nanny - INFO - Closing Nanny at 'tcp://198.202.101.189:40305'
distributed.nanny - INFO - Closing Nanny at 'tcp://198.202.101.189:44817'
distributed.nanny - INFO - Closing Nanny at 'tcp://198.202.101.189:47087'
distributed.nanny - INFO - Closing Nanny at 'tcp://198.202.101.189:37693'
distributed.nanny - INFO - Closing Nanny at 'tcp://198.202.101.189:37639'
distributed.nanny - INFO - Closing Nanny at 'tcp://198.202.101.189:35983'
distributed.nanny - INFO - Closing Nanny at 'tcp://198.202.101.189:39129'
distributed.nanny - INFO - Closing Nanny at 'tcp://198.202.101.189:39563'
distributed.nanny - INFO - Closing Nanny at 'tcp://198.202.101.189:36655'
distributed.nanny - INFO - Closing Nanny at 'tcp://198.202.101.189:32909'
distributed.nanny - INFO - Closing Nanny at 'tcp://198.202.101.189:36819'
distributed.nanny - INFO - Closing Nanny at 'tcp://198.202.101.189:34037'
distributed.nanny - INFO - Closing Nanny at 'tcp://198.202.101.189:41675'
distributed.nanny - INFO - Closing Nanny at 'tcp://198.202.101.189:33353'
distributed.nanny - INFO - Closing Nanny at 'tcp://198.202.101.189:39367'
distributed.nanny - INFO - Closing Nanny at 'tcp://198.202.101.189:45107'
distributed.nanny - INFO - Closing Nanny at 'tcp://198.202.101.189:44559'
distributed.nanny - INFO - Closing Nanny at 'tcp://198.202.101.189:46441'
distributed.nanny - INFO - Closing Nanny at 'tcp://198.202.101.189:47041'
distributed.nanny - INFO - Closing Nanny at 'tcp://198.202.101.189:34051'
distributed.nanny - INFO - Closing Nanny at 'tcp://198.202.101.189:32797'
distributed.nanny - INFO - Closing Nanny at 'tcp://198.202.101.189:43731'
distributed.nanny - INFO - Closing Nanny at 'tcp://198.202.101.189:38195'
distributed.nanny - INFO - Closing Nanny at 'tcp://198.202.101.189:35861'
distributed.nanny - INFO - Closing Nanny at 'tcp://198.202.101.189:33117'
distributed.nanny - INFO - Closing Nanny at 'tcp://198.202.101.189:37803'
distributed.nanny - INFO - Closing Nanny at 'tcp://198.202.101.189:40855'
distributed.nanny - INFO - Closing Nanny at 'tcp://198.202.101.189:37897'
distributed.nanny - INFO - Closing Nanny at 'tcp://198.202.101.189:36499'
distributed.nanny - INFO - Closing Nanny at 'tcp://198.202.101.189:39639'
distributed.nanny - INFO - Closing Nanny at 'tcp://198.202.101.189:45109'
distributed.nanny - INFO - Closing Nanny at 'tcp://198.202.101.189:36251'
distributed.nanny - INFO - Closing Nanny at 'tcp://198.202.101.189:45291'
distributed.nanny - INFO - Closing Nanny at 'tcp://198.202.101.189:41887'
distributed.nanny - INFO - Closing Nanny at 'tcp://198.202.101.189:34387'
distributed.nanny - INFO - Closing Nanny at 'tcp://198.202.101.189:41821'
distributed.nanny - INFO - Closing Nanny at 'tcp://198.202.101.189:35053'
distributed.nanny - INFO - Closing Nanny at 'tcp://198.202.101.189:41545'
distributed.nanny - INFO - Closing Nanny at 'tcp://198.202.101.189:47075'
distributed.nanny - INFO - Closing Nanny at 'tcp://198.202.101.189:43779'
distributed.nanny - INFO - Closing Nanny at 'tcp://198.202.101.189:43301'
distributed.nanny - INFO - Closing Nanny at 'tcp://198.202.101.189:34499'
distributed.nanny - INFO - Closing Nanny at 'tcp://198.202.101.189:46879'
distributed.nanny - INFO - Closing Nanny at 'tcp://198.202.101.189:43445'
distributed.nanny - INFO - Closing Nanny at 'tcp://198.202.101.189:42811'
distributed.nanny - INFO - Closing Nanny at 'tcp://198.202.101.189:34337'
distributed.nanny - INFO - Closing Nanny at 'tcp://198.202.101.189:38917'
distributed.nanny - INFO - Closing Nanny at 'tcp://198.202.101.189:35919'
distributed.nanny - INFO - Closing Nanny at 'tcp://198.202.101.189:36537'
distributed.nanny - INFO - Closing Nanny at 'tcp://198.202.101.189:46435'
distributed.nanny - INFO - Closing Nanny at 'tcp://198.202.101.189:34743'
distributed.nanny - INFO - Closing Nanny at 'tcp://198.202.101.189:35703'
distributed.nanny - INFO - Closing Nanny at 'tcp://198.202.101.189:33743'
distributed.nanny - INFO - Closing Nanny at 'tcp://198.202.101.189:45809'
distributed.nanny - INFO - Closing Nanny at 'tcp://198.202.101.189:37111'
distributed.nanny - INFO - Closing Nanny at 'tcp://198.202.101.189:33049'
distributed.nanny - INFO - Closing Nanny at 'tcp://198.202.101.189:36271'
distributed.nanny - INFO - Closing Nanny at 'tcp://198.202.101.189:35303'
distributed.nanny - INFO - Closing Nanny at 'tcp://198.202.101.189:38575'
distributed.nanny - INFO - Closing Nanny at 'tcp://198.202.101.189:41697'
distributed.nanny - INFO - Closing Nanny at 'tcp://198.202.101.189:45261'
distributed.nanny - INFO - Closing Nanny at 'tcp://198.202.101.189:40331'
distributed.nanny - INFO - Closing Nanny at 'tcp://198.202.101.189:36301'
distributed.nanny - INFO - Closing Nanny at 'tcp://198.202.101.189:33839'
distributed.nanny - INFO - Closing Nanny at 'tcp://198.202.101.189:38847'
distributed.nanny - INFO - Closing Nanny at 'tcp://198.202.101.189:41285'
distributed.nanny - INFO - Closing Nanny at 'tcp://198.202.101.189:40111'
distributed.nanny - INFO - Closing Nanny at 'tcp://198.202.101.189:37061'
distributed.nanny - INFO - Closing Nanny at 'tcp://198.202.101.189:40389'
distributed.nanny - INFO - Closing Nanny at 'tcp://198.202.101.189:37089'
distributed.nanny - INFO - Closing Nanny at 'tcp://198.202.101.189:36223'
distributed.nanny - INFO - Closing Nanny at 'tcp://198.202.101.189:38365'
distributed.nanny - INFO - Closing Nanny at 'tcp://198.202.101.189:34645'
distributed.nanny - INFO - Closing Nanny at 'tcp://198.202.101.189:39191'
distributed.nanny - INFO - Closing Nanny at 'tcp://198.202.101.189:45205'
distributed.nanny - WARNING - Worker process still alive after 0 seconds, killing
distributed.nanny - WARNING - Worker process still alive after 0 seconds, killing
distributed.nanny - WARNING - Worker process still alive after 0 seconds, killing
distributed.nanny - WARNING - Worker process still alive after 0 seconds, killing
distributed.nanny - WARNING - Worker process still alive after 0 seconds, killing
distributed.nanny - WARNING - Worker process still alive after 0 seconds, killing
distributed.nanny - WARNING - Worker process still alive after 0 seconds, killing
distributed.nanny - WARNING - Worker process still alive after 0 seconds, killing
distributed.nanny - WARNING - Worker process still alive after 0 seconds, killing
distributed.nanny - WARNING - Worker process still alive after 0 seconds, killing
distributed.nanny - WARNING - Worker process still alive after 0 seconds, killing
distributed.nanny - WARNING - Worker process still alive after 0 seconds, killing
distributed.nanny - WARNING - Worker process still alive after 0 seconds, killing
distributed.nanny - WARNING - Worker process still alive after 0 seconds, killing
distributed.nanny - WARNING - Worker process still alive after 0 seconds, killing
distributed.nanny - WARNING - Worker process still alive after 0 seconds, killing
distributed.nanny - WARNING - Worker process still alive after 0 seconds, killing
distributed.nanny - WARNING - Worker process still alive after 0 seconds, killing
distributed.nanny - WARNING - Worker process still alive after 0 seconds, killing
distributed.nanny - WARNING - Worker process still alive after 0 seconds, killing
distributed.nanny - WARNING - Worker process still alive after 0 seconds, killing
distributed.nanny - WARNING - Worker process still alive after 0 seconds, killing
distributed.nanny - WARNING - Worker process still alive after 0 seconds, killing
distributed.nanny - WARNING - Worker process still alive after 0 seconds, killing
distributed.nanny - WARNING - Worker process still alive after 0 seconds, killing
distributed.nanny - WARNING - Worker process still alive after 0 seconds, killing
distributed.nanny - WARNING - Worker process still alive after 0 seconds, killing
distributed.nanny - WARNING - Worker process still alive after 0 seconds, killing
distributed.nanny - WARNING - Worker process still alive after 0 seconds, killing
distributed.nanny - WARNING - Worker process still alive after 0 seconds, killing
distributed.nanny - WARNING - Worker process still alive after 0 seconds, killing
distributed.nanny - WARNING - Worker process still alive after 0 seconds, killing
distributed.nanny - WARNING - Worker process still alive after 0 seconds, killing
distributed.nanny - WARNING - Worker process still alive after 0 seconds, killing
distributed.nanny - WARNING - Worker process still alive after 0 seconds, killing
distributed.nanny - WARNING - Worker process still alive after 0 seconds, killing
distributed.nanny - WARNING - Worker process still alive after 0 seconds, killing
distributed.nanny - WARNING - Worker process still alive after 0 seconds, killing
distributed.nanny - WARNING - Worker process still alive after 0 seconds, killing
distributed.nanny - WARNING - Worker process still alive after 0 seconds, killing
distributed.nanny - WARNING - Worker process still alive after 0 seconds, killing
distributed.nanny - WARNING - Worker process still alive after 0 seconds, killing
distributed.nanny - WARNING - Worker process still alive after 0 seconds, killing
distributed.nanny - WARNING - Worker process still alive after 0 seconds, killing
distributed.nanny - WARNING - Worker process still alive after 0 seconds, killing
distributed.nanny - WARNING - Worker process still alive after 0 seconds, killing
distributed.nanny - WARNING - Worker process still alive after 0 seconds, killing
distributed.nanny - WARNING - Worker process still alive after 0 seconds, killing
distributed.nanny - WARNING - Worker process still alive after 0 seconds, killing
distributed.nanny - WARNING - Worker process still alive after 0 seconds, killing
distributed.nanny - WARNING - Worker process still alive after 0 seconds, killing
distributed.nanny - WARNING - Worker process still alive after 0 seconds, killing
distributed.nanny - WARNING - Worker process still alive after 0 seconds, killing
distributed.nanny - WARNING - Worker process still alive after 0 seconds, killing
distributed.nanny - WARNING - Worker process still alive after 0 seconds, killing
distributed.nanny - WARNING - Worker process still alive after 0 seconds, killing
distributed.nanny - WARNING - Worker process still alive after 0 seconds, killing
distributed.nanny - WARNING - Worker process still alive after 0 seconds, killing
distributed.nanny - WARNING - Worker process still alive after 0 seconds, killing
distributed.nanny - WARNING - Worker process still alive after 0 seconds, killing
distributed.nanny - WARNING - Worker process still alive after 0 seconds, killing
distributed.nanny - WARNING - Worker process still alive after 0 seconds, killing
distributed.nanny - WARNING - Worker process still alive after 0 seconds, killing
distributed.nanny - WARNING - Worker process still alive after 0 seconds, killing
distributed.nanny - INFO - Worker process 13821 was killed by signal 15
distributed.nanny - INFO - Worker process 13816 was killed by signal 15
distributed.nanny - INFO - Worker process 13855 was killed by signal 15
distributed.nanny - INFO - Worker process 13824 was killed by signal 15
distributed.nanny - INFO - Worker process 13839 was killed by signal 15
distributed.nanny - INFO - Worker process 13857 was killed by signal 15
distributed.nanny - INFO - Worker process 13863 was killed by signal 15
distributed.nanny - INFO - Worker process 13866 was killed by signal 15
distributed.nanny - INFO - Worker process 13910 was killed by signal 15
distributed.nanny - INFO - Worker process 13929 was killed by signal 15
distributed.nanny - INFO - Worker process 13935 was killed by signal 15
distributed.nanny - INFO - Worker process 13922 was killed by signal 15
distributed.nanny - INFO - Worker process 13892 was killed by signal 15
distributed.nanny - INFO - Worker process 13897 was killed by signal 15
distributed.nanny - INFO - Worker process 13830 was killed by signal 15
distributed.nanny - INFO - Worker process 13868 was killed by signal 15
distributed.nanny - INFO - Worker process 13873 was killed by signal 15
distributed.nanny - INFO - Worker process 13912 was killed by signal 15
distributed.nanny - INFO - Worker process 13899 was killed by signal 15
distributed.nanny - INFO - Worker process 13916 was killed by signal 15
distributed.nanny - INFO - Worker process 13886 was killed by signal 15
distributed.nanny - INFO - Worker process 13904 was killed by signal 15
distributed.nanny - INFO - Worker process 13875 was killed by signal 15
distributed.nanny - INFO - Worker process 13938 was killed by signal 15
distributed.nanny - INFO - Worker process 13878 was killed by signal 15
distributed.nanny - INFO - Worker process 13885 was killed by signal 15
distributed.nanny - INFO - Worker process 13891 was killed by signal 15
distributed.nanny - INFO - Worker process 13932 was killed by signal 15
distributed.nanny - INFO - Worker process 13913 was killed by signal 15
distributed.nanny - INFO - Worker process 13881 was killed by signal 15
distributed.nanny - INFO - Worker process 13941 was killed by signal 15
distributed.nanny - INFO - Worker process 13927 was killed by signal 15
distributed.nanny - INFO - Worker process 13903 was killed by signal 15
distributed.nanny - INFO - Worker process 14002 was killed by signal 15
distributed.nanny - WARNING - Worker process still alive after 0 seconds, killing
distributed.nanny - WARNING - Worker process still alive after 0 seconds, killing
distributed.nanny - WARNING - Worker process still alive after 0 seconds, killing
distributed.nanny - WARNING - Worker process still alive after 0 seconds, killing
distributed.nanny - WARNING - Worker process still alive after 0 seconds, killing
distributed.nanny - WARNING - Worker process still alive after 0 seconds, killing
distributed.nanny - WARNING - Worker process still alive after 0 seconds, killing
distributed.nanny - WARNING - Worker process still alive after 0 seconds, killing
distributed.nanny - WARNING - Worker process still alive after 0 seconds, killing
distributed.nanny - WARNING - Worker process still alive after 0 seconds, killing
distributed.nanny - WARNING - Worker process still alive after 0 seconds, killing
distributed.nanny - WARNING - Worker process still alive after 0 seconds, killing
distributed.nanny - WARNING - Worker process still alive after 0 seconds, killing
distributed.nanny - WARNING - Worker process still alive after 0 seconds, killing
distributed.nanny - WARNING - Worker process still alive after 0 seconds, killing
distributed.nanny - WARNING - Worker process still alive after 0 seconds, killing
distributed.nanny - WARNING - Worker process still alive after 0 seconds, killing
distributed.nanny - WARNING - Worker process still alive after 0 seconds, killing
distributed.nanny - WARNING - Worker process still alive after 0 seconds, killing
distributed.nanny - WARNING - Worker process still alive after 0 seconds, killing
distributed.nanny - WARNING - Worker process still alive after 0 seconds, killing
distributed.nanny - WARNING - Worker process still alive after 0 seconds, killing
distributed.nanny - WARNING - Worker process still alive after 0 seconds, killing
distributed.nanny - WARNING - Worker process still alive after 0 seconds, killing
distributed.nanny - WARNING - Worker process still alive after 0 seconds, killing
distributed.nanny - WARNING - Worker process still alive after 0 seconds, killing
distributed.nanny - WARNING - Worker process still alive after 0 seconds, killing
distributed.nanny - WARNING - Worker process still alive after 0 seconds, killing
distributed.nanny - WARNING - Worker process still alive after 0 seconds, killing
distributed.nanny - WARNING - Worker process still alive after 0 seconds, killing
distributed.nanny - WARNING - Worker process still alive after 0 seconds, killing
distributed.nanny - WARNING - Worker process still alive after 0 seconds, killing
distributed.nanny - WARNING - Worker process still alive after 0 seconds, killing
distributed.nanny - WARNING - Worker process still alive after 0 seconds, killing
distributed.nanny - WARNING - Worker process still alive after 0 seconds, killing
distributed.nanny - WARNING - Worker process still alive after 0 seconds, killing
distributed.dask_worker - INFO - End worker
Traceback (most recent call last):
  File "/home/ntolley/anaconda3/envs/sbi/lib/python3.8/site-packages/distributed/core.py", line 271, in _
    await asyncio.wait_for(self.start(), timeout=timeout)
  File "/home/ntolley/anaconda3/envs/sbi/lib/python3.8/asyncio/tasks.py", line 498, in wait_for
    raise exceptions.TimeoutError()
asyncio.exceptions.TimeoutError

During handling of the above exception, another exception occurred:

Traceback (most recent call last):
  File "/home/ntolley/anaconda3/envs/sbi/lib/python3.8/runpy.py", line 194, in _run_module_as_main
    return _run_code(code, main_globals, None,
  File "/home/ntolley/anaconda3/envs/sbi/lib/python3.8/runpy.py", line 87, in _run_code
    exec(code, run_globals)
  File "/home/ntolley/anaconda3/envs/sbi/lib/python3.8/site-packages/distributed/cli/dask_worker.py", line 469, in <module>
    go()
  File "/home/ntolley/anaconda3/envs/sbi/lib/python3.8/site-packages/distributed/cli/dask_worker.py", line 465, in go
    main()
  File "/home/ntolley/anaconda3/envs/sbi/lib/python3.8/site-packages/click/core.py", line 829, in __call__
    return self.main(*args, **kwargs)
  File "/home/ntolley/anaconda3/envs/sbi/lib/python3.8/site-packages/click/core.py", line 782, in main
    rv = self.invoke(ctx)
  File "/home/ntolley/anaconda3/envs/sbi/lib/python3.8/site-packages/click/core.py", line 1066, in invoke
    return ctx.invoke(self.callback, **ctx.params)
  File "/home/ntolley/anaconda3/envs/sbi/lib/python3.8/site-packages/click/core.py", line 610, in invoke
    return callback(*args, **kwargs)
  File "/home/ntolley/anaconda3/envs/sbi/lib/python3.8/site-packages/distributed/cli/dask_worker.py", line 451, in main
    loop.run_sync(run)
  File "/home/ntolley/anaconda3/envs/sbi/lib/python3.8/site-packages/tornado/ioloop.py", line 530, in run_sync
    return future_cell[0].result()
  File "/home/ntolley/anaconda3/envs/sbi/lib/python3.8/site-packages/distributed/cli/dask_worker.py", line 445, in run
    await asyncio.gather(*nannies)
  File "/home/ntolley/anaconda3/envs/sbi/lib/python3.8/asyncio/tasks.py", line 692, in _wrap_awaitable
    return (yield from awaitable.__await__())
  File "/home/ntolley/anaconda3/envs/sbi/lib/python3.8/site-packages/distributed/core.py", line 275, in _
    raise TimeoutError(
asyncio.exceptions.TimeoutError: Nanny failed to start in 60 seconds
