distributed.nanny - INFO -         Start Nanny at: 'tcp://198.202.102.79:34403'
distributed.nanny - INFO -         Start Nanny at: 'tcp://198.202.102.79:36949'
distributed.nanny - INFO -         Start Nanny at: 'tcp://198.202.102.79:45261'
distributed.nanny - INFO -         Start Nanny at: 'tcp://198.202.102.79:35315'
distributed.nanny - INFO -         Start Nanny at: 'tcp://198.202.102.79:35065'
distributed.nanny - INFO -         Start Nanny at: 'tcp://198.202.102.79:37785'
distributed.nanny - INFO -         Start Nanny at: 'tcp://198.202.102.79:34977'
distributed.nanny - INFO -         Start Nanny at: 'tcp://198.202.102.79:44597'
distributed.nanny - INFO -         Start Nanny at: 'tcp://198.202.102.79:38851'
distributed.nanny - INFO -         Start Nanny at: 'tcp://198.202.102.79:41869'
distributed.nanny - INFO -         Start Nanny at: 'tcp://198.202.102.79:39815'
distributed.nanny - INFO -         Start Nanny at: 'tcp://198.202.102.79:34079'
distributed.nanny - INFO -         Start Nanny at: 'tcp://198.202.102.79:41821'
distributed.nanny - INFO -         Start Nanny at: 'tcp://198.202.102.79:35219'
distributed.nanny - INFO -         Start Nanny at: 'tcp://198.202.102.79:33449'
distributed.nanny - INFO -         Start Nanny at: 'tcp://198.202.102.79:33361'
distributed.nanny - INFO -         Start Nanny at: 'tcp://198.202.102.79:41615'
distributed.nanny - INFO -         Start Nanny at: 'tcp://198.202.102.79:39907'
distributed.nanny - INFO -         Start Nanny at: 'tcp://198.202.102.79:33855'
distributed.nanny - INFO -         Start Nanny at: 'tcp://198.202.102.79:38967'
distributed.nanny - INFO -         Start Nanny at: 'tcp://198.202.102.79:38117'
distributed.nanny - INFO -         Start Nanny at: 'tcp://198.202.102.79:35227'
distributed.nanny - INFO -         Start Nanny at: 'tcp://198.202.102.79:34229'
distributed.nanny - INFO -         Start Nanny at: 'tcp://198.202.102.79:36065'
distributed.nanny - INFO -         Start Nanny at: 'tcp://198.202.102.79:35405'
distributed.nanny - INFO -         Start Nanny at: 'tcp://198.202.102.79:45579'
distributed.nanny - INFO -         Start Nanny at: 'tcp://198.202.102.79:44879'
distributed.nanny - INFO -         Start Nanny at: 'tcp://198.202.102.79:46525'
distributed.nanny - INFO -         Start Nanny at: 'tcp://198.202.102.79:34121'
distributed.nanny - INFO -         Start Nanny at: 'tcp://198.202.102.79:39381'
distributed.nanny - INFO -         Start Nanny at: 'tcp://198.202.102.79:41733'
distributed.nanny - INFO -         Start Nanny at: 'tcp://198.202.102.79:39401'
distributed.nanny - INFO -         Start Nanny at: 'tcp://198.202.102.79:38723'
distributed.nanny - INFO -         Start Nanny at: 'tcp://198.202.102.79:39213'
distributed.nanny - INFO -         Start Nanny at: 'tcp://198.202.102.79:35759'
distributed.nanny - INFO -         Start Nanny at: 'tcp://198.202.102.79:38331'
distributed.nanny - INFO -         Start Nanny at: 'tcp://198.202.102.79:45911'
distributed.nanny - INFO -         Start Nanny at: 'tcp://198.202.102.79:46269'
distributed.nanny - INFO -         Start Nanny at: 'tcp://198.202.102.79:44103'
distributed.nanny - INFO -         Start Nanny at: 'tcp://198.202.102.79:36003'
distributed.nanny - INFO -         Start Nanny at: 'tcp://198.202.102.79:32815'
distributed.nanny - INFO -         Start Nanny at: 'tcp://198.202.102.79:46763'
distributed.nanny - INFO -         Start Nanny at: 'tcp://198.202.102.79:42229'
distributed.nanny - INFO -         Start Nanny at: 'tcp://198.202.102.79:40075'
distributed.nanny - INFO -         Start Nanny at: 'tcp://198.202.102.79:45003'
distributed.nanny - INFO -         Start Nanny at: 'tcp://198.202.102.79:35961'
distributed.nanny - INFO -         Start Nanny at: 'tcp://198.202.102.79:45817'
distributed.nanny - INFO -         Start Nanny at: 'tcp://198.202.102.79:40339'
distributed.nanny - INFO -         Start Nanny at: 'tcp://198.202.102.79:40129'
distributed.nanny - INFO -         Start Nanny at: 'tcp://198.202.102.79:41399'
distributed.nanny - INFO -         Start Nanny at: 'tcp://198.202.102.79:46527'
distributed.nanny - INFO -         Start Nanny at: 'tcp://198.202.102.79:43667'
distributed.nanny - INFO -         Start Nanny at: 'tcp://198.202.102.79:37621'
distributed.nanny - INFO -         Start Nanny at: 'tcp://198.202.102.79:46015'
distributed.nanny - INFO -         Start Nanny at: 'tcp://198.202.102.79:41629'
distributed.nanny - INFO -         Start Nanny at: 'tcp://198.202.102.79:35121'
distributed.nanny - INFO -         Start Nanny at: 'tcp://198.202.102.79:42921'
distributed.nanny - INFO -         Start Nanny at: 'tcp://198.202.102.79:42885'
distributed.nanny - INFO -         Start Nanny at: 'tcp://198.202.102.79:34927'
distributed.nanny - INFO -         Start Nanny at: 'tcp://198.202.102.79:41053'
distributed.nanny - INFO -         Start Nanny at: 'tcp://198.202.102.79:38909'
distributed.nanny - INFO -         Start Nanny at: 'tcp://198.202.102.79:40079'
distributed.nanny - INFO -         Start Nanny at: 'tcp://198.202.102.79:41239'
distributed.nanny - INFO -         Start Nanny at: 'tcp://198.202.102.79:45741'
distributed.nanny - INFO -         Start Nanny at: 'tcp://198.202.102.79:39863'
distributed.nanny - INFO -         Start Nanny at: 'tcp://198.202.102.79:38905'
distributed.nanny - INFO -         Start Nanny at: 'tcp://198.202.102.79:42313'
distributed.nanny - INFO -         Start Nanny at: 'tcp://198.202.102.79:33533'
distributed.nanny - INFO -         Start Nanny at: 'tcp://198.202.102.79:47053'
distributed.nanny - INFO -         Start Nanny at: 'tcp://198.202.102.79:35357'
distributed.nanny - INFO -         Start Nanny at: 'tcp://198.202.102.79:45205'
distributed.nanny - INFO -         Start Nanny at: 'tcp://198.202.102.79:46611'
distributed.nanny - INFO -         Start Nanny at: 'tcp://198.202.102.79:45789'
distributed.nanny - INFO -         Start Nanny at: 'tcp://198.202.102.79:45451'
distributed.nanny - INFO -         Start Nanny at: 'tcp://198.202.102.79:33719'
distributed.nanny - INFO -         Start Nanny at: 'tcp://198.202.102.79:40643'
distributed.nanny - INFO -         Start Nanny at: 'tcp://198.202.102.79:40837'
distributed.nanny - INFO -         Start Nanny at: 'tcp://198.202.102.79:46843'
distributed.nanny - INFO -         Start Nanny at: 'tcp://198.202.102.79:32811'
distributed.nanny - INFO -         Start Nanny at: 'tcp://198.202.102.79:39963'
distributed.nanny - INFO -         Start Nanny at: 'tcp://198.202.102.79:46339'
distributed.nanny - INFO -         Start Nanny at: 'tcp://198.202.102.79:35413'
distributed.nanny - INFO -         Start Nanny at: 'tcp://198.202.102.79:43855'
distributed.nanny - INFO -         Start Nanny at: 'tcp://198.202.102.79:35359'
distributed.nanny - INFO -         Start Nanny at: 'tcp://198.202.102.79:42733'
distributed.nanny - INFO -         Start Nanny at: 'tcp://198.202.102.79:39527'
distributed.nanny - INFO -         Start Nanny at: 'tcp://198.202.102.79:39845'
distributed.nanny - INFO -         Start Nanny at: 'tcp://198.202.102.79:38991'
distributed.nanny - INFO -         Start Nanny at: 'tcp://198.202.102.79:38841'
distributed.nanny - INFO -         Start Nanny at: 'tcp://198.202.102.79:38371'
distributed.nanny - INFO -         Start Nanny at: 'tcp://198.202.102.79:40381'
distributed.nanny - INFO -         Start Nanny at: 'tcp://198.202.102.79:44087'
distributed.nanny - INFO -         Start Nanny at: 'tcp://198.202.102.79:41551'
distributed.nanny - INFO -         Start Nanny at: 'tcp://198.202.102.79:33765'
distributed.nanny - INFO -         Start Nanny at: 'tcp://198.202.102.79:42489'
distributed.nanny - INFO -         Start Nanny at: 'tcp://198.202.102.79:33151'
distributed.nanny - INFO -         Start Nanny at: 'tcp://198.202.102.79:43773'
distributed.nanny - INFO -         Start Nanny at: 'tcp://198.202.102.79:41961'
distributed.nanny - INFO -         Start Nanny at: 'tcp://198.202.102.79:44603'
distributed.nanny - INFO -         Start Nanny at: 'tcp://198.202.102.79:38451'
distributed.nanny - INFO - Closing Nanny at 'tcp://198.202.102.79:34403'
distributed.nanny - INFO - Closing Nanny at 'tcp://198.202.102.79:36949'
distributed.nanny - INFO - Closing Nanny at 'tcp://198.202.102.79:45261'
distributed.nanny - INFO - Closing Nanny at 'tcp://198.202.102.79:35315'
distributed.nanny - INFO - Closing Nanny at 'tcp://198.202.102.79:35065'
distributed.nanny - INFO - Closing Nanny at 'tcp://198.202.102.79:37785'
distributed.nanny - INFO - Closing Nanny at 'tcp://198.202.102.79:34977'
distributed.nanny - INFO - Closing Nanny at 'tcp://198.202.102.79:44597'
distributed.nanny - INFO - Closing Nanny at 'tcp://198.202.102.79:38851'
distributed.nanny - INFO - Closing Nanny at 'tcp://198.202.102.79:41869'
distributed.nanny - INFO - Closing Nanny at 'tcp://198.202.102.79:39815'
distributed.nanny - INFO - Closing Nanny at 'tcp://198.202.102.79:34079'
distributed.nanny - INFO - Closing Nanny at 'tcp://198.202.102.79:41821'
distributed.nanny - INFO - Closing Nanny at 'tcp://198.202.102.79:35219'
distributed.nanny - INFO - Closing Nanny at 'tcp://198.202.102.79:33449'
distributed.nanny - INFO - Closing Nanny at 'tcp://198.202.102.79:33361'
distributed.nanny - INFO - Closing Nanny at 'tcp://198.202.102.79:41615'
distributed.nanny - INFO - Closing Nanny at 'tcp://198.202.102.79:39907'
distributed.nanny - INFO - Closing Nanny at 'tcp://198.202.102.79:33855'
distributed.nanny - INFO - Closing Nanny at 'tcp://198.202.102.79:38967'
distributed.nanny - INFO - Closing Nanny at 'tcp://198.202.102.79:38117'
distributed.nanny - INFO - Closing Nanny at 'tcp://198.202.102.79:35227'
distributed.nanny - INFO - Closing Nanny at 'tcp://198.202.102.79:34229'
distributed.nanny - INFO - Closing Nanny at 'tcp://198.202.102.79:36065'
distributed.nanny - INFO - Closing Nanny at 'tcp://198.202.102.79:35405'
distributed.nanny - INFO - Closing Nanny at 'tcp://198.202.102.79:45579'
distributed.nanny - INFO - Closing Nanny at 'tcp://198.202.102.79:44879'
distributed.nanny - INFO - Closing Nanny at 'tcp://198.202.102.79:46525'
distributed.nanny - INFO - Closing Nanny at 'tcp://198.202.102.79:34121'
distributed.nanny - INFO - Closing Nanny at 'tcp://198.202.102.79:39381'
distributed.nanny - INFO - Closing Nanny at 'tcp://198.202.102.79:41733'
distributed.nanny - INFO - Closing Nanny at 'tcp://198.202.102.79:39401'
distributed.nanny - INFO - Closing Nanny at 'tcp://198.202.102.79:38723'
distributed.nanny - INFO - Closing Nanny at 'tcp://198.202.102.79:39213'
distributed.nanny - INFO - Closing Nanny at 'tcp://198.202.102.79:35759'
distributed.nanny - INFO - Closing Nanny at 'tcp://198.202.102.79:38331'
distributed.nanny - INFO - Closing Nanny at 'tcp://198.202.102.79:45911'
distributed.nanny - INFO - Closing Nanny at 'tcp://198.202.102.79:46269'
distributed.nanny - INFO - Closing Nanny at 'tcp://198.202.102.79:44103'
distributed.nanny - INFO - Closing Nanny at 'tcp://198.202.102.79:36003'
distributed.nanny - INFO - Closing Nanny at 'tcp://198.202.102.79:32815'
distributed.nanny - INFO - Closing Nanny at 'tcp://198.202.102.79:46763'
distributed.nanny - INFO - Closing Nanny at 'tcp://198.202.102.79:42229'
distributed.nanny - INFO - Closing Nanny at 'tcp://198.202.102.79:40075'
distributed.nanny - INFO - Closing Nanny at 'tcp://198.202.102.79:45003'
distributed.nanny - INFO - Closing Nanny at 'tcp://198.202.102.79:35961'
distributed.nanny - INFO - Closing Nanny at 'tcp://198.202.102.79:45817'
distributed.nanny - INFO - Closing Nanny at 'tcp://198.202.102.79:40339'
distributed.nanny - INFO - Closing Nanny at 'tcp://198.202.102.79:40129'
distributed.nanny - INFO - Closing Nanny at 'tcp://198.202.102.79:41399'
distributed.nanny - INFO - Closing Nanny at 'tcp://198.202.102.79:46527'
distributed.nanny - INFO - Closing Nanny at 'tcp://198.202.102.79:43667'
distributed.nanny - INFO - Closing Nanny at 'tcp://198.202.102.79:37621'
distributed.nanny - INFO - Closing Nanny at 'tcp://198.202.102.79:46015'
distributed.nanny - INFO - Closing Nanny at 'tcp://198.202.102.79:41629'
distributed.nanny - INFO - Closing Nanny at 'tcp://198.202.102.79:35121'
distributed.nanny - INFO - Closing Nanny at 'tcp://198.202.102.79:42921'
distributed.nanny - INFO - Closing Nanny at 'tcp://198.202.102.79:42885'
distributed.nanny - INFO - Closing Nanny at 'tcp://198.202.102.79:34927'
distributed.nanny - INFO - Closing Nanny at 'tcp://198.202.102.79:41053'
distributed.nanny - INFO - Closing Nanny at 'tcp://198.202.102.79:38909'
distributed.nanny - INFO - Closing Nanny at 'tcp://198.202.102.79:40079'
distributed.nanny - INFO - Closing Nanny at 'tcp://198.202.102.79:41239'
distributed.nanny - INFO - Closing Nanny at 'tcp://198.202.102.79:45741'
distributed.nanny - INFO - Closing Nanny at 'tcp://198.202.102.79:39863'
distributed.nanny - INFO - Closing Nanny at 'tcp://198.202.102.79:38905'
distributed.nanny - INFO - Closing Nanny at 'tcp://198.202.102.79:42313'
distributed.nanny - INFO - Closing Nanny at 'tcp://198.202.102.79:33533'
distributed.nanny - INFO - Closing Nanny at 'tcp://198.202.102.79:47053'
distributed.nanny - INFO - Closing Nanny at 'tcp://198.202.102.79:35357'
distributed.nanny - INFO - Closing Nanny at 'tcp://198.202.102.79:45205'
distributed.nanny - INFO - Closing Nanny at 'tcp://198.202.102.79:46611'
distributed.nanny - INFO - Closing Nanny at 'tcp://198.202.102.79:45789'
distributed.nanny - INFO - Closing Nanny at 'tcp://198.202.102.79:45451'
distributed.nanny - INFO - Closing Nanny at 'tcp://198.202.102.79:33719'
distributed.nanny - INFO - Closing Nanny at 'tcp://198.202.102.79:40643'
distributed.nanny - INFO - Closing Nanny at 'tcp://198.202.102.79:40837'
distributed.nanny - INFO - Closing Nanny at 'tcp://198.202.102.79:46843'
distributed.nanny - INFO - Closing Nanny at 'tcp://198.202.102.79:32811'
distributed.nanny - INFO - Closing Nanny at 'tcp://198.202.102.79:39963'
distributed.nanny - INFO - Closing Nanny at 'tcp://198.202.102.79:46339'
distributed.nanny - INFO - Closing Nanny at 'tcp://198.202.102.79:35413'
distributed.nanny - INFO - Closing Nanny at 'tcp://198.202.102.79:43855'
distributed.nanny - INFO - Closing Nanny at 'tcp://198.202.102.79:35359'
distributed.nanny - INFO - Closing Nanny at 'tcp://198.202.102.79:42733'
distributed.nanny - INFO - Closing Nanny at 'tcp://198.202.102.79:39527'
distributed.nanny - INFO - Closing Nanny at 'tcp://198.202.102.79:39845'
distributed.nanny - INFO - Closing Nanny at 'tcp://198.202.102.79:38991'
distributed.nanny - INFO - Closing Nanny at 'tcp://198.202.102.79:38841'
distributed.nanny - INFO - Closing Nanny at 'tcp://198.202.102.79:38371'
distributed.nanny - INFO - Closing Nanny at 'tcp://198.202.102.79:40381'
distributed.nanny - INFO - Closing Nanny at 'tcp://198.202.102.79:44087'
distributed.nanny - INFO - Closing Nanny at 'tcp://198.202.102.79:41551'
distributed.nanny - INFO - Closing Nanny at 'tcp://198.202.102.79:33765'
distributed.nanny - INFO - Closing Nanny at 'tcp://198.202.102.79:42489'
distributed.nanny - INFO - Closing Nanny at 'tcp://198.202.102.79:33151'
distributed.nanny - INFO - Closing Nanny at 'tcp://198.202.102.79:43773'
distributed.nanny - INFO - Closing Nanny at 'tcp://198.202.102.79:41961'
distributed.nanny - INFO - Closing Nanny at 'tcp://198.202.102.79:44603'
distributed.nanny - INFO - Closing Nanny at 'tcp://198.202.102.79:38451'
distributed.nanny - WARNING - Worker process still alive after 0 seconds, killing
distributed.nanny - WARNING - Worker process still alive after 0 seconds, killing
distributed.nanny - WARNING - Worker process still alive after 0 seconds, killing
distributed.nanny - WARNING - Worker process still alive after 0 seconds, killing
distributed.nanny - WARNING - Worker process still alive after 0 seconds, killing
distributed.nanny - WARNING - Worker process still alive after 0 seconds, killing
distributed.nanny - WARNING - Worker process still alive after 0 seconds, killing
distributed.nanny - WARNING - Worker process still alive after 0 seconds, killing
distributed.nanny - WARNING - Worker process still alive after 0 seconds, killing
distributed.nanny - WARNING - Worker process still alive after 0 seconds, killing
distributed.nanny - WARNING - Worker process still alive after 0 seconds, killing
distributed.nanny - WARNING - Worker process still alive after 0 seconds, killing
distributed.nanny - WARNING - Worker process still alive after 0 seconds, killing
distributed.nanny - WARNING - Worker process still alive after 0 seconds, killing
distributed.nanny - WARNING - Worker process still alive after 0 seconds, killing
distributed.nanny - WARNING - Worker process still alive after 0 seconds, killing
distributed.nanny - WARNING - Worker process still alive after 0 seconds, killing
distributed.nanny - WARNING - Worker process still alive after 0 seconds, killing
distributed.nanny - WARNING - Worker process still alive after 0 seconds, killing
distributed.nanny - WARNING - Worker process still alive after 0 seconds, killing
distributed.nanny - WARNING - Worker process still alive after 0 seconds, killing
distributed.nanny - WARNING - Worker process still alive after 0 seconds, killing
distributed.nanny - WARNING - Worker process still alive after 0 seconds, killing
distributed.nanny - WARNING - Worker process still alive after 0 seconds, killing
distributed.nanny - WARNING - Worker process still alive after 0 seconds, killing
distributed.nanny - WARNING - Worker process still alive after 0 seconds, killing
distributed.nanny - WARNING - Worker process still alive after 0 seconds, killing
distributed.nanny - WARNING - Worker process still alive after 0 seconds, killing
distributed.nanny - WARNING - Worker process still alive after 0 seconds, killing
distributed.nanny - WARNING - Worker process still alive after 0 seconds, killing
distributed.nanny - WARNING - Worker process still alive after 0 seconds, killing
distributed.nanny - WARNING - Worker process still alive after 0 seconds, killing
distributed.nanny - WARNING - Worker process still alive after 0 seconds, killing
distributed.nanny - WARNING - Worker process still alive after 0 seconds, killing
distributed.nanny - WARNING - Worker process still alive after 0 seconds, killing
distributed.nanny - WARNING - Worker process still alive after 0 seconds, killing
distributed.nanny - WARNING - Worker process still alive after 0 seconds, killing
distributed.nanny - WARNING - Worker process still alive after 0 seconds, killing
distributed.nanny - WARNING - Worker process still alive after 0 seconds, killing
distributed.nanny - WARNING - Worker process still alive after 0 seconds, killing
distributed.nanny - WARNING - Worker process still alive after 0 seconds, killing
distributed.nanny - WARNING - Worker process still alive after 0 seconds, killing
distributed.nanny - WARNING - Worker process still alive after 0 seconds, killing
distributed.nanny - WARNING - Worker process still alive after 0 seconds, killing
distributed.nanny - WARNING - Worker process still alive after 0 seconds, killing
distributed.nanny - WARNING - Worker process still alive after 0 seconds, killing
distributed.nanny - WARNING - Worker process still alive after 0 seconds, killing
distributed.nanny - WARNING - Worker process still alive after 0 seconds, killing
distributed.nanny - WARNING - Worker process still alive after 0 seconds, killing
distributed.nanny - WARNING - Worker process still alive after 0 seconds, killing
distributed.nanny - WARNING - Worker process still alive after 0 seconds, killing
distributed.nanny - WARNING - Worker process still alive after 0 seconds, killing
distributed.nanny - WARNING - Worker process still alive after 0 seconds, killing
distributed.nanny - WARNING - Worker process still alive after 0 seconds, killing
distributed.nanny - WARNING - Worker process still alive after 0 seconds, killing
distributed.nanny - WARNING - Worker process still alive after 0 seconds, killing
distributed.nanny - WARNING - Worker process still alive after 0 seconds, killing
distributed.nanny - WARNING - Worker process still alive after 0 seconds, killing
distributed.nanny - WARNING - Worker process still alive after 0 seconds, killing
distributed.nanny - WARNING - Worker process still alive after 0 seconds, killing
distributed.nanny - WARNING - Worker process still alive after 0 seconds, killing
distributed.nanny - WARNING - Worker process still alive after 0 seconds, killing
distributed.nanny - WARNING - Worker process still alive after 0 seconds, killing
distributed.nanny - WARNING - Worker process still alive after 0 seconds, killing
distributed.nanny - WARNING - Worker process still alive after 0 seconds, killing
distributed.nanny - WARNING - Worker process still alive after 0 seconds, killing
distributed.nanny - WARNING - Worker process still alive after 0 seconds, killing
distributed.nanny - WARNING - Worker process still alive after 0 seconds, killing
distributed.nanny - WARNING - Worker process still alive after 0 seconds, killing
distributed.nanny - WARNING - Worker process still alive after 0 seconds, killing
distributed.nanny - WARNING - Worker process still alive after 0 seconds, killing
distributed.nanny - WARNING - Worker process still alive after 0 seconds, killing
distributed.nanny - WARNING - Worker process still alive after 0 seconds, killing
distributed.nanny - WARNING - Worker process still alive after 0 seconds, killing
distributed.nanny - WARNING - Worker process still alive after 0 seconds, killing
distributed.nanny - WARNING - Worker process still alive after 0 seconds, killing
distributed.nanny - WARNING - Worker process still alive after 0 seconds, killing
distributed.nanny - WARNING - Worker process still alive after 0 seconds, killing
distributed.nanny - WARNING - Worker process still alive after 0 seconds, killing
distributed.nanny - WARNING - Worker process still alive after 0 seconds, killing
distributed.nanny - WARNING - Worker process still alive after 0 seconds, killing
distributed.nanny - WARNING - Worker process still alive after 0 seconds, killing
distributed.nanny - WARNING - Worker process still alive after 0 seconds, killing
distributed.nanny - WARNING - Worker process still alive after 0 seconds, killing
distributed.nanny - WARNING - Worker process still alive after 0 seconds, killing
distributed.nanny - WARNING - Worker process still alive after 0 seconds, killing
distributed.nanny - WARNING - Worker process still alive after 0 seconds, killing
distributed.nanny - WARNING - Worker process still alive after 0 seconds, killing
distributed.nanny - WARNING - Worker process still alive after 0 seconds, killing
distributed.nanny - WARNING - Worker process still alive after 0 seconds, killing
distributed.nanny - WARNING - Worker process still alive after 0 seconds, killing
distributed.nanny - WARNING - Worker process still alive after 0 seconds, killing
distributed.nanny - WARNING - Worker process still alive after 0 seconds, killing
distributed.nanny - WARNING - Worker process still alive after 0 seconds, killing
distributed.nanny - WARNING - Worker process still alive after 0 seconds, killing
distributed.nanny - WARNING - Worker process still alive after 0 seconds, killing
distributed.nanny - WARNING - Worker process still alive after 0 seconds, killing
distributed.nanny - WARNING - Worker process still alive after 0 seconds, killing
distributed.nanny - WARNING - Worker process still alive after 0 seconds, killing
distributed.nanny - WARNING - Worker process still alive after 0 seconds, killing
distributed.dask_worker - INFO - End worker
Traceback (most recent call last):
  File "/home/ntolley/anaconda3/envs/sbi/lib/python3.8/site-packages/distributed/core.py", line 271, in _
    await asyncio.wait_for(self.start(), timeout=timeout)
  File "/home/ntolley/anaconda3/envs/sbi/lib/python3.8/asyncio/tasks.py", line 498, in wait_for
    raise exceptions.TimeoutError()
asyncio.exceptions.TimeoutError

During handling of the above exception, another exception occurred:

Traceback (most recent call last):
  File "/home/ntolley/anaconda3/envs/sbi/lib/python3.8/runpy.py", line 194, in _run_module_as_main
    return _run_code(code, main_globals, None,
  File "/home/ntolley/anaconda3/envs/sbi/lib/python3.8/runpy.py", line 87, in _run_code
    exec(code, run_globals)
  File "/home/ntolley/anaconda3/envs/sbi/lib/python3.8/site-packages/distributed/cli/dask_worker.py", line 469, in <module>
    go()
  File "/home/ntolley/anaconda3/envs/sbi/lib/python3.8/site-packages/distributed/cli/dask_worker.py", line 465, in go
    main()
  File "/home/ntolley/anaconda3/envs/sbi/lib/python3.8/site-packages/click/core.py", line 829, in __call__
    return self.main(*args, **kwargs)
  File "/home/ntolley/anaconda3/envs/sbi/lib/python3.8/site-packages/click/core.py", line 782, in main
    rv = self.invoke(ctx)
  File "/home/ntolley/anaconda3/envs/sbi/lib/python3.8/site-packages/click/core.py", line 1066, in invoke
    return ctx.invoke(self.callback, **ctx.params)
  File "/home/ntolley/anaconda3/envs/sbi/lib/python3.8/site-packages/click/core.py", line 610, in invoke
    return callback(*args, **kwargs)
  File "/home/ntolley/anaconda3/envs/sbi/lib/python3.8/site-packages/distributed/cli/dask_worker.py", line 451, in main
    loop.run_sync(run)
  File "/home/ntolley/anaconda3/envs/sbi/lib/python3.8/site-packages/tornado/ioloop.py", line 530, in run_sync
    return future_cell[0].result()
  File "/home/ntolley/anaconda3/envs/sbi/lib/python3.8/site-packages/distributed/cli/dask_worker.py", line 445, in run
    await asyncio.gather(*nannies)
  File "/home/ntolley/anaconda3/envs/sbi/lib/python3.8/asyncio/tasks.py", line 692, in _wrap_awaitable
    return (yield from awaitable.__await__())
  File "/home/ntolley/anaconda3/envs/sbi/lib/python3.8/site-packages/distributed/core.py", line 275, in _
    raise TimeoutError(
asyncio.exceptions.TimeoutError: Nanny failed to start in 60 seconds
